[debug] [2023-11-20T01:21:40.506Z] ----------------------------------------------------------------------
[debug] [2023-11-20T01:21:40.507Z] Command:       /opt/homebrew/Cellar/node/18.8.0_1/bin/node /opt/homebrew/bin/firebase deploy
[debug] [2023-11-20T01:21:40.507Z] CLI Version:   12.4.7
[debug] [2023-11-20T01:21:40.507Z] Platform:      darwin
[debug] [2023-11-20T01:21:40.508Z] Node Version:  v18.8.0
[debug] [2023-11-20T01:21:40.508Z] Time:          Mon Nov 20 2023 12:21:40 GMT+1100 (Australian Eastern Daylight Time)
[debug] [2023-11-20T01:21:40.508Z] ----------------------------------------------------------------------
[debug] 
[debug] [2023-11-20T01:21:40.543Z] > command requires scopes: ["email","openid","https://www.googleapis.com/auth/cloudplatformprojects.readonly","https://www.googleapis.com/auth/firebase","https://www.googleapis.com/auth/cloud-platform"]
[debug] [2023-11-20T01:21:40.543Z] > authorizing via signed-in user (conwayying@stultusstudios.com)
[debug] [2023-11-20T01:21:40.543Z] [iam] checking project eusaybia-lifemap for permissions ["cloudfunctions.functions.create","cloudfunctions.functions.delete","cloudfunctions.functions.get","cloudfunctions.functions.list","cloudfunctions.functions.update","cloudfunctions.operations.get","firebase.projects.get"]
[debug] [2023-11-20T01:21:40.545Z] >>> [apiv2][query] POST https://cloudresourcemanager.googleapis.com/v1/projects/eusaybia-lifemap:testIamPermissions [none]
[debug] [2023-11-20T01:21:40.545Z] >>> [apiv2][(partial)header] POST https://cloudresourcemanager.googleapis.com/v1/projects/eusaybia-lifemap:testIamPermissions x-goog-quota-user=projects/eusaybia-lifemap
[debug] [2023-11-20T01:21:40.545Z] >>> [apiv2][body] POST https://cloudresourcemanager.googleapis.com/v1/projects/eusaybia-lifemap:testIamPermissions {"permissions":["cloudfunctions.functions.create","cloudfunctions.functions.delete","cloudfunctions.functions.get","cloudfunctions.functions.list","cloudfunctions.functions.update","cloudfunctions.operations.get","firebase.projects.get"]}
[debug] [2023-11-20T01:21:41.083Z] <<< [apiv2][status] POST https://cloudresourcemanager.googleapis.com/v1/projects/eusaybia-lifemap:testIamPermissions 200
[debug] [2023-11-20T01:21:41.083Z] <<< [apiv2][body] POST https://cloudresourcemanager.googleapis.com/v1/projects/eusaybia-lifemap:testIamPermissions {"permissions":["cloudfunctions.functions.create","cloudfunctions.functions.delete","cloudfunctions.functions.get","cloudfunctions.functions.list","cloudfunctions.functions.update","cloudfunctions.operations.get","firebase.projects.get"]}
[debug] [2023-11-20T01:21:41.083Z] >>> [apiv2][query] POST https://iam.googleapis.com/v1/projects/eusaybia-lifemap/serviceAccounts/eusaybia-lifemap@appspot.gserviceaccount.com:testIamPermissions [none]
[debug] [2023-11-20T01:21:41.083Z] >>> [apiv2][body] POST https://iam.googleapis.com/v1/projects/eusaybia-lifemap/serviceAccounts/eusaybia-lifemap@appspot.gserviceaccount.com:testIamPermissions {"permissions":["iam.serviceAccounts.actAs"]}
[debug] [2023-11-20T01:21:41.647Z] <<< [apiv2][status] POST https://iam.googleapis.com/v1/projects/eusaybia-lifemap/serviceAccounts/eusaybia-lifemap@appspot.gserviceaccount.com:testIamPermissions 200
[debug] [2023-11-20T01:21:41.647Z] <<< [apiv2][body] POST https://iam.googleapis.com/v1/projects/eusaybia-lifemap/serviceAccounts/eusaybia-lifemap@appspot.gserviceaccount.com:testIamPermissions {"permissions":["iam.serviceAccounts.actAs"]}
[info] 
[info] === Deploying to 'eusaybia-lifemap'...
[info] 
[info] i  deploying functions 
[info] Running command: npm --prefix "$RESOURCE_DIR" run build
[info] ✔  functions: Finished running predeploy script. 
[debug] [2023-11-20T01:21:42.944Z] >>> [apiv2][query] GET https://firebase.googleapis.com/v1beta1/projects/eusaybia-lifemap [none]
[debug] [2023-11-20T01:21:47.721Z] <<< [apiv2][status] GET https://firebase.googleapis.com/v1beta1/projects/eusaybia-lifemap 200
[debug] [2023-11-20T01:21:47.721Z] <<< [apiv2][body] GET https://firebase.googleapis.com/v1beta1/projects/eusaybia-lifemap {"projectId":"eusaybia-lifemap","projectNumber":"426360776379","displayName":"eusaybia-lifemap","name":"projects/eusaybia-lifemap","resources":{"hostingSite":"eusaybia-lifemap"},"state":"ACTIVE","etag":"1_fee3b217-07a8-453e-b7f5-670ae79d1d85"}
[info] i  functions: preparing codebase default for deployment 
[info] i  functions: ensuring required API cloudfunctions.googleapis.com is enabled... 
[info] i  functions: ensuring required API cloudbuild.googleapis.com is enabled... 
[info] i  artifactregistry: ensuring required API artifactregistry.googleapis.com is enabled... 
[debug] [2023-11-20T01:21:47.724Z] >>> [apiv2][query] GET https://serviceusage.googleapis.com/v1/projects/eusaybia-lifemap/services/cloudfunctions.googleapis.com [none]
[debug] [2023-11-20T01:21:47.724Z] >>> [apiv2][(partial)header] GET https://serviceusage.googleapis.com/v1/projects/eusaybia-lifemap/services/cloudfunctions.googleapis.com x-goog-quota-user=projects/eusaybia-lifemap
[debug] [2023-11-20T01:21:47.725Z] >>> [apiv2][query] GET https://serviceusage.googleapis.com/v1/projects/eusaybia-lifemap/services/runtimeconfig.googleapis.com [none]
[debug] [2023-11-20T01:21:47.725Z] >>> [apiv2][(partial)header] GET https://serviceusage.googleapis.com/v1/projects/eusaybia-lifemap/services/runtimeconfig.googleapis.com x-goog-quota-user=projects/eusaybia-lifemap
[debug] [2023-11-20T01:21:47.726Z] >>> [apiv2][query] GET https://serviceusage.googleapis.com/v1/projects/eusaybia-lifemap/services/cloudbuild.googleapis.com [none]
[debug] [2023-11-20T01:21:47.726Z] >>> [apiv2][(partial)header] GET https://serviceusage.googleapis.com/v1/projects/eusaybia-lifemap/services/cloudbuild.googleapis.com x-goog-quota-user=projects/eusaybia-lifemap
[debug] [2023-11-20T01:21:47.727Z] >>> [apiv2][query] GET https://serviceusage.googleapis.com/v1/projects/eusaybia-lifemap/services/artifactregistry.googleapis.com [none]
[debug] [2023-11-20T01:21:47.727Z] >>> [apiv2][(partial)header] GET https://serviceusage.googleapis.com/v1/projects/eusaybia-lifemap/services/artifactregistry.googleapis.com x-goog-quota-user=projects/eusaybia-lifemap
[debug] [2023-11-20T01:21:50.204Z] <<< [apiv2][status] GET https://serviceusage.googleapis.com/v1/projects/eusaybia-lifemap/services/runtimeconfig.googleapis.com 200
[debug] [2023-11-20T01:21:50.204Z] <<< [apiv2][body] GET https://serviceusage.googleapis.com/v1/projects/eusaybia-lifemap/services/runtimeconfig.googleapis.com [omitted]
[debug] [2023-11-20T01:21:50.205Z] <<< [apiv2][status] GET https://serviceusage.googleapis.com/v1/projects/eusaybia-lifemap/services/artifactregistry.googleapis.com 200
[debug] [2023-11-20T01:21:50.205Z] <<< [apiv2][body] GET https://serviceusage.googleapis.com/v1/projects/eusaybia-lifemap/services/artifactregistry.googleapis.com [omitted]
[info] ✔  artifactregistry: required API artifactregistry.googleapis.com is enabled 
[debug] [2023-11-20T01:21:50.206Z] <<< [apiv2][status] GET https://serviceusage.googleapis.com/v1/projects/eusaybia-lifemap/services/cloudbuild.googleapis.com 200
[debug] [2023-11-20T01:21:50.207Z] <<< [apiv2][body] GET https://serviceusage.googleapis.com/v1/projects/eusaybia-lifemap/services/cloudbuild.googleapis.com [omitted]
[info] ✔  functions: required API cloudbuild.googleapis.com is enabled 
[debug] [2023-11-20T01:21:50.207Z] <<< [apiv2][status] GET https://serviceusage.googleapis.com/v1/projects/eusaybia-lifemap/services/cloudfunctions.googleapis.com 200
[debug] [2023-11-20T01:21:50.208Z] <<< [apiv2][body] GET https://serviceusage.googleapis.com/v1/projects/eusaybia-lifemap/services/cloudfunctions.googleapis.com [omitted]
[info] ✔  functions: required API cloudfunctions.googleapis.com is enabled 
[debug] [2023-11-20T01:21:50.208Z] >>> [apiv2][query] GET https://firebase.googleapis.com/v1beta1/projects/eusaybia-lifemap/adminSdkConfig [none]
[debug] [2023-11-20T01:22:01.987Z] <<< [apiv2][status] GET https://firebase.googleapis.com/v1beta1/projects/eusaybia-lifemap/adminSdkConfig 200
[debug] [2023-11-20T01:22:01.987Z] <<< [apiv2][body] GET https://firebase.googleapis.com/v1beta1/projects/eusaybia-lifemap/adminSdkConfig {"projectId":"eusaybia-lifemap","storageBucket":"eusaybia-lifemap.appspot.com"}
[debug] [2023-11-20T01:22:01.987Z] >>> [apiv2][query] GET https://runtimeconfig.googleapis.com/v1beta1/projects/eusaybia-lifemap/configs [none]
[debug] [2023-11-20T01:22:02.621Z] <<< [apiv2][status] GET https://runtimeconfig.googleapis.com/v1beta1/projects/eusaybia-lifemap/configs 200
[debug] [2023-11-20T01:22:02.622Z] <<< [apiv2][body] GET https://runtimeconfig.googleapis.com/v1beta1/projects/eusaybia-lifemap/configs {}
[debug] [2023-11-20T01:22:02.624Z] Validating nodejs source
[debug] [2023-11-20T01:22:02.929Z] > [functions] package.json contents: {
  "name": "functions",
  "scripts": {
    "build": "tsc --skipLibCheck",
    "build:watch": "tsc --watch --skipLibCheck",
    "serve": "npm run build && firebase emulators:start --only functions",
    "shell": "npm run build && firebase functions:shell",
    "start": "npm run shell",
    "deploy": "firebase deploy --only functions",
    "logs": "firebase functions:log"
  },
  "engines": {
    "node": "18"
  },
  "main": "lib/index.js",
  "dependencies": {
    "firebase-admin": "^11.8.0",
    "firebase-functions": "^4.5.0",
    "jsonwebtoken": "^9.0.1"
  },
  "devDependencies": {
    "@types/jsonwebtoken": "^9.0.2",
    "firebase-functions-test": "^3.1.0",
    "typescript": "^4.9.0"
  },
  "private": true
}
[debug] [2023-11-20T01:22:02.929Z] Building nodejs source
[info] i  functions: Loading and analyzing source code for codebase default to determine what to deploy 
[debug] [2023-11-20T01:22:02.930Z] Could not find functions.yaml. Must use http discovery
[debug] [2023-11-20T01:22:02.934Z] Found firebase-functions binary at '/Users/kongweiying/Documents/GitHub/Eusaybia/lifemap/functions/node_modules/.bin/firebase-functions'
[info] Serving at port 8011

[debug] [2023-11-20T01:22:03.396Z] Got response from /__/functions.yaml {"endpoints":{"generateAuthenticationToken":{"platform":"gcfv1","labels":{},"availableMemoryMb":null,"timeoutSeconds":null,"minInstances":null,"maxInstances":null,"ingressSettings":null,"serviceAccountEmail":null,"vpc":null,"callableTrigger":{},"entryPoint":"generateAuthenticationToken"},"helloWorld":{"availableMemoryMb":null,"timeoutSeconds":null,"minInstances":null,"maxInstances":null,"ingressSettings":null,"concurrency":null,"serviceAccountEmail":null,"vpc":null,"platform":"gcfv2","labels":{},"httpsTrigger":{},"entryPoint":"helloWorld"}},"specVersion":"v1alpha1","requiredAPIs":[]}
[info] i  functions: preparing functions directory for uploading... 
[info] i  functions: packaged /Users/kongweiying/Documents/GitHub/Eusaybia/lifemap/functions (42.55 KB) for uploading 
[info] i  functions: packaged /Users/kongweiying/Documents/GitHub/Eusaybia/lifemap/functions (42.76 KB) for uploading 
[debug] [2023-11-20T01:22:03.436Z] >>> [apiv2][query] GET https://cloudfunctions.googleapis.com/v1/projects/eusaybia-lifemap/locations/-/functions [none]
[debug] [2023-11-20T01:22:04.225Z] <<< [apiv2][status] GET https://cloudfunctions.googleapis.com/v1/projects/eusaybia-lifemap/locations/-/functions 200
[debug] [2023-11-20T01:22:04.225Z] <<< [apiv2][body] GET https://cloudfunctions.googleapis.com/v1/projects/eusaybia-lifemap/locations/-/functions {"functions":[{"name":"projects/eusaybia-lifemap/locations/us-central1/functions/generateAuthenticationToken","httpsTrigger":{"url":"https://us-central1-eusaybia-lifemap.cloudfunctions.net/generateAuthenticationToken","securityLevel":"SECURE_ALWAYS"},"status":"ACTIVE","entryPoint":"generateAuthenticationToken","timeout":"60s","availableMemoryMb":256,"serviceAccountEmail":"eusaybia-lifemap@appspot.gserviceaccount.com","updateTime":"2023-11-20T01:19:35.392Z","versionId":"1","labels":{"deployment-tool":"cli-firebase","deployment-callable":"true","firebase-functions-hash":"4da74f258d0d8acbb1fd1bc69891875a0732b5ea"},"sourceUploadUrl":"https://storage.googleapis.com/uploads-692861408016.us-central1.cloudfunctions.appspot.com/90533dce-541e-4f8f-bbe1-95799d58278c.zip","environmentVariables":{"FIREBASE_CONFIG":"{\"projectId\":\"eusaybia-lifemap\",\"storageBucket\":\"eusaybia-lifemap.appspot.com\"}","GCLOUD_PROJECT":"eusaybia-lifemap","EVENTARC_CLOUD_EVENT_SOURCE":"projects/eusaybia-lifemap/locations/us-central1/functions/generateAuthenticationToken"},"runtime":"nodejs18","ingressSettings":"ALLOW_ALL","buildId":"6b076935-f8c7-4d94-934e-4c348885bb5c","buildEnvironmentVariables":{"GOOGLE_NODE_RUN_SCRIPTS":""},"buildName":"projects/426360776379/locations/us-central1/builds/6b076935-f8c7-4d94-934e-4c348885bb5c","dockerRegistry":"ARTIFACT_REGISTRY"}]}
[debug] [2023-11-20T01:22:04.228Z] >>> [apiv2][query] GET https://cloudfunctions.googleapis.com/v2/projects/eusaybia-lifemap/locations/-/functions filter=environment%3D%22GEN_2%22
[debug] [2023-11-20T01:22:06.272Z] <<< [apiv2][status] GET https://cloudfunctions.googleapis.com/v2/projects/eusaybia-lifemap/locations/-/functions 200
[debug] [2023-11-20T01:22:06.272Z] <<< [apiv2][body] GET https://cloudfunctions.googleapis.com/v2/projects/eusaybia-lifemap/locations/-/functions {}
[info] i  functions: ensuring required API run.googleapis.com is enabled... 
[info] i  functions: ensuring required API eventarc.googleapis.com is enabled... 
[info] i  functions: ensuring required API pubsub.googleapis.com is enabled... 
[info] i  functions: ensuring required API storage.googleapis.com is enabled... 
[debug] [2023-11-20T01:22:06.276Z] >>> [apiv2][query] GET https://serviceusage.googleapis.com/v1/projects/eusaybia-lifemap/services/run.googleapis.com [none]
[debug] [2023-11-20T01:22:06.276Z] >>> [apiv2][(partial)header] GET https://serviceusage.googleapis.com/v1/projects/eusaybia-lifemap/services/run.googleapis.com x-goog-quota-user=projects/eusaybia-lifemap
[debug] [2023-11-20T01:22:06.278Z] >>> [apiv2][query] GET https://serviceusage.googleapis.com/v1/projects/eusaybia-lifemap/services/eventarc.googleapis.com [none]
[debug] [2023-11-20T01:22:06.278Z] >>> [apiv2][(partial)header] GET https://serviceusage.googleapis.com/v1/projects/eusaybia-lifemap/services/eventarc.googleapis.com x-goog-quota-user=projects/eusaybia-lifemap
[debug] [2023-11-20T01:22:06.278Z] >>> [apiv2][query] GET https://serviceusage.googleapis.com/v1/projects/eusaybia-lifemap/services/pubsub.googleapis.com [none]
[debug] [2023-11-20T01:22:06.279Z] >>> [apiv2][(partial)header] GET https://serviceusage.googleapis.com/v1/projects/eusaybia-lifemap/services/pubsub.googleapis.com x-goog-quota-user=projects/eusaybia-lifemap
[debug] [2023-11-20T01:22:06.279Z] >>> [apiv2][query] GET https://serviceusage.googleapis.com/v1/projects/eusaybia-lifemap/services/storage.googleapis.com [none]
[debug] [2023-11-20T01:22:06.279Z] >>> [apiv2][(partial)header] GET https://serviceusage.googleapis.com/v1/projects/eusaybia-lifemap/services/storage.googleapis.com x-goog-quota-user=projects/eusaybia-lifemap
[debug] [2023-11-20T01:22:06.814Z] <<< [apiv2][status] GET https://serviceusage.googleapis.com/v1/projects/eusaybia-lifemap/services/storage.googleapis.com 200
[debug] [2023-11-20T01:22:06.814Z] <<< [apiv2][body] GET https://serviceusage.googleapis.com/v1/projects/eusaybia-lifemap/services/storage.googleapis.com [omitted]
[info] ✔  functions: required API storage.googleapis.com is enabled 
[debug] [2023-11-20T01:22:07.636Z] <<< [apiv2][status] GET https://serviceusage.googleapis.com/v1/projects/eusaybia-lifemap/services/eventarc.googleapis.com 200
[debug] [2023-11-20T01:22:07.637Z] <<< [apiv2][body] GET https://serviceusage.googleapis.com/v1/projects/eusaybia-lifemap/services/eventarc.googleapis.com [omitted]
[info] ✔  functions: required API eventarc.googleapis.com is enabled 
[debug] [2023-11-20T01:22:07.675Z] <<< [apiv2][status] GET https://serviceusage.googleapis.com/v1/projects/eusaybia-lifemap/services/pubsub.googleapis.com 200
[debug] [2023-11-20T01:22:07.675Z] <<< [apiv2][body] GET https://serviceusage.googleapis.com/v1/projects/eusaybia-lifemap/services/pubsub.googleapis.com [omitted]
[info] ✔  functions: required API pubsub.googleapis.com is enabled 
[debug] [2023-11-20T01:22:07.676Z] <<< [apiv2][status] GET https://serviceusage.googleapis.com/v1/projects/eusaybia-lifemap/services/run.googleapis.com 200
[debug] [2023-11-20T01:22:07.676Z] <<< [apiv2][body] GET https://serviceusage.googleapis.com/v1/projects/eusaybia-lifemap/services/run.googleapis.com [omitted]
[info] ✔  functions: required API run.googleapis.com is enabled 
[info] i  functions: generating the service identity for pubsub.googleapis.com... 
[info] i  functions: generating the service identity for eventarc.googleapis.com... 
[debug] [2023-11-20T01:22:07.677Z] >>> [apiv2][query] POST https://serviceusage.googleapis.com/v1beta1/projects/426360776379/services/pubsub.googleapis.com:generateServiceIdentity [none]
[debug] [2023-11-20T01:22:07.678Z] >>> [apiv2][query] POST https://serviceusage.googleapis.com/v1beta1/projects/426360776379/services/eventarc.googleapis.com:generateServiceIdentity [none]
[debug] [2023-11-20T01:22:08.263Z] <<< [apiv2][status] POST https://serviceusage.googleapis.com/v1beta1/projects/426360776379/services/eventarc.googleapis.com:generateServiceIdentity 200
[debug] [2023-11-20T01:22:08.263Z] <<< [apiv2][body] POST https://serviceusage.googleapis.com/v1beta1/projects/426360776379/services/eventarc.googleapis.com:generateServiceIdentity {"name":"operations/finished.DONE_OPERATION","done":true,"response":{"@type":"type.googleapis.com/google.api.serviceusage.v1beta1.ServiceIdentity","email":"service-426360776379@gcp-sa-eventarc.iam.gserviceaccount.com","uniqueId":"103029559022915005051"}}
[debug] [2023-11-20T01:22:09.084Z] <<< [apiv2][status] POST https://serviceusage.googleapis.com/v1beta1/projects/426360776379/services/pubsub.googleapis.com:generateServiceIdentity 200
[debug] [2023-11-20T01:22:09.084Z] <<< [apiv2][body] POST https://serviceusage.googleapis.com/v1beta1/projects/426360776379/services/pubsub.googleapis.com:generateServiceIdentity {"name":"operations/finished.DONE_OPERATION","done":true,"response":{"@type":"type.googleapis.com/google.api.serviceusage.v1beta1.ServiceIdentity","email":"service-426360776379@gcp-sa-pubsub.iam.gserviceaccount.com","uniqueId":"109794090473223172731"}}
[debug] [2023-11-20T01:22:09.085Z] >>> [apiv2][query] GET https://firebase.googleapis.com/v1beta1/projects/eusaybia-lifemap [none]
[debug] [2023-11-20T01:22:09.957Z] <<< [apiv2][status] GET https://firebase.googleapis.com/v1beta1/projects/eusaybia-lifemap 200
[debug] [2023-11-20T01:22:09.957Z] <<< [apiv2][body] GET https://firebase.googleapis.com/v1beta1/projects/eusaybia-lifemap {"projectId":"eusaybia-lifemap","projectNumber":"426360776379","displayName":"eusaybia-lifemap","name":"projects/eusaybia-lifemap","resources":{"hostingSite":"eusaybia-lifemap"},"state":"ACTIVE","etag":"1_fee3b217-07a8-453e-b7f5-670ae79d1d85"}
[debug] [2023-11-20T01:22:09.959Z] [functions] found 1 new HTTP functions, testing setIamPolicy permission...
[debug] [2023-11-20T01:22:09.959Z] >>> [apiv2][query] POST https://cloudresourcemanager.googleapis.com/v1/projects/eusaybia-lifemap:testIamPermissions [none]
[debug] [2023-11-20T01:22:09.959Z] >>> [apiv2][(partial)header] POST https://cloudresourcemanager.googleapis.com/v1/projects/eusaybia-lifemap:testIamPermissions x-goog-quota-user=projects/eusaybia-lifemap
[debug] [2023-11-20T01:22:09.959Z] >>> [apiv2][body] POST https://cloudresourcemanager.googleapis.com/v1/projects/eusaybia-lifemap:testIamPermissions {"permissions":["cloudfunctions.functions.setIamPolicy"]}
[debug] [2023-11-20T01:22:10.300Z] <<< [apiv2][status] POST https://cloudresourcemanager.googleapis.com/v1/projects/eusaybia-lifemap:testIamPermissions 200
[debug] [2023-11-20T01:22:10.300Z] <<< [apiv2][body] POST https://cloudresourcemanager.googleapis.com/v1/projects/eusaybia-lifemap:testIamPermissions {"permissions":["cloudfunctions.functions.setIamPolicy"]}
[debug] [2023-11-20T01:22:10.300Z] [functions] found setIamPolicy permission, proceeding with deploy
[debug] [2023-11-20T01:22:10.301Z] >>> [apiv2][query] POST https://cloudfunctions.googleapis.com/v1/projects/eusaybia-lifemap/locations/us-central1/functions:generateUploadUrl [none]
[debug] [2023-11-20T01:22:10.301Z] >>> [apiv2][body] POST https://cloudfunctions.googleapis.com/v1/projects/eusaybia-lifemap/locations/us-central1/functions:generateUploadUrl {}
[debug] [2023-11-20T01:22:10.302Z] >>> [apiv2][query] POST https://cloudfunctions.googleapis.com/v2/projects/eusaybia-lifemap/locations/us-central1/functions:generateUploadUrl [none]
[debug] [2023-11-20T01:22:11.185Z] <<< [apiv2][status] POST https://cloudfunctions.googleapis.com/v1/projects/eusaybia-lifemap/locations/us-central1/functions:generateUploadUrl 200
[debug] [2023-11-20T01:22:11.185Z] <<< [apiv2][body] POST https://cloudfunctions.googleapis.com/v1/projects/eusaybia-lifemap/locations/us-central1/functions:generateUploadUrl {"uploadUrl":"https://storage.googleapis.com/uploads-692861408016.us-central1.cloudfunctions.appspot.com/3becdfa1-3193-48c4-b90d-05ae4d29ab03.zip?GoogleAccessId=service-426360776379@gcf-admin-robot.iam.gserviceaccount.com&Expires=1700445130&Signature=U5hhde19FSAs8S3ar4u7JP41zzUwqeyY4YnJmm%2BGeywsi0LvTNfSiYA4XwklymvR%2BcAEhYf%2FJIYc9uLkSNUf8SrV%2Fd2bOdPlRzSCinNb0TYsgR%2FDzWtthBSJlSc%2Bz0jtbds7ys1l%2BI8%2BbqqusFrs%2FaBRqIo2%2B%2FTFEMBGt0fTsVasjhEDrPz%2FL9DcsF3yKluURGNmrfRBb55PD9v7C4A%2BUp8VwdlVZHuYSXPGwJkf7qjfm089X8vLcrY9HcAcJyCDCcoaHWmg1BayXkcJAAOvKqSqjSXAqlYuiHdFYQZe4otg3aCZSzp%2BO1Ha23yWwRAWo%2F1YGKUPTdzMcDh%2BJtu%2Fow%3D%3D"}
[debug] [2023-11-20T01:22:11.187Z] >>> [apiv2][query] PUT https://storage.googleapis.com/uploads-692861408016.us-central1.cloudfunctions.appspot.com/3becdfa1-3193-48c4-b90d-05ae4d29ab03.zip GoogleAccessId=service-426360776379%40gcf-admin-robot.iam.gserviceaccount.com&Expires=1700445130&Signature=U5hhde19FSAs8S3ar4u7JP41zzUwqeyY4YnJmm%2BGeywsi0LvTNfSiYA4XwklymvR%2BcAEhYf%2FJIYc9uLkSNUf8SrV%2Fd2bOdPlRzSCinNb0TYsgR%2FDzWtthBSJlSc%2Bz0jtbds7ys1l%2BI8%2BbqqusFrs%2FaBRqIo2%2B%2FTFEMBGt0fTsVasjhEDrPz%2FL9DcsF3yKluURGNmrfRBb55PD9v7C4A%2BUp8VwdlVZHuYSXPGwJkf7qjfm089X8vLcrY9HcAcJyCDCcoaHWmg1BayXkcJAAOvKqSqjSXAqlYuiHdFYQZe4otg3aCZSzp%2BO1Ha23yWwRAWo%2F1YGKUPTdzMcDh%2BJtu%2Fow%3D%3D
[debug] [2023-11-20T01:22:11.187Z] >>> [apiv2][body] PUT https://storage.googleapis.com/uploads-692861408016.us-central1.cloudfunctions.appspot.com/3becdfa1-3193-48c4-b90d-05ae4d29ab03.zip [stream]
[debug] [2023-11-20T01:22:11.909Z] <<< [apiv2][status] PUT https://storage.googleapis.com/uploads-692861408016.us-central1.cloudfunctions.appspot.com/3becdfa1-3193-48c4-b90d-05ae4d29ab03.zip 200
[debug] [2023-11-20T01:22:11.909Z] <<< [apiv2][body] PUT https://storage.googleapis.com/uploads-692861408016.us-central1.cloudfunctions.appspot.com/3becdfa1-3193-48c4-b90d-05ae4d29ab03.zip [omitted]
[debug] [2023-11-20T01:22:12.103Z] <<< [apiv2][status] POST https://cloudfunctions.googleapis.com/v2/projects/eusaybia-lifemap/locations/us-central1/functions:generateUploadUrl 200
[debug] [2023-11-20T01:22:12.103Z] <<< [apiv2][body] POST https://cloudfunctions.googleapis.com/v2/projects/eusaybia-lifemap/locations/us-central1/functions:generateUploadUrl {"uploadUrl":"https://storage.googleapis.com/gcf-v2-uploads-426360776379-us-central1/bd8581c1-e1f1-4eb3-be52-8f98ca63edc9.zip?GoogleAccessId=service-426360776379@gcf-admin-robot.iam.gserviceaccount.com&Expires=1700445131&Signature=k2mW8Rbnopvu8bN93b0cqyhge2tMSnLyThX1S0%2BoYopSPFKI3txa1kbyQ5AXGyDtt2o4yje7r3pcFP0FQwimW3mjOhQziLiEFh82yOVd5jkpdlp1lQ%2FWF6jzjSuVYPvHe7ReJqMeXkio4kq%2FN3lm%2FwobB%2Fki1ubdmGJttFtlIZTc69Wy2%2F8LDr44yngQuQHLHPk8m3O4mB8WUNd4db0wHOn5MTxiu0OVjfmzRbtQVsL8qMuyehH%2Fp025Er4892wkFr4MD4XkO1c6G633BNuYsRvuZWopugVs6fW8vpmiHr3MqGsRpoR0RUTsn%2FZu2mBE51u%2FgcxpDEzJMTmnHXLLyw%3D%3D","storageSource":{"bucket":"gcf-v2-uploads-426360776379-us-central1","object":"bd8581c1-e1f1-4eb3-be52-8f98ca63edc9.zip"}}
[debug] [2023-11-20T01:22:12.104Z] >>> [apiv2][query] PUT https://storage.googleapis.com/gcf-v2-uploads-426360776379-us-central1/bd8581c1-e1f1-4eb3-be52-8f98ca63edc9.zip GoogleAccessId=service-426360776379%40gcf-admin-robot.iam.gserviceaccount.com&Expires=1700445131&Signature=k2mW8Rbnopvu8bN93b0cqyhge2tMSnLyThX1S0%2BoYopSPFKI3txa1kbyQ5AXGyDtt2o4yje7r3pcFP0FQwimW3mjOhQziLiEFh82yOVd5jkpdlp1lQ%2FWF6jzjSuVYPvHe7ReJqMeXkio4kq%2FN3lm%2FwobB%2Fki1ubdmGJttFtlIZTc69Wy2%2F8LDr44yngQuQHLHPk8m3O4mB8WUNd4db0wHOn5MTxiu0OVjfmzRbtQVsL8qMuyehH%2Fp025Er4892wkFr4MD4XkO1c6G633BNuYsRvuZWopugVs6fW8vpmiHr3MqGsRpoR0RUTsn%2FZu2mBE51u%2FgcxpDEzJMTmnHXLLyw%3D%3D
[debug] [2023-11-20T01:22:12.104Z] >>> [apiv2][body] PUT https://storage.googleapis.com/gcf-v2-uploads-426360776379-us-central1/bd8581c1-e1f1-4eb3-be52-8f98ca63edc9.zip [stream]
[debug] [2023-11-20T01:22:18.967Z] <<< [apiv2][status] PUT https://storage.googleapis.com/gcf-v2-uploads-426360776379-us-central1/bd8581c1-e1f1-4eb3-be52-8f98ca63edc9.zip 200
[debug] [2023-11-20T01:22:18.967Z] <<< [apiv2][body] PUT https://storage.googleapis.com/gcf-v2-uploads-426360776379-us-central1/bd8581c1-e1f1-4eb3-be52-8f98ca63edc9.zip [omitted]
[info] ✔  functions: functions folder uploaded successfully 
[info] i  functions: creating Node.js 18 (2nd Gen) function helloWorld(us-central1)... 
[info] i  functions: updating Node.js 18 (1st Gen) function generateAuthenticationToken(us-central1)... 
[debug] [2023-11-20T01:22:18.976Z] >>> [apiv2][query] POST https://cloudfunctions.googleapis.com/v2/projects/eusaybia-lifemap/locations/us-central1/functions functionId=helloWorld
[debug] [2023-11-20T01:22:18.976Z] >>> [apiv2][body] POST https://cloudfunctions.googleapis.com/v2/projects/eusaybia-lifemap/locations/us-central1/functions {"name":"projects/eusaybia-lifemap/locations/us-central1/functions/helloWorld","buildConfig":{"runtime":"nodejs18","entryPoint":"helloWorld","source":{"storageSource":{"bucket":"gcf-v2-uploads-426360776379-us-central1","object":"bd8581c1-e1f1-4eb3-be52-8f98ca63edc9.zip"}},"environmentVariables":{"GOOGLE_NODE_RUN_SCRIPTS":""}},"serviceConfig":{"environmentVariables":{"FIREBASE_CONFIG":"{\"projectId\":\"eusaybia-lifemap\",\"storageBucket\":\"eusaybia-lifemap.appspot.com\"}","GCLOUD_PROJECT":"eusaybia-lifemap","EVENTARC_CLOUD_EVENT_SOURCE":"projects/eusaybia-lifemap/locations/us-central1/services/helloWorld"},"ingressSettings":null,"timeoutSeconds":null,"serviceAccountEmail":null,"availableMemory":"256Mi","minInstanceCount":null,"maxInstanceCount":null,"maxInstanceRequestConcurrency":80,"availableCpu":"1","vpcConnector":null,"vpcConnectorEgressSettings":null},"labels":{"deployment-tool":"cli-firebase","firebase-functions-hash":"9a31485a8779c5e956ba7dca3cccb953acd6b2f1"}}
[debug] [2023-11-20T01:22:18.977Z] >>> [apiv2][query] PATCH https://cloudfunctions.googleapis.com/v1/projects/eusaybia-lifemap/locations/us-central1/functions/generateAuthenticationToken updateMask=name%2CsourceUploadUrl%2CentryPoint%2Cruntime%2CdockerRegistry%2Clabels%2ChttpsTrigger.securityLevel%2CminInstances%2CmaxInstances%2CingressSettings%2CenvironmentVariables%2CserviceAccountEmail%2CavailableMemoryMb%2Ctimeout%2CvpcConnector%2CvpcConnectorEgressSettings%2CsourceToken%2CbuildEnvironmentVariables
[debug] [2023-11-20T01:22:18.978Z] >>> [apiv2][body] PATCH https://cloudfunctions.googleapis.com/v1/projects/eusaybia-lifemap/locations/us-central1/functions/generateAuthenticationToken {"name":"projects/eusaybia-lifemap/locations/us-central1/functions/generateAuthenticationToken","sourceUploadUrl":"https://storage.googleapis.com/uploads-692861408016.us-central1.cloudfunctions.appspot.com/3becdfa1-3193-48c4-b90d-05ae4d29ab03.zip?GoogleAccessId=service-426360776379@gcf-admin-robot.iam.gserviceaccount.com&Expires=1700445130&Signature=U5hhde19FSAs8S3ar4u7JP41zzUwqeyY4YnJmm%2BGeywsi0LvTNfSiYA4XwklymvR%2BcAEhYf%2FJIYc9uLkSNUf8SrV%2Fd2bOdPlRzSCinNb0TYsgR%2FDzWtthBSJlSc%2Bz0jtbds7ys1l%2BI8%2BbqqusFrs%2FaBRqIo2%2B%2FTFEMBGt0fTsVasjhEDrPz%2FL9DcsF3yKluURGNmrfRBb55PD9v7C4A%2BUp8VwdlVZHuYSXPGwJkf7qjfm089X8vLcrY9HcAcJyCDCcoaHWmg1BayXkcJAAOvKqSqjSXAqlYuiHdFYQZe4otg3aCZSzp%2BO1Ha23yWwRAWo%2F1YGKUPTdzMcDh%2BJtu%2Fow%3D%3D","entryPoint":"generateAuthenticationToken","runtime":"nodejs18","dockerRegistry":"ARTIFACT_REGISTRY","labels":{"deployment-tool":"cli-firebase","deployment-callable":"true","firebase-functions-hash":"742a1859cf766a2543117687700cdab4d78804dd"},"httpsTrigger":{"securityLevel":"SECURE_ALWAYS"},"minInstances":null,"maxInstances":null,"ingressSettings":null,"environmentVariables":{"FIREBASE_CONFIG":"{\"projectId\":\"eusaybia-lifemap\",\"storageBucket\":\"eusaybia-lifemap.appspot.com\"}","GCLOUD_PROJECT":"eusaybia-lifemap","EVENTARC_CLOUD_EVENT_SOURCE":"projects/eusaybia-lifemap/locations/us-central1/functions/generateAuthenticationToken"},"serviceAccountEmail":null,"availableMemoryMb":null,"timeout":null,"vpcConnector":null,"vpcConnectorEgressSettings":null,"buildEnvironmentVariables":{"GOOGLE_NODE_RUN_SCRIPTS":""}}
[debug] [2023-11-20T01:22:19.858Z] <<< [apiv2][status] PATCH https://cloudfunctions.googleapis.com/v1/projects/eusaybia-lifemap/locations/us-central1/functions/generateAuthenticationToken 200
[debug] [2023-11-20T01:22:19.858Z] <<< [apiv2][body] PATCH https://cloudfunctions.googleapis.com/v1/projects/eusaybia-lifemap/locations/us-central1/functions/generateAuthenticationToken {"name":"operations/ZXVzYXliaWEtbGlmZW1hcC91cy1jZW50cmFsMS9nZW5lcmF0ZUF1dGhlbnRpY2F0aW9uVG9rZW4vSHJ0RkRLUldueGs","metadata":{"@type":"type.googleapis.com/google.cloud.functions.v1.OperationMetadataV1","target":"projects/eusaybia-lifemap/locations/us-central1/functions/generateAuthenticationToken","type":"UPDATE_FUNCTION","request":{"@type":"type.googleapis.com/google.cloud.functions.v1.CloudFunction","name":"projects/eusaybia-lifemap/locations/us-central1/functions/generateAuthenticationToken","httpsTrigger":{"url":"https://us-central1-eusaybia-lifemap.cloudfunctions.net/generateAuthenticationToken","securityLevel":"SECURE_ALWAYS"},"status":"ACTIVE","entryPoint":"generateAuthenticationToken","updateTime":"2023-11-20T01:19:35.392Z","versionId":"1","labels":{"deployment-tool":"cli-firebase","deployment-callable":"true","firebase-functions-hash":"742a1859cf766a2543117687700cdab4d78804dd"},"sourceUploadUrl":"https://storage.googleapis.com/uploads-692861408016.us-central1.cloudfunctions.appspot.com/3becdfa1-3193-48c4-b90d-05ae4d29ab03.zip?GoogleAccessId=service-426360776379@gcf-admin-robot.iam.gserviceaccount.com&Expires=1700445130&Signature=U5hhde19FSAs8S3ar4u7JP41zzUwqeyY4YnJmm%2BGeywsi0LvTNfSiYA4XwklymvR%2BcAEhYf%2FJIYc9uLkSNUf8SrV%2Fd2bOdPlRzSCinNb0TYsgR%2FDzWtthBSJlSc%2Bz0jtbds7ys1l%2BI8%2BbqqusFrs%2FaBRqIo2%2B%2FTFEMBGt0fTsVasjhEDrPz%2FL9DcsF3yKluURGNmrfRBb55PD9v7C4A%2BUp8VwdlVZHuYSXPGwJkf7qjfm089X8vLcrY9HcAcJyCDCcoaHWmg1BayXkcJAAOvKqSqjSXAqlYuiHdFYQZe4otg3aCZSzp%2BO1Ha23yWwRAWo%2F1YGKUPTdzMcDh%2BJtu%2Fow%3D%3D","environmentVariables":{"FIREBASE_CONFIG":"{\"projectId\":\"eusaybia-lifemap\",\"storageBucket\":\"eusaybia-lifemap.appspot.com\"}","GCLOUD_PROJECT":"eusaybia-lifemap","EVENTARC_CLOUD_EVENT_SOURCE":"projects/eusaybia-lifemap/locations/us-central1/functions/generateAuthenticationToken"},"runtime":"nodejs18","buildId":"6b076935-f8c7-4d94-934e-4c348885bb5c","buildEnvironmentVariables":{"GOOGLE_NODE_RUN_SCRIPTS":""},"buildName":"projects/426360776379/locations/us-central1/builds/6b076935-f8c7-4d94-934e-4c348885bb5c","dockerRegistry":"ARTIFACT_REGISTRY"},"versionId":"2","updateTime":"2023-11-20T01:22:19Z"}}
[debug] [2023-11-20T01:22:19.859Z] >>> [apiv2][query] GET https://cloudfunctions.googleapis.com/v1/operations/ZXVzYXliaWEtbGlmZW1hcC91cy1jZW50cmFsMS9nZW5lcmF0ZUF1dGhlbnRpY2F0aW9uVG9rZW4vSHJ0RkRLUldueGs [none]
[debug] [2023-11-20T01:22:20.471Z] <<< [apiv2][status] GET https://cloudfunctions.googleapis.com/v1/operations/ZXVzYXliaWEtbGlmZW1hcC91cy1jZW50cmFsMS9nZW5lcmF0ZUF1dGhlbnRpY2F0aW9uVG9rZW4vSHJ0RkRLUldueGs 200
[debug] [2023-11-20T01:22:20.471Z] <<< [apiv2][body] GET https://cloudfunctions.googleapis.com/v1/operations/ZXVzYXliaWEtbGlmZW1hcC91cy1jZW50cmFsMS9nZW5lcmF0ZUF1dGhlbnRpY2F0aW9uVG9rZW4vSHJ0RkRLUldueGs {"name":"operations/ZXVzYXliaWEtbGlmZW1hcC91cy1jZW50cmFsMS9nZW5lcmF0ZUF1dGhlbnRpY2F0aW9uVG9rZW4vSHJ0RkRLUldueGs","metadata":{"@type":"type.googleapis.com/google.cloud.functions.v1.OperationMetadataV1","target":"projects/eusaybia-lifemap/locations/us-central1/functions/generateAuthenticationToken","type":"UPDATE_FUNCTION","request":{"@type":"type.googleapis.com/google.cloud.functions.v1.CloudFunction","name":"projects/eusaybia-lifemap/locations/us-central1/functions/generateAuthenticationToken","httpsTrigger":{"url":"https://us-central1-eusaybia-lifemap.cloudfunctions.net/generateAuthenticationToken","securityLevel":"SECURE_ALWAYS"},"status":"ACTIVE","entryPoint":"generateAuthenticationToken","updateTime":"2023-11-20T01:19:35.392Z","versionId":"1","labels":{"deployment-tool":"cli-firebase","deployment-callable":"true","firebase-functions-hash":"742a1859cf766a2543117687700cdab4d78804dd"},"sourceUploadUrl":"https://storage.googleapis.com/uploads-692861408016.us-central1.cloudfunctions.appspot.com/3becdfa1-3193-48c4-b90d-05ae4d29ab03.zip?GoogleAccessId=service-426360776379@gcf-admin-robot.iam.gserviceaccount.com&Expires=1700445130&Signature=U5hhde19FSAs8S3ar4u7JP41zzUwqeyY4YnJmm%2BGeywsi0LvTNfSiYA4XwklymvR%2BcAEhYf%2FJIYc9uLkSNUf8SrV%2Fd2bOdPlRzSCinNb0TYsgR%2FDzWtthBSJlSc%2Bz0jtbds7ys1l%2BI8%2BbqqusFrs%2FaBRqIo2%2B%2FTFEMBGt0fTsVasjhEDrPz%2FL9DcsF3yKluURGNmrfRBb55PD9v7C4A%2BUp8VwdlVZHuYSXPGwJkf7qjfm089X8vLcrY9HcAcJyCDCcoaHWmg1BayXkcJAAOvKqSqjSXAqlYuiHdFYQZe4otg3aCZSzp%2BO1Ha23yWwRAWo%2F1YGKUPTdzMcDh%2BJtu%2Fow%3D%3D","environmentVariables":{"FIREBASE_CONFIG":"{\"projectId\":\"eusaybia-lifemap\",\"storageBucket\":\"eusaybia-lifemap.appspot.com\"}","GCLOUD_PROJECT":"eusaybia-lifemap","EVENTARC_CLOUD_EVENT_SOURCE":"projects/eusaybia-lifemap/locations/us-central1/functions/generateAuthenticationToken"},"runtime":"nodejs18","buildId":"6b076935-f8c7-4d94-934e-4c348885bb5c","buildEnvironmentVariables":{"GOOGLE_NODE_RUN_SCRIPTS":""},"buildName":"projects/426360776379/locations/us-central1/builds/6b076935-f8c7-4d94-934e-4c348885bb5c","dockerRegistry":"ARTIFACT_REGISTRY"},"versionId":"2","updateTime":"2023-11-20T01:22:19Z"}}
[debug] [2023-11-20T01:22:20.972Z] [update-default-us-central1-generateAuthenticationToken] Retrying task index 0
[debug] [2023-11-20T01:22:20.973Z] >>> [apiv2][query] GET https://cloudfunctions.googleapis.com/v1/operations/ZXVzYXliaWEtbGlmZW1hcC91cy1jZW50cmFsMS9nZW5lcmF0ZUF1dGhlbnRpY2F0aW9uVG9rZW4vSHJ0RkRLUldueGs [none]
[debug] [2023-11-20T01:22:21.092Z] <<< [apiv2][status] POST https://cloudfunctions.googleapis.com/v2/projects/eusaybia-lifemap/locations/us-central1/functions 400
[debug] [2023-11-20T01:22:21.092Z] <<< [apiv2][body] POST https://cloudfunctions.googleapis.com/v2/projects/eusaybia-lifemap/locations/us-central1/functions {"error":{"code":400,"message":"Could not create Cloud Run service helloworld. spec.template.spec.containers.resources.limits.cpu: Invalid value specified for cpu. For the specified value, maxScale may not exceed 10.\nConsider running your workload in a region with greater capacity, decreasing your requested cpu-per-instance, or requesting an increase in quota for this region if you are seeing sustained usage near this limit, see https://cloud.google.com/run/quotas. Your project may gain access to further scaling by adding billing information to your account.","status":"INVALID_ARGUMENT"}}
[warn] ⚠  functions: Your current project quotas don't allow for the current max instances setting of 100. Either reduce this function's maximum instances, or request a quota increase on the underlying Cloud Run service at https://cloud.google.com/run/quotas. 
[warn] ⚠  functions: You can adjust the max instances value in your function's runtime options:
	setGlobalOptions({maxInstances: 10}) 
[error] Failed to create function projects/eusaybia-lifemap/locations/us-central1/functions/helloWorld
[debug] [2023-11-20T01:22:21.515Z] <<< [apiv2][status] GET https://cloudfunctions.googleapis.com/v1/operations/ZXVzYXliaWEtbGlmZW1hcC91cy1jZW50cmFsMS9nZW5lcmF0ZUF1dGhlbnRpY2F0aW9uVG9rZW4vSHJ0RkRLUldueGs 200
[debug] [2023-11-20T01:22:21.516Z] <<< [apiv2][body] GET https://cloudfunctions.googleapis.com/v1/operations/ZXVzYXliaWEtbGlmZW1hcC91cy1jZW50cmFsMS9nZW5lcmF0ZUF1dGhlbnRpY2F0aW9uVG9rZW4vSHJ0RkRLUldueGs {"name":"operations/ZXVzYXliaWEtbGlmZW1hcC91cy1jZW50cmFsMS9nZW5lcmF0ZUF1dGhlbnRpY2F0aW9uVG9rZW4vSHJ0RkRLUldueGs","metadata":{"@type":"type.googleapis.com/google.cloud.functions.v1.OperationMetadataV1","target":"projects/eusaybia-lifemap/locations/us-central1/functions/generateAuthenticationToken","type":"UPDATE_FUNCTION","request":{"@type":"type.googleapis.com/google.cloud.functions.v1.CloudFunction","name":"projects/eusaybia-lifemap/locations/us-central1/functions/generateAuthenticationToken","httpsTrigger":{"url":"https://us-central1-eusaybia-lifemap.cloudfunctions.net/generateAuthenticationToken","securityLevel":"SECURE_ALWAYS"},"status":"ACTIVE","entryPoint":"generateAuthenticationToken","updateTime":"2023-11-20T01:19:35.392Z","versionId":"1","labels":{"deployment-tool":"cli-firebase","deployment-callable":"true","firebase-functions-hash":"742a1859cf766a2543117687700cdab4d78804dd"},"sourceUploadUrl":"https://storage.googleapis.com/uploads-692861408016.us-central1.cloudfunctions.appspot.com/3becdfa1-3193-48c4-b90d-05ae4d29ab03.zip?GoogleAccessId=service-426360776379@gcf-admin-robot.iam.gserviceaccount.com&Expires=1700445130&Signature=U5hhde19FSAs8S3ar4u7JP41zzUwqeyY4YnJmm%2BGeywsi0LvTNfSiYA4XwklymvR%2BcAEhYf%2FJIYc9uLkSNUf8SrV%2Fd2bOdPlRzSCinNb0TYsgR%2FDzWtthBSJlSc%2Bz0jtbds7ys1l%2BI8%2BbqqusFrs%2FaBRqIo2%2B%2FTFEMBGt0fTsVasjhEDrPz%2FL9DcsF3yKluURGNmrfRBb55PD9v7C4A%2BUp8VwdlVZHuYSXPGwJkf7qjfm089X8vLcrY9HcAcJyCDCcoaHWmg1BayXkcJAAOvKqSqjSXAqlYuiHdFYQZe4otg3aCZSzp%2BO1Ha23yWwRAWo%2F1YGKUPTdzMcDh%2BJtu%2Fow%3D%3D","environmentVariables":{"FIREBASE_CONFIG":"{\"projectId\":\"eusaybia-lifemap\",\"storageBucket\":\"eusaybia-lifemap.appspot.com\"}","GCLOUD_PROJECT":"eusaybia-lifemap","EVENTARC_CLOUD_EVENT_SOURCE":"projects/eusaybia-lifemap/locations/us-central1/functions/generateAuthenticationToken"},"runtime":"nodejs18","buildId":"6b076935-f8c7-4d94-934e-4c348885bb5c","buildEnvironmentVariables":{"GOOGLE_NODE_RUN_SCRIPTS":""},"buildName":"projects/426360776379/locations/us-central1/builds/6b076935-f8c7-4d94-934e-4c348885bb5c","dockerRegistry":"ARTIFACT_REGISTRY"},"versionId":"2","updateTime":"2023-11-20T01:22:19Z","buildId":"78455aee-62e3-401d-916e-947fb4cfeefd","buildName":"projects/426360776379/locations/us-central1/builds/78455aee-62e3-401d-916e-947fb4cfeefd"}}
[debug] [2023-11-20T01:22:22.518Z] [update-default-us-central1-generateAuthenticationToken] Retrying task index 0
[debug] [2023-11-20T01:22:22.518Z] >>> [apiv2][query] GET https://cloudfunctions.googleapis.com/v1/operations/ZXVzYXliaWEtbGlmZW1hcC91cy1jZW50cmFsMS9nZW5lcmF0ZUF1dGhlbnRpY2F0aW9uVG9rZW4vSHJ0RkRLUldueGs [none]
[debug] [2023-11-20T01:22:23.041Z] <<< [apiv2][status] GET https://cloudfunctions.googleapis.com/v1/operations/ZXVzYXliaWEtbGlmZW1hcC91cy1jZW50cmFsMS9nZW5lcmF0ZUF1dGhlbnRpY2F0aW9uVG9rZW4vSHJ0RkRLUldueGs 200
[debug] [2023-11-20T01:22:23.041Z] <<< [apiv2][body] GET https://cloudfunctions.googleapis.com/v1/operations/ZXVzYXliaWEtbGlmZW1hcC91cy1jZW50cmFsMS9nZW5lcmF0ZUF1dGhlbnRpY2F0aW9uVG9rZW4vSHJ0RkRLUldueGs {"name":"operations/ZXVzYXliaWEtbGlmZW1hcC91cy1jZW50cmFsMS9nZW5lcmF0ZUF1dGhlbnRpY2F0aW9uVG9rZW4vSHJ0RkRLUldueGs","metadata":{"@type":"type.googleapis.com/google.cloud.functions.v1.OperationMetadataV1","target":"projects/eusaybia-lifemap/locations/us-central1/functions/generateAuthenticationToken","type":"UPDATE_FUNCTION","request":{"@type":"type.googleapis.com/google.cloud.functions.v1.CloudFunction","name":"projects/eusaybia-lifemap/locations/us-central1/functions/generateAuthenticationToken","httpsTrigger":{"url":"https://us-central1-eusaybia-lifemap.cloudfunctions.net/generateAuthenticationToken","securityLevel":"SECURE_ALWAYS"},"status":"ACTIVE","entryPoint":"generateAuthenticationToken","updateTime":"2023-11-20T01:19:35.392Z","versionId":"1","labels":{"deployment-tool":"cli-firebase","deployment-callable":"true","firebase-functions-hash":"742a1859cf766a2543117687700cdab4d78804dd"},"sourceUploadUrl":"https://storage.googleapis.com/uploads-692861408016.us-central1.cloudfunctions.appspot.com/3becdfa1-3193-48c4-b90d-05ae4d29ab03.zip?GoogleAccessId=service-426360776379@gcf-admin-robot.iam.gserviceaccount.com&Expires=1700445130&Signature=U5hhde19FSAs8S3ar4u7JP41zzUwqeyY4YnJmm%2BGeywsi0LvTNfSiYA4XwklymvR%2BcAEhYf%2FJIYc9uLkSNUf8SrV%2Fd2bOdPlRzSCinNb0TYsgR%2FDzWtthBSJlSc%2Bz0jtbds7ys1l%2BI8%2BbqqusFrs%2FaBRqIo2%2B%2FTFEMBGt0fTsVasjhEDrPz%2FL9DcsF3yKluURGNmrfRBb55PD9v7C4A%2BUp8VwdlVZHuYSXPGwJkf7qjfm089X8vLcrY9HcAcJyCDCcoaHWmg1BayXkcJAAOvKqSqjSXAqlYuiHdFYQZe4otg3aCZSzp%2BO1Ha23yWwRAWo%2F1YGKUPTdzMcDh%2BJtu%2Fow%3D%3D","environmentVariables":{"FIREBASE_CONFIG":"{\"projectId\":\"eusaybia-lifemap\",\"storageBucket\":\"eusaybia-lifemap.appspot.com\"}","GCLOUD_PROJECT":"eusaybia-lifemap","EVENTARC_CLOUD_EVENT_SOURCE":"projects/eusaybia-lifemap/locations/us-central1/functions/generateAuthenticationToken"},"runtime":"nodejs18","buildId":"6b076935-f8c7-4d94-934e-4c348885bb5c","buildEnvironmentVariables":{"GOOGLE_NODE_RUN_SCRIPTS":""},"buildName":"projects/426360776379/locations/us-central1/builds/6b076935-f8c7-4d94-934e-4c348885bb5c","dockerRegistry":"ARTIFACT_REGISTRY"},"versionId":"2","updateTime":"2023-11-20T01:22:19Z","buildId":"78455aee-62e3-401d-916e-947fb4cfeefd","buildName":"projects/426360776379/locations/us-central1/builds/78455aee-62e3-401d-916e-947fb4cfeefd"}}
[debug] [2023-11-20T01:22:25.042Z] [update-default-us-central1-generateAuthenticationToken] Retrying task index 0
[debug] [2023-11-20T01:22:25.043Z] >>> [apiv2][query] GET https://cloudfunctions.googleapis.com/v1/operations/ZXVzYXliaWEtbGlmZW1hcC91cy1jZW50cmFsMS9nZW5lcmF0ZUF1dGhlbnRpY2F0aW9uVG9rZW4vSHJ0RkRLUldueGs [none]
[debug] [2023-11-20T01:22:25.629Z] <<< [apiv2][status] GET https://cloudfunctions.googleapis.com/v1/operations/ZXVzYXliaWEtbGlmZW1hcC91cy1jZW50cmFsMS9nZW5lcmF0ZUF1dGhlbnRpY2F0aW9uVG9rZW4vSHJ0RkRLUldueGs 200
[debug] [2023-11-20T01:22:25.629Z] <<< [apiv2][body] GET https://cloudfunctions.googleapis.com/v1/operations/ZXVzYXliaWEtbGlmZW1hcC91cy1jZW50cmFsMS9nZW5lcmF0ZUF1dGhlbnRpY2F0aW9uVG9rZW4vSHJ0RkRLUldueGs {"name":"operations/ZXVzYXliaWEtbGlmZW1hcC91cy1jZW50cmFsMS9nZW5lcmF0ZUF1dGhlbnRpY2F0aW9uVG9rZW4vSHJ0RkRLUldueGs","metadata":{"@type":"type.googleapis.com/google.cloud.functions.v1.OperationMetadataV1","target":"projects/eusaybia-lifemap/locations/us-central1/functions/generateAuthenticationToken","type":"UPDATE_FUNCTION","request":{"@type":"type.googleapis.com/google.cloud.functions.v1.CloudFunction","name":"projects/eusaybia-lifemap/locations/us-central1/functions/generateAuthenticationToken","httpsTrigger":{"url":"https://us-central1-eusaybia-lifemap.cloudfunctions.net/generateAuthenticationToken","securityLevel":"SECURE_ALWAYS"},"status":"ACTIVE","entryPoint":"generateAuthenticationToken","updateTime":"2023-11-20T01:19:35.392Z","versionId":"1","labels":{"deployment-tool":"cli-firebase","deployment-callable":"true","firebase-functions-hash":"742a1859cf766a2543117687700cdab4d78804dd"},"sourceUploadUrl":"https://storage.googleapis.com/uploads-692861408016.us-central1.cloudfunctions.appspot.com/3becdfa1-3193-48c4-b90d-05ae4d29ab03.zip?GoogleAccessId=service-426360776379@gcf-admin-robot.iam.gserviceaccount.com&Expires=1700445130&Signature=U5hhde19FSAs8S3ar4u7JP41zzUwqeyY4YnJmm%2BGeywsi0LvTNfSiYA4XwklymvR%2BcAEhYf%2FJIYc9uLkSNUf8SrV%2Fd2bOdPlRzSCinNb0TYsgR%2FDzWtthBSJlSc%2Bz0jtbds7ys1l%2BI8%2BbqqusFrs%2FaBRqIo2%2B%2FTFEMBGt0fTsVasjhEDrPz%2FL9DcsF3yKluURGNmrfRBb55PD9v7C4A%2BUp8VwdlVZHuYSXPGwJkf7qjfm089X8vLcrY9HcAcJyCDCcoaHWmg1BayXkcJAAOvKqSqjSXAqlYuiHdFYQZe4otg3aCZSzp%2BO1Ha23yWwRAWo%2F1YGKUPTdzMcDh%2BJtu%2Fow%3D%3D","environmentVariables":{"FIREBASE_CONFIG":"{\"projectId\":\"eusaybia-lifemap\",\"storageBucket\":\"eusaybia-lifemap.appspot.com\"}","GCLOUD_PROJECT":"eusaybia-lifemap","EVENTARC_CLOUD_EVENT_SOURCE":"projects/eusaybia-lifemap/locations/us-central1/functions/generateAuthenticationToken"},"runtime":"nodejs18","buildId":"6b076935-f8c7-4d94-934e-4c348885bb5c","buildEnvironmentVariables":{"GOOGLE_NODE_RUN_SCRIPTS":""},"buildName":"projects/426360776379/locations/us-central1/builds/6b076935-f8c7-4d94-934e-4c348885bb5c","dockerRegistry":"ARTIFACT_REGISTRY"},"versionId":"2","updateTime":"2023-11-20T01:22:19Z","buildId":"78455aee-62e3-401d-916e-947fb4cfeefd","buildName":"projects/426360776379/locations/us-central1/builds/78455aee-62e3-401d-916e-947fb4cfeefd"}}
[debug] [2023-11-20T01:22:29.631Z] [update-default-us-central1-generateAuthenticationToken] Retrying task index 0
[debug] [2023-11-20T01:22:29.632Z] >>> [apiv2][query] GET https://cloudfunctions.googleapis.com/v1/operations/ZXVzYXliaWEtbGlmZW1hcC91cy1jZW50cmFsMS9nZW5lcmF0ZUF1dGhlbnRpY2F0aW9uVG9rZW4vSHJ0RkRLUldueGs [none]
[debug] [2023-11-20T01:22:30.235Z] <<< [apiv2][status] GET https://cloudfunctions.googleapis.com/v1/operations/ZXVzYXliaWEtbGlmZW1hcC91cy1jZW50cmFsMS9nZW5lcmF0ZUF1dGhlbnRpY2F0aW9uVG9rZW4vSHJ0RkRLUldueGs 200
[debug] [2023-11-20T01:22:30.235Z] <<< [apiv2][body] GET https://cloudfunctions.googleapis.com/v1/operations/ZXVzYXliaWEtbGlmZW1hcC91cy1jZW50cmFsMS9nZW5lcmF0ZUF1dGhlbnRpY2F0aW9uVG9rZW4vSHJ0RkRLUldueGs {"name":"operations/ZXVzYXliaWEtbGlmZW1hcC91cy1jZW50cmFsMS9nZW5lcmF0ZUF1dGhlbnRpY2F0aW9uVG9rZW4vSHJ0RkRLUldueGs","metadata":{"@type":"type.googleapis.com/google.cloud.functions.v1.OperationMetadataV1","target":"projects/eusaybia-lifemap/locations/us-central1/functions/generateAuthenticationToken","type":"UPDATE_FUNCTION","request":{"@type":"type.googleapis.com/google.cloud.functions.v1.CloudFunction","name":"projects/eusaybia-lifemap/locations/us-central1/functions/generateAuthenticationToken","httpsTrigger":{"url":"https://us-central1-eusaybia-lifemap.cloudfunctions.net/generateAuthenticationToken","securityLevel":"SECURE_ALWAYS"},"status":"ACTIVE","entryPoint":"generateAuthenticationToken","updateTime":"2023-11-20T01:19:35.392Z","versionId":"1","labels":{"deployment-tool":"cli-firebase","deployment-callable":"true","firebase-functions-hash":"742a1859cf766a2543117687700cdab4d78804dd"},"sourceUploadUrl":"https://storage.googleapis.com/uploads-692861408016.us-central1.cloudfunctions.appspot.com/3becdfa1-3193-48c4-b90d-05ae4d29ab03.zip?GoogleAccessId=service-426360776379@gcf-admin-robot.iam.gserviceaccount.com&Expires=1700445130&Signature=U5hhde19FSAs8S3ar4u7JP41zzUwqeyY4YnJmm%2BGeywsi0LvTNfSiYA4XwklymvR%2BcAEhYf%2FJIYc9uLkSNUf8SrV%2Fd2bOdPlRzSCinNb0TYsgR%2FDzWtthBSJlSc%2Bz0jtbds7ys1l%2BI8%2BbqqusFrs%2FaBRqIo2%2B%2FTFEMBGt0fTsVasjhEDrPz%2FL9DcsF3yKluURGNmrfRBb55PD9v7C4A%2BUp8VwdlVZHuYSXPGwJkf7qjfm089X8vLcrY9HcAcJyCDCcoaHWmg1BayXkcJAAOvKqSqjSXAqlYuiHdFYQZe4otg3aCZSzp%2BO1Ha23yWwRAWo%2F1YGKUPTdzMcDh%2BJtu%2Fow%3D%3D","environmentVariables":{"FIREBASE_CONFIG":"{\"projectId\":\"eusaybia-lifemap\",\"storageBucket\":\"eusaybia-lifemap.appspot.com\"}","GCLOUD_PROJECT":"eusaybia-lifemap","EVENTARC_CLOUD_EVENT_SOURCE":"projects/eusaybia-lifemap/locations/us-central1/functions/generateAuthenticationToken"},"runtime":"nodejs18","buildId":"6b076935-f8c7-4d94-934e-4c348885bb5c","buildEnvironmentVariables":{"GOOGLE_NODE_RUN_SCRIPTS":""},"buildName":"projects/426360776379/locations/us-central1/builds/6b076935-f8c7-4d94-934e-4c348885bb5c","dockerRegistry":"ARTIFACT_REGISTRY"},"versionId":"2","updateTime":"2023-11-20T01:22:19Z","buildId":"78455aee-62e3-401d-916e-947fb4cfeefd","buildName":"projects/426360776379/locations/us-central1/builds/78455aee-62e3-401d-916e-947fb4cfeefd"}}
[debug] [2023-11-20T01:22:38.236Z] [update-default-us-central1-generateAuthenticationToken] Retrying task index 0
[debug] [2023-11-20T01:22:38.237Z] >>> [apiv2][query] GET https://cloudfunctions.googleapis.com/v1/operations/ZXVzYXliaWEtbGlmZW1hcC91cy1jZW50cmFsMS9nZW5lcmF0ZUF1dGhlbnRpY2F0aW9uVG9rZW4vSHJ0RkRLUldueGs [none]
[debug] [2023-11-20T01:22:38.745Z] <<< [apiv2][status] GET https://cloudfunctions.googleapis.com/v1/operations/ZXVzYXliaWEtbGlmZW1hcC91cy1jZW50cmFsMS9nZW5lcmF0ZUF1dGhlbnRpY2F0aW9uVG9rZW4vSHJ0RkRLUldueGs 200
[debug] [2023-11-20T01:22:38.745Z] <<< [apiv2][body] GET https://cloudfunctions.googleapis.com/v1/operations/ZXVzYXliaWEtbGlmZW1hcC91cy1jZW50cmFsMS9nZW5lcmF0ZUF1dGhlbnRpY2F0aW9uVG9rZW4vSHJ0RkRLUldueGs {"name":"operations/ZXVzYXliaWEtbGlmZW1hcC91cy1jZW50cmFsMS9nZW5lcmF0ZUF1dGhlbnRpY2F0aW9uVG9rZW4vSHJ0RkRLUldueGs","metadata":{"@type":"type.googleapis.com/google.cloud.functions.v1.OperationMetadataV1","target":"projects/eusaybia-lifemap/locations/us-central1/functions/generateAuthenticationToken","type":"UPDATE_FUNCTION","request":{"@type":"type.googleapis.com/google.cloud.functions.v1.CloudFunction","name":"projects/eusaybia-lifemap/locations/us-central1/functions/generateAuthenticationToken","httpsTrigger":{"url":"https://us-central1-eusaybia-lifemap.cloudfunctions.net/generateAuthenticationToken","securityLevel":"SECURE_ALWAYS"},"status":"ACTIVE","entryPoint":"generateAuthenticationToken","updateTime":"2023-11-20T01:19:35.392Z","versionId":"1","labels":{"deployment-tool":"cli-firebase","deployment-callable":"true","firebase-functions-hash":"742a1859cf766a2543117687700cdab4d78804dd"},"sourceUploadUrl":"https://storage.googleapis.com/uploads-692861408016.us-central1.cloudfunctions.appspot.com/3becdfa1-3193-48c4-b90d-05ae4d29ab03.zip?GoogleAccessId=service-426360776379@gcf-admin-robot.iam.gserviceaccount.com&Expires=1700445130&Signature=U5hhde19FSAs8S3ar4u7JP41zzUwqeyY4YnJmm%2BGeywsi0LvTNfSiYA4XwklymvR%2BcAEhYf%2FJIYc9uLkSNUf8SrV%2Fd2bOdPlRzSCinNb0TYsgR%2FDzWtthBSJlSc%2Bz0jtbds7ys1l%2BI8%2BbqqusFrs%2FaBRqIo2%2B%2FTFEMBGt0fTsVasjhEDrPz%2FL9DcsF3yKluURGNmrfRBb55PD9v7C4A%2BUp8VwdlVZHuYSXPGwJkf7qjfm089X8vLcrY9HcAcJyCDCcoaHWmg1BayXkcJAAOvKqSqjSXAqlYuiHdFYQZe4otg3aCZSzp%2BO1Ha23yWwRAWo%2F1YGKUPTdzMcDh%2BJtu%2Fow%3D%3D","environmentVariables":{"FIREBASE_CONFIG":"{\"projectId\":\"eusaybia-lifemap\",\"storageBucket\":\"eusaybia-lifemap.appspot.com\"}","GCLOUD_PROJECT":"eusaybia-lifemap","EVENTARC_CLOUD_EVENT_SOURCE":"projects/eusaybia-lifemap/locations/us-central1/functions/generateAuthenticationToken"},"runtime":"nodejs18","buildId":"6b076935-f8c7-4d94-934e-4c348885bb5c","buildEnvironmentVariables":{"GOOGLE_NODE_RUN_SCRIPTS":""},"buildName":"projects/426360776379/locations/us-central1/builds/6b076935-f8c7-4d94-934e-4c348885bb5c","dockerRegistry":"ARTIFACT_REGISTRY"},"versionId":"2","updateTime":"2023-11-20T01:22:19Z","buildId":"78455aee-62e3-401d-916e-947fb4cfeefd","buildName":"projects/426360776379/locations/us-central1/builds/78455aee-62e3-401d-916e-947fb4cfeefd"}}
[debug] [2023-11-20T01:22:48.748Z] [update-default-us-central1-generateAuthenticationToken] Retrying task index 0
[debug] [2023-11-20T01:22:48.750Z] >>> [apiv2][query] GET https://cloudfunctions.googleapis.com/v1/operations/ZXVzYXliaWEtbGlmZW1hcC91cy1jZW50cmFsMS9nZW5lcmF0ZUF1dGhlbnRpY2F0aW9uVG9rZW4vSHJ0RkRLUldueGs [none]
[debug] [2023-11-20T01:22:49.389Z] <<< [apiv2][status] GET https://cloudfunctions.googleapis.com/v1/operations/ZXVzYXliaWEtbGlmZW1hcC91cy1jZW50cmFsMS9nZW5lcmF0ZUF1dGhlbnRpY2F0aW9uVG9rZW4vSHJ0RkRLUldueGs 200
[debug] [2023-11-20T01:22:49.390Z] <<< [apiv2][body] GET https://cloudfunctions.googleapis.com/v1/operations/ZXVzYXliaWEtbGlmZW1hcC91cy1jZW50cmFsMS9nZW5lcmF0ZUF1dGhlbnRpY2F0aW9uVG9rZW4vSHJ0RkRLUldueGs {"name":"operations/ZXVzYXliaWEtbGlmZW1hcC91cy1jZW50cmFsMS9nZW5lcmF0ZUF1dGhlbnRpY2F0aW9uVG9rZW4vSHJ0RkRLUldueGs","metadata":{"@type":"type.googleapis.com/google.cloud.functions.v1.OperationMetadataV1","target":"projects/eusaybia-lifemap/locations/us-central1/functions/generateAuthenticationToken","type":"UPDATE_FUNCTION","request":{"@type":"type.googleapis.com/google.cloud.functions.v1.CloudFunction","name":"projects/eusaybia-lifemap/locations/us-central1/functions/generateAuthenticationToken","httpsTrigger":{"url":"https://us-central1-eusaybia-lifemap.cloudfunctions.net/generateAuthenticationToken","securityLevel":"SECURE_ALWAYS"},"status":"ACTIVE","entryPoint":"generateAuthenticationToken","updateTime":"2023-11-20T01:19:35.392Z","versionId":"1","labels":{"deployment-tool":"cli-firebase","deployment-callable":"true","firebase-functions-hash":"742a1859cf766a2543117687700cdab4d78804dd"},"sourceUploadUrl":"https://storage.googleapis.com/uploads-692861408016.us-central1.cloudfunctions.appspot.com/3becdfa1-3193-48c4-b90d-05ae4d29ab03.zip?GoogleAccessId=service-426360776379@gcf-admin-robot.iam.gserviceaccount.com&Expires=1700445130&Signature=U5hhde19FSAs8S3ar4u7JP41zzUwqeyY4YnJmm%2BGeywsi0LvTNfSiYA4XwklymvR%2BcAEhYf%2FJIYc9uLkSNUf8SrV%2Fd2bOdPlRzSCinNb0TYsgR%2FDzWtthBSJlSc%2Bz0jtbds7ys1l%2BI8%2BbqqusFrs%2FaBRqIo2%2B%2FTFEMBGt0fTsVasjhEDrPz%2FL9DcsF3yKluURGNmrfRBb55PD9v7C4A%2BUp8VwdlVZHuYSXPGwJkf7qjfm089X8vLcrY9HcAcJyCDCcoaHWmg1BayXkcJAAOvKqSqjSXAqlYuiHdFYQZe4otg3aCZSzp%2BO1Ha23yWwRAWo%2F1YGKUPTdzMcDh%2BJtu%2Fow%3D%3D","environmentVariables":{"FIREBASE_CONFIG":"{\"projectId\":\"eusaybia-lifemap\",\"storageBucket\":\"eusaybia-lifemap.appspot.com\"}","GCLOUD_PROJECT":"eusaybia-lifemap","EVENTARC_CLOUD_EVENT_SOURCE":"projects/eusaybia-lifemap/locations/us-central1/functions/generateAuthenticationToken"},"runtime":"nodejs18","buildId":"6b076935-f8c7-4d94-934e-4c348885bb5c","buildEnvironmentVariables":{"GOOGLE_NODE_RUN_SCRIPTS":""},"buildName":"projects/426360776379/locations/us-central1/builds/6b076935-f8c7-4d94-934e-4c348885bb5c","dockerRegistry":"ARTIFACT_REGISTRY"},"versionId":"2","updateTime":"2023-11-20T01:22:19Z","buildId":"78455aee-62e3-401d-916e-947fb4cfeefd","buildName":"projects/426360776379/locations/us-central1/builds/78455aee-62e3-401d-916e-947fb4cfeefd"}}
[debug] [2023-11-20T01:22:59.391Z] [update-default-us-central1-generateAuthenticationToken] Retrying task index 0
[debug] [2023-11-20T01:22:59.392Z] >>> [apiv2][query] GET https://cloudfunctions.googleapis.com/v1/operations/ZXVzYXliaWEtbGlmZW1hcC91cy1jZW50cmFsMS9nZW5lcmF0ZUF1dGhlbnRpY2F0aW9uVG9rZW4vSHJ0RkRLUldueGs [none]
[debug] [2023-11-20T01:22:59.904Z] <<< [apiv2][status] GET https://cloudfunctions.googleapis.com/v1/operations/ZXVzYXliaWEtbGlmZW1hcC91cy1jZW50cmFsMS9nZW5lcmF0ZUF1dGhlbnRpY2F0aW9uVG9rZW4vSHJ0RkRLUldueGs 200
[debug] [2023-11-20T01:22:59.904Z] <<< [apiv2][body] GET https://cloudfunctions.googleapis.com/v1/operations/ZXVzYXliaWEtbGlmZW1hcC91cy1jZW50cmFsMS9nZW5lcmF0ZUF1dGhlbnRpY2F0aW9uVG9rZW4vSHJ0RkRLUldueGs {"name":"operations/ZXVzYXliaWEtbGlmZW1hcC91cy1jZW50cmFsMS9nZW5lcmF0ZUF1dGhlbnRpY2F0aW9uVG9rZW4vSHJ0RkRLUldueGs","metadata":{"@type":"type.googleapis.com/google.cloud.functions.v1.OperationMetadataV1","target":"projects/eusaybia-lifemap/locations/us-central1/functions/generateAuthenticationToken","type":"UPDATE_FUNCTION","request":{"@type":"type.googleapis.com/google.cloud.functions.v1.CloudFunction","name":"projects/eusaybia-lifemap/locations/us-central1/functions/generateAuthenticationToken","httpsTrigger":{"url":"https://us-central1-eusaybia-lifemap.cloudfunctions.net/generateAuthenticationToken","securityLevel":"SECURE_ALWAYS"},"status":"ACTIVE","entryPoint":"generateAuthenticationToken","updateTime":"2023-11-20T01:19:35.392Z","versionId":"1","labels":{"deployment-tool":"cli-firebase","deployment-callable":"true","firebase-functions-hash":"742a1859cf766a2543117687700cdab4d78804dd"},"sourceUploadUrl":"https://storage.googleapis.com/uploads-692861408016.us-central1.cloudfunctions.appspot.com/3becdfa1-3193-48c4-b90d-05ae4d29ab03.zip?GoogleAccessId=service-426360776379@gcf-admin-robot.iam.gserviceaccount.com&Expires=1700445130&Signature=U5hhde19FSAs8S3ar4u7JP41zzUwqeyY4YnJmm%2BGeywsi0LvTNfSiYA4XwklymvR%2BcAEhYf%2FJIYc9uLkSNUf8SrV%2Fd2bOdPlRzSCinNb0TYsgR%2FDzWtthBSJlSc%2Bz0jtbds7ys1l%2BI8%2BbqqusFrs%2FaBRqIo2%2B%2FTFEMBGt0fTsVasjhEDrPz%2FL9DcsF3yKluURGNmrfRBb55PD9v7C4A%2BUp8VwdlVZHuYSXPGwJkf7qjfm089X8vLcrY9HcAcJyCDCcoaHWmg1BayXkcJAAOvKqSqjSXAqlYuiHdFYQZe4otg3aCZSzp%2BO1Ha23yWwRAWo%2F1YGKUPTdzMcDh%2BJtu%2Fow%3D%3D","environmentVariables":{"FIREBASE_CONFIG":"{\"projectId\":\"eusaybia-lifemap\",\"storageBucket\":\"eusaybia-lifemap.appspot.com\"}","GCLOUD_PROJECT":"eusaybia-lifemap","EVENTARC_CLOUD_EVENT_SOURCE":"projects/eusaybia-lifemap/locations/us-central1/functions/generateAuthenticationToken"},"runtime":"nodejs18","buildId":"6b076935-f8c7-4d94-934e-4c348885bb5c","buildEnvironmentVariables":{"GOOGLE_NODE_RUN_SCRIPTS":""},"buildName":"projects/426360776379/locations/us-central1/builds/6b076935-f8c7-4d94-934e-4c348885bb5c","dockerRegistry":"ARTIFACT_REGISTRY"},"versionId":"2","updateTime":"2023-11-20T01:22:19Z","buildId":"78455aee-62e3-401d-916e-947fb4cfeefd","buildName":"projects/426360776379/locations/us-central1/builds/78455aee-62e3-401d-916e-947fb4cfeefd"}}
[debug] [2023-11-20T01:23:09.905Z] [update-default-us-central1-generateAuthenticationToken] Retrying task index 0
[debug] [2023-11-20T01:23:09.906Z] >>> [apiv2][query] GET https://cloudfunctions.googleapis.com/v1/operations/ZXVzYXliaWEtbGlmZW1hcC91cy1jZW50cmFsMS9nZW5lcmF0ZUF1dGhlbnRpY2F0aW9uVG9rZW4vSHJ0RkRLUldueGs [none]
[debug] [2023-11-20T01:23:10.481Z] <<< [apiv2][status] GET https://cloudfunctions.googleapis.com/v1/operations/ZXVzYXliaWEtbGlmZW1hcC91cy1jZW50cmFsMS9nZW5lcmF0ZUF1dGhlbnRpY2F0aW9uVG9rZW4vSHJ0RkRLUldueGs 200
[debug] [2023-11-20T01:23:10.481Z] <<< [apiv2][body] GET https://cloudfunctions.googleapis.com/v1/operations/ZXVzYXliaWEtbGlmZW1hcC91cy1jZW50cmFsMS9nZW5lcmF0ZUF1dGhlbnRpY2F0aW9uVG9rZW4vSHJ0RkRLUldueGs {"name":"operations/ZXVzYXliaWEtbGlmZW1hcC91cy1jZW50cmFsMS9nZW5lcmF0ZUF1dGhlbnRpY2F0aW9uVG9rZW4vSHJ0RkRLUldueGs","metadata":{"@type":"type.googleapis.com/google.cloud.functions.v1.OperationMetadataV1","target":"projects/eusaybia-lifemap/locations/us-central1/functions/generateAuthenticationToken","type":"UPDATE_FUNCTION","request":{"@type":"type.googleapis.com/google.cloud.functions.v1.CloudFunction","name":"projects/eusaybia-lifemap/locations/us-central1/functions/generateAuthenticationToken","httpsTrigger":{"url":"https://us-central1-eusaybia-lifemap.cloudfunctions.net/generateAuthenticationToken","securityLevel":"SECURE_ALWAYS"},"status":"ACTIVE","entryPoint":"generateAuthenticationToken","updateTime":"2023-11-20T01:19:35.392Z","versionId":"1","labels":{"deployment-tool":"cli-firebase","deployment-callable":"true","firebase-functions-hash":"742a1859cf766a2543117687700cdab4d78804dd"},"sourceUploadUrl":"https://storage.googleapis.com/uploads-692861408016.us-central1.cloudfunctions.appspot.com/3becdfa1-3193-48c4-b90d-05ae4d29ab03.zip?GoogleAccessId=service-426360776379@gcf-admin-robot.iam.gserviceaccount.com&Expires=1700445130&Signature=U5hhde19FSAs8S3ar4u7JP41zzUwqeyY4YnJmm%2BGeywsi0LvTNfSiYA4XwklymvR%2BcAEhYf%2FJIYc9uLkSNUf8SrV%2Fd2bOdPlRzSCinNb0TYsgR%2FDzWtthBSJlSc%2Bz0jtbds7ys1l%2BI8%2BbqqusFrs%2FaBRqIo2%2B%2FTFEMBGt0fTsVasjhEDrPz%2FL9DcsF3yKluURGNmrfRBb55PD9v7C4A%2BUp8VwdlVZHuYSXPGwJkf7qjfm089X8vLcrY9HcAcJyCDCcoaHWmg1BayXkcJAAOvKqSqjSXAqlYuiHdFYQZe4otg3aCZSzp%2BO1Ha23yWwRAWo%2F1YGKUPTdzMcDh%2BJtu%2Fow%3D%3D","environmentVariables":{"FIREBASE_CONFIG":"{\"projectId\":\"eusaybia-lifemap\",\"storageBucket\":\"eusaybia-lifemap.appspot.com\"}","GCLOUD_PROJECT":"eusaybia-lifemap","EVENTARC_CLOUD_EVENT_SOURCE":"projects/eusaybia-lifemap/locations/us-central1/functions/generateAuthenticationToken"},"runtime":"nodejs18","buildId":"6b076935-f8c7-4d94-934e-4c348885bb5c","buildEnvironmentVariables":{"GOOGLE_NODE_RUN_SCRIPTS":""},"buildName":"projects/426360776379/locations/us-central1/builds/6b076935-f8c7-4d94-934e-4c348885bb5c","dockerRegistry":"ARTIFACT_REGISTRY"},"versionId":"2","updateTime":"2023-11-20T01:22:19Z","buildId":"78455aee-62e3-401d-916e-947fb4cfeefd","buildName":"projects/426360776379/locations/us-central1/builds/78455aee-62e3-401d-916e-947fb4cfeefd"}}
[debug] [2023-11-20T01:23:20.483Z] [update-default-us-central1-generateAuthenticationToken] Retrying task index 0
[debug] [2023-11-20T01:23:20.484Z] >>> [apiv2][query] GET https://cloudfunctions.googleapis.com/v1/operations/ZXVzYXliaWEtbGlmZW1hcC91cy1jZW50cmFsMS9nZW5lcmF0ZUF1dGhlbnRpY2F0aW9uVG9rZW4vSHJ0RkRLUldueGs [none]
[debug] [2023-11-20T01:23:21.019Z] <<< [apiv2][status] GET https://cloudfunctions.googleapis.com/v1/operations/ZXVzYXliaWEtbGlmZW1hcC91cy1jZW50cmFsMS9nZW5lcmF0ZUF1dGhlbnRpY2F0aW9uVG9rZW4vSHJ0RkRLUldueGs 200
[debug] [2023-11-20T01:23:21.020Z] <<< [apiv2][body] GET https://cloudfunctions.googleapis.com/v1/operations/ZXVzYXliaWEtbGlmZW1hcC91cy1jZW50cmFsMS9nZW5lcmF0ZUF1dGhlbnRpY2F0aW9uVG9rZW4vSHJ0RkRLUldueGs {"name":"operations/ZXVzYXliaWEtbGlmZW1hcC91cy1jZW50cmFsMS9nZW5lcmF0ZUF1dGhlbnRpY2F0aW9uVG9rZW4vSHJ0RkRLUldueGs","metadata":{"@type":"type.googleapis.com/google.cloud.functions.v1.OperationMetadataV1","target":"projects/eusaybia-lifemap/locations/us-central1/functions/generateAuthenticationToken","type":"UPDATE_FUNCTION","request":{"@type":"type.googleapis.com/google.cloud.functions.v1.CloudFunction","name":"projects/eusaybia-lifemap/locations/us-central1/functions/generateAuthenticationToken","httpsTrigger":{"url":"https://us-central1-eusaybia-lifemap.cloudfunctions.net/generateAuthenticationToken","securityLevel":"SECURE_ALWAYS"},"status":"ACTIVE","entryPoint":"generateAuthenticationToken","updateTime":"2023-11-20T01:19:35.392Z","versionId":"1","labels":{"deployment-tool":"cli-firebase","deployment-callable":"true","firebase-functions-hash":"742a1859cf766a2543117687700cdab4d78804dd"},"sourceUploadUrl":"https://storage.googleapis.com/uploads-692861408016.us-central1.cloudfunctions.appspot.com/3becdfa1-3193-48c4-b90d-05ae4d29ab03.zip?GoogleAccessId=service-426360776379@gcf-admin-robot.iam.gserviceaccount.com&Expires=1700445130&Signature=U5hhde19FSAs8S3ar4u7JP41zzUwqeyY4YnJmm%2BGeywsi0LvTNfSiYA4XwklymvR%2BcAEhYf%2FJIYc9uLkSNUf8SrV%2Fd2bOdPlRzSCinNb0TYsgR%2FDzWtthBSJlSc%2Bz0jtbds7ys1l%2BI8%2BbqqusFrs%2FaBRqIo2%2B%2FTFEMBGt0fTsVasjhEDrPz%2FL9DcsF3yKluURGNmrfRBb55PD9v7C4A%2BUp8VwdlVZHuYSXPGwJkf7qjfm089X8vLcrY9HcAcJyCDCcoaHWmg1BayXkcJAAOvKqSqjSXAqlYuiHdFYQZe4otg3aCZSzp%2BO1Ha23yWwRAWo%2F1YGKUPTdzMcDh%2BJtu%2Fow%3D%3D","environmentVariables":{"FIREBASE_CONFIG":"{\"projectId\":\"eusaybia-lifemap\",\"storageBucket\":\"eusaybia-lifemap.appspot.com\"}","GCLOUD_PROJECT":"eusaybia-lifemap","EVENTARC_CLOUD_EVENT_SOURCE":"projects/eusaybia-lifemap/locations/us-central1/functions/generateAuthenticationToken"},"runtime":"nodejs18","buildId":"6b076935-f8c7-4d94-934e-4c348885bb5c","buildEnvironmentVariables":{"GOOGLE_NODE_RUN_SCRIPTS":""},"buildName":"projects/426360776379/locations/us-central1/builds/6b076935-f8c7-4d94-934e-4c348885bb5c","dockerRegistry":"ARTIFACT_REGISTRY"},"versionId":"2","updateTime":"2023-11-20T01:22:19Z","buildId":"78455aee-62e3-401d-916e-947fb4cfeefd","sourceToken":"7ef0c751-3c0a-430b-a18d-40586a433d45","buildName":"projects/426360776379/locations/us-central1/builds/78455aee-62e3-401d-916e-947fb4cfeefd"}}
[debug] [2023-11-20T01:23:21.020Z] Got source token 7ef0c751-3c0a-430b-a18d-40586a433d45 for region us-central1
[debug] [2023-11-20T01:23:31.022Z] [update-default-us-central1-generateAuthenticationToken] Retrying task index 0
[debug] [2023-11-20T01:23:31.023Z] >>> [apiv2][query] GET https://cloudfunctions.googleapis.com/v1/operations/ZXVzYXliaWEtbGlmZW1hcC91cy1jZW50cmFsMS9nZW5lcmF0ZUF1dGhlbnRpY2F0aW9uVG9rZW4vSHJ0RkRLUldueGs [none]
[debug] [2023-11-20T01:23:31.554Z] <<< [apiv2][status] GET https://cloudfunctions.googleapis.com/v1/operations/ZXVzYXliaWEtbGlmZW1hcC91cy1jZW50cmFsMS9nZW5lcmF0ZUF1dGhlbnRpY2F0aW9uVG9rZW4vSHJ0RkRLUldueGs 200
[debug] [2023-11-20T01:23:31.554Z] <<< [apiv2][body] GET https://cloudfunctions.googleapis.com/v1/operations/ZXVzYXliaWEtbGlmZW1hcC91cy1jZW50cmFsMS9nZW5lcmF0ZUF1dGhlbnRpY2F0aW9uVG9rZW4vSHJ0RkRLUldueGs {"name":"operations/ZXVzYXliaWEtbGlmZW1hcC91cy1jZW50cmFsMS9nZW5lcmF0ZUF1dGhlbnRpY2F0aW9uVG9rZW4vSHJ0RkRLUldueGs","metadata":{"@type":"type.googleapis.com/google.cloud.functions.v1.OperationMetadataV1","target":"projects/eusaybia-lifemap/locations/us-central1/functions/generateAuthenticationToken","type":"UPDATE_FUNCTION","request":{"@type":"type.googleapis.com/google.cloud.functions.v1.CloudFunction","name":"projects/eusaybia-lifemap/locations/us-central1/functions/generateAuthenticationToken","httpsTrigger":{"url":"https://us-central1-eusaybia-lifemap.cloudfunctions.net/generateAuthenticationToken","securityLevel":"SECURE_ALWAYS"},"status":"ACTIVE","entryPoint":"generateAuthenticationToken","updateTime":"2023-11-20T01:19:35.392Z","versionId":"1","labels":{"deployment-tool":"cli-firebase","deployment-callable":"true","firebase-functions-hash":"742a1859cf766a2543117687700cdab4d78804dd"},"sourceUploadUrl":"https://storage.googleapis.com/uploads-692861408016.us-central1.cloudfunctions.appspot.com/3becdfa1-3193-48c4-b90d-05ae4d29ab03.zip?GoogleAccessId=service-426360776379@gcf-admin-robot.iam.gserviceaccount.com&Expires=1700445130&Signature=U5hhde19FSAs8S3ar4u7JP41zzUwqeyY4YnJmm%2BGeywsi0LvTNfSiYA4XwklymvR%2BcAEhYf%2FJIYc9uLkSNUf8SrV%2Fd2bOdPlRzSCinNb0TYsgR%2FDzWtthBSJlSc%2Bz0jtbds7ys1l%2BI8%2BbqqusFrs%2FaBRqIo2%2B%2FTFEMBGt0fTsVasjhEDrPz%2FL9DcsF3yKluURGNmrfRBb55PD9v7C4A%2BUp8VwdlVZHuYSXPGwJkf7qjfm089X8vLcrY9HcAcJyCDCcoaHWmg1BayXkcJAAOvKqSqjSXAqlYuiHdFYQZe4otg3aCZSzp%2BO1Ha23yWwRAWo%2F1YGKUPTdzMcDh%2BJtu%2Fow%3D%3D","environmentVariables":{"FIREBASE_CONFIG":"{\"projectId\":\"eusaybia-lifemap\",\"storageBucket\":\"eusaybia-lifemap.appspot.com\"}","GCLOUD_PROJECT":"eusaybia-lifemap","EVENTARC_CLOUD_EVENT_SOURCE":"projects/eusaybia-lifemap/locations/us-central1/functions/generateAuthenticationToken"},"runtime":"nodejs18","buildId":"6b076935-f8c7-4d94-934e-4c348885bb5c","buildEnvironmentVariables":{"GOOGLE_NODE_RUN_SCRIPTS":""},"buildName":"projects/426360776379/locations/us-central1/builds/6b076935-f8c7-4d94-934e-4c348885bb5c","dockerRegistry":"ARTIFACT_REGISTRY"},"versionId":"2","updateTime":"2023-11-20T01:22:19Z","buildId":"78455aee-62e3-401d-916e-947fb4cfeefd","sourceToken":"7ef0c751-3c0a-430b-a18d-40586a433d45","buildName":"projects/426360776379/locations/us-central1/builds/78455aee-62e3-401d-916e-947fb4cfeefd"}}
[debug] [2023-11-20T01:23:31.554Z] Got source token 7ef0c751-3c0a-430b-a18d-40586a433d45 for region us-central1
[debug] [2023-11-20T01:23:41.556Z] [update-default-us-central1-generateAuthenticationToken] Retrying task index 0
[debug] [2023-11-20T01:23:41.557Z] >>> [apiv2][query] GET https://cloudfunctions.googleapis.com/v1/operations/ZXVzYXliaWEtbGlmZW1hcC91cy1jZW50cmFsMS9nZW5lcmF0ZUF1dGhlbnRpY2F0aW9uVG9rZW4vSHJ0RkRLUldueGs [none]
[debug] [2023-11-20T01:23:42.122Z] <<< [apiv2][status] GET https://cloudfunctions.googleapis.com/v1/operations/ZXVzYXliaWEtbGlmZW1hcC91cy1jZW50cmFsMS9nZW5lcmF0ZUF1dGhlbnRpY2F0aW9uVG9rZW4vSHJ0RkRLUldueGs 200
[debug] [2023-11-20T01:23:42.123Z] <<< [apiv2][body] GET https://cloudfunctions.googleapis.com/v1/operations/ZXVzYXliaWEtbGlmZW1hcC91cy1jZW50cmFsMS9nZW5lcmF0ZUF1dGhlbnRpY2F0aW9uVG9rZW4vSHJ0RkRLUldueGs {"name":"operations/ZXVzYXliaWEtbGlmZW1hcC91cy1jZW50cmFsMS9nZW5lcmF0ZUF1dGhlbnRpY2F0aW9uVG9rZW4vSHJ0RkRLUldueGs","metadata":{"@type":"type.googleapis.com/google.cloud.functions.v1.OperationMetadataV1","target":"projects/eusaybia-lifemap/locations/us-central1/functions/generateAuthenticationToken","type":"UPDATE_FUNCTION","request":{"@type":"type.googleapis.com/google.cloud.functions.v1.CloudFunction","name":"projects/eusaybia-lifemap/locations/us-central1/functions/generateAuthenticationToken","httpsTrigger":{"url":"https://us-central1-eusaybia-lifemap.cloudfunctions.net/generateAuthenticationToken","securityLevel":"SECURE_ALWAYS"},"status":"ACTIVE","entryPoint":"generateAuthenticationToken","updateTime":"2023-11-20T01:19:35.392Z","versionId":"1","labels":{"deployment-tool":"cli-firebase","deployment-callable":"true","firebase-functions-hash":"742a1859cf766a2543117687700cdab4d78804dd"},"sourceUploadUrl":"https://storage.googleapis.com/uploads-692861408016.us-central1.cloudfunctions.appspot.com/3becdfa1-3193-48c4-b90d-05ae4d29ab03.zip?GoogleAccessId=service-426360776379@gcf-admin-robot.iam.gserviceaccount.com&Expires=1700445130&Signature=U5hhde19FSAs8S3ar4u7JP41zzUwqeyY4YnJmm%2BGeywsi0LvTNfSiYA4XwklymvR%2BcAEhYf%2FJIYc9uLkSNUf8SrV%2Fd2bOdPlRzSCinNb0TYsgR%2FDzWtthBSJlSc%2Bz0jtbds7ys1l%2BI8%2BbqqusFrs%2FaBRqIo2%2B%2FTFEMBGt0fTsVasjhEDrPz%2FL9DcsF3yKluURGNmrfRBb55PD9v7C4A%2BUp8VwdlVZHuYSXPGwJkf7qjfm089X8vLcrY9HcAcJyCDCcoaHWmg1BayXkcJAAOvKqSqjSXAqlYuiHdFYQZe4otg3aCZSzp%2BO1Ha23yWwRAWo%2F1YGKUPTdzMcDh%2BJtu%2Fow%3D%3D","environmentVariables":{"FIREBASE_CONFIG":"{\"projectId\":\"eusaybia-lifemap\",\"storageBucket\":\"eusaybia-lifemap.appspot.com\"}","GCLOUD_PROJECT":"eusaybia-lifemap","EVENTARC_CLOUD_EVENT_SOURCE":"projects/eusaybia-lifemap/locations/us-central1/functions/generateAuthenticationToken"},"runtime":"nodejs18","buildId":"6b076935-f8c7-4d94-934e-4c348885bb5c","buildEnvironmentVariables":{"GOOGLE_NODE_RUN_SCRIPTS":""},"buildName":"projects/426360776379/locations/us-central1/builds/6b076935-f8c7-4d94-934e-4c348885bb5c","dockerRegistry":"ARTIFACT_REGISTRY"},"versionId":"2","updateTime":"2023-11-20T01:23:33Z","buildId":"78455aee-62e3-401d-916e-947fb4cfeefd","sourceToken":"7ef0c751-3c0a-430b-a18d-40586a433d45","buildName":"projects/426360776379/locations/us-central1/builds/78455aee-62e3-401d-916e-947fb4cfeefd"},"done":true,"response":{"@type":"type.googleapis.com/google.cloud.functions.v1.CloudFunction","name":"projects/eusaybia-lifemap/locations/us-central1/functions/generateAuthenticationToken","httpsTrigger":{"url":"https://us-central1-eusaybia-lifemap.cloudfunctions.net/generateAuthenticationToken","securityLevel":"SECURE_ALWAYS"},"status":"ACTIVE","entryPoint":"generateAuthenticationToken","timeout":"60s","availableMemoryMb":256,"serviceAccountEmail":"eusaybia-lifemap@appspot.gserviceaccount.com","updateTime":"2023-11-20T01:23:33.762Z","versionId":"2","labels":{"deployment-tool":"cli-firebase","deployment-callable":"true","firebase-functions-hash":"742a1859cf766a2543117687700cdab4d78804dd"},"sourceUploadUrl":"https://storage.googleapis.com/uploads-692861408016.us-central1.cloudfunctions.appspot.com/3becdfa1-3193-48c4-b90d-05ae4d29ab03.zip","environmentVariables":{"FIREBASE_CONFIG":"{\"projectId\":\"eusaybia-lifemap\",\"storageBucket\":\"eusaybia-lifemap.appspot.com\"}","GCLOUD_PROJECT":"eusaybia-lifemap","EVENTARC_CLOUD_EVENT_SOURCE":"projects/eusaybia-lifemap/locations/us-central1/functions/generateAuthenticationToken"},"runtime":"nodejs18","ingressSettings":"ALLOW_ALL","buildId":"78455aee-62e3-401d-916e-947fb4cfeefd","buildEnvironmentVariables":{"GOOGLE_NODE_RUN_SCRIPTS":""},"buildName":"projects/426360776379/locations/us-central1/builds/78455aee-62e3-401d-916e-947fb4cfeefd","dockerRegistry":"ARTIFACT_REGISTRY"}}
[debug] [2023-11-20T01:23:42.125Z] Got source token 7ef0c751-3c0a-430b-a18d-40586a433d45 for region us-central1
[info] ✔  functions[generateAuthenticationToken(us-central1)] Successful update operation. 
[debug] [2023-11-20T01:23:42.137Z] Total Function Deployment time: 83155
[debug] [2023-11-20T01:23:42.138Z] 2 Functions Deployed
[debug] [2023-11-20T01:23:42.138Z] 1 Functions Errored
[debug] [2023-11-20T01:23:42.138Z] 0 Function Deployments Aborted
[debug] [2023-11-20T01:23:42.138Z] Average Function Deployment time: 42636.5
[info] 
[info] Functions deploy had errors with the following functions:
	helloWorld(us-central1)
[debug] [2023-11-20T01:23:42.404Z] Not printing URL for HTTPS function. Typically this means it didn't match a filter or we failed deployment
[info] i  functions: cleaning up build files... 
[debug] [2023-11-20T01:23:42.407Z] >>> [apiv2][query] DELETE https://artifactregistry.googleapis.com/v1beta2/projects/eusaybia-lifemap/locations/us-central1/repositories/gcf-artifacts/packages/generate_authentication_token [none]
[debug] [2023-11-20T01:23:42.409Z] >>> [apiv2][query] DELETE https://artifactregistry.googleapis.com/v1beta2/projects/eusaybia-lifemap/locations/us-central1/repositories/gcf-artifacts/packages/hello_world [none]
[debug] [2023-11-20T01:23:42.410Z] >>> [apiv2][query] GET https://us.gcr.io/v2/eusaybia-lifemap/gcf/us-central1/tags/list [none]
[debug] [2023-11-20T01:23:43.142Z] <<< [apiv2][status] GET https://us.gcr.io/v2/eusaybia-lifemap/gcf/us-central1/tags/list 200
[debug] [2023-11-20T01:23:43.143Z] <<< [apiv2][body] GET https://us.gcr.io/v2/eusaybia-lifemap/gcf/us-central1/tags/list {"child":[],"manifest":{},"name":"eusaybia-lifemap/gcf/us-central1","tags":[]}
[debug] [2023-11-20T01:23:43.143Z] Could not find image for function projects/eusaybia-lifemap/locations/us-central1/functions/generateAuthenticationToken
[debug] [2023-11-20T01:23:43.147Z] Could not find image for function projects/eusaybia-lifemap/locations/us-central1/functions/helloWorld
[debug] [2023-11-20T01:23:44.137Z] <<< [apiv2][status] DELETE https://artifactregistry.googleapis.com/v1beta2/projects/eusaybia-lifemap/locations/us-central1/repositories/gcf-artifacts/packages/hello_world 404
[debug] [2023-11-20T01:23:44.137Z] <<< [apiv2][body] DELETE https://artifactregistry.googleapis.com/v1beta2/projects/eusaybia-lifemap/locations/us-central1/repositories/gcf-artifacts/packages/hello_world {"error":{"code":404,"message":"Package \"projects/eusaybia-lifemap/locations/us-central1/repositories/gcf-artifacts/packages/hello_world\" was not found.","status":"NOT_FOUND"}}
[debug] [2023-11-20T01:23:44.149Z] <<< [apiv2][status] DELETE https://artifactregistry.googleapis.com/v1beta2/projects/eusaybia-lifemap/locations/us-central1/repositories/gcf-artifacts/packages/generate_authentication_token 200
[debug] [2023-11-20T01:23:44.150Z] <<< [apiv2][body] DELETE https://artifactregistry.googleapis.com/v1beta2/projects/eusaybia-lifemap/locations/us-central1/repositories/gcf-artifacts/packages/generate_authentication_token {"name":"projects/eusaybia-lifemap/locations/us-central1/operations/7772e0c5-2b10-4082-8ba8-de9ec9505d7b","metadata":{"@type":"type.googleapis.com/google.devtools.artifactregistry.v1beta2.OperationMetadata"}}
[debug] [2023-11-20T01:23:44.150Z] >>> [apiv2][query] GET https://artifactregistry.googleapis.com/v1beta2/projects/eusaybia-lifemap/locations/us-central1/operations/7772e0c5-2b10-4082-8ba8-de9ec9505d7b [none]
[debug] [2023-11-20T01:23:45.871Z] <<< [apiv2][status] GET https://artifactregistry.googleapis.com/v1beta2/projects/eusaybia-lifemap/locations/us-central1/operations/7772e0c5-2b10-4082-8ba8-de9ec9505d7b 200
[debug] [2023-11-20T01:23:45.871Z] <<< [apiv2][body] GET https://artifactregistry.googleapis.com/v1beta2/projects/eusaybia-lifemap/locations/us-central1/operations/7772e0c5-2b10-4082-8ba8-de9ec9505d7b {"name":"projects/eusaybia-lifemap/locations/us-central1/operations/7772e0c5-2b10-4082-8ba8-de9ec9505d7b","metadata":{"@type":"type.googleapis.com/google.devtools.artifactregistry.v1beta2.OperationMetadata"},"done":true,"response":{"@type":"type.googleapis.com/google.protobuf.Empty"}}
[debug] [2023-11-20T01:23:45.871Z] Functions deploy failed.
[debug] [2023-11-20T01:23:45.871Z] {
  "endpoint": {
    "id": "helloWorld",
    "project": "eusaybia-lifemap",
    "region": "us-central1",
    "entryPoint": "helloWorld",
    "platform": "gcfv2",
    "runtime": "nodejs18",
    "httpsTrigger": {},
    "labels": {
      "deployment-tool": "cli-firebase"
    },
    "serviceAccount": null,
    "ingressSettings": null,
    "availableMemoryMb": null,
    "timeoutSeconds": null,
    "maxInstances": null,
    "minInstances": null,
    "concurrency": 80,
    "vpc": null,
    "environmentVariables": {
      "FIREBASE_CONFIG": "{\"projectId\":\"eusaybia-lifemap\",\"storageBucket\":\"eusaybia-lifemap.appspot.com\"}",
      "GCLOUD_PROJECT": "eusaybia-lifemap",
      "EVENTARC_CLOUD_EVENT_SOURCE": "projects/eusaybia-lifemap/locations/us-central1/services/helloWorld"
    },
    "codebase": "default",
    "cpu": 1,
    "targetedByOnly": false,
    "hash": "9a31485a8779c5e956ba7dca3cccb953acd6b2f1"
  },
  "op": "create",
  "original": {
    "name": "FirebaseError",
    "children": [],
    "context": {
      "function": "projects/eusaybia-lifemap/locations/us-central1/functions/helloWorld"
    },
    "exit": 1,
    "message": "Failed to create function projects/eusaybia-lifemap/locations/us-central1/functions/helloWorld",
    "original": {
      "name": "FirebaseError",
      "children": [],
      "context": {
        "body": {
          "error": {
            "code": 400,
            "message": "Could not create Cloud Run service helloworld. spec.template.spec.containers.resources.limits.cpu: Invalid value specified for cpu. For the specified value, maxScale may not exceed 10.\nConsider running your workload in a region with greater capacity, decreasing your requested cpu-per-instance, or requesting an increase in quota for this region if you are seeing sustained usage near this limit, see https://cloud.google.com/run/quotas. Your project may gain access to further scaling by adding billing information to your account.",
            "status": "INVALID_ARGUMENT"
          }
        },
        "response": {
          "statusCode": 400
        }
      },
      "exit": 1,
      "message": "HTTP Error: 400, Could not create Cloud Run service helloworld. spec.template.spec.containers.resources.limits.cpu: Invalid value specified for cpu. For the specified value, maxScale may not exceed 10.\nConsider running your workload in a region with greater capacity, decreasing your requested cpu-per-instance, or requesting an increase in quota for this region if you are seeing sustained usage near this limit, see https://cloud.google.com/run/quotas. Your project may gain access to further scaling by adding billing information to your account.",
      "status": 400
    },
    "status": 400,
    "code": 400
  }
}
[debug] [2023-11-20T01:23:46.113Z] Error: Failed to create function helloWorld in region us-central1
    at /Users/kongweiying/.config/yarn/global/node_modules/firebase-tools/lib/deploy/functions/release/fabricator.js:288:27
    at process.processTicksAndRejections (node:internal/process/task_queues:95:5)
    at async Fabricator.createV2Function (/Users/kongweiying/.config/yarn/global/node_modules/firebase-tools/lib/deploy/functions/release/fabricator.js:276:30)
    at async Fabricator.createEndpoint (/Users/kongweiying/.config/yarn/global/node_modules/firebase-tools/lib/deploy/functions/release/fabricator.js:135:13)
    at async handle (/Users/kongweiying/.config/yarn/global/node_modules/firebase-tools/lib/deploy/functions/release/fabricator.js:88:17)
[error] 
[error] Error: There was an error deploying functions
