[debug] [2023-08-14T07:42:16.820Z] ----------------------------------------------------------------------
[debug] [2023-08-14T07:42:16.821Z] Command:       /opt/homebrew/Cellar/node/18.8.0_1/bin/node /opt/homebrew/bin/firebase deploy
[debug] [2023-08-14T07:42:16.821Z] CLI Version:   12.4.7
[debug] [2023-08-14T07:42:16.821Z] Platform:      darwin
[debug] [2023-08-14T07:42:16.821Z] Node Version:  v18.8.0
[debug] [2023-08-14T07:42:16.825Z] Time:          Mon Aug 14 2023 17:42:16 GMT+1000 (Australian Eastern Standard Time)
[debug] [2023-08-14T07:42:16.825Z] ----------------------------------------------------------------------
[debug] 
[debug] [2023-08-14T07:42:16.827Z] >>> [apiv2][query] GET https://firebase-public.firebaseio.com/cli.json [none]
[debug] [2023-08-14T07:42:16.880Z] > command requires scopes: ["email","openid","https://www.googleapis.com/auth/cloudplatformprojects.readonly","https://www.googleapis.com/auth/firebase","https://www.googleapis.com/auth/cloud-platform"]
[debug] [2023-08-14T07:42:16.880Z] > authorizing via signed-in user (kongwei@eusaybia.com)
[debug] [2023-08-14T07:42:16.880Z] [iam] checking project lifemap-8a767 for permissions ["cloudfunctions.functions.create","cloudfunctions.functions.delete","cloudfunctions.functions.get","cloudfunctions.functions.list","cloudfunctions.functions.update","cloudfunctions.operations.get","firebase.projects.get"]
[debug] [2023-08-14T07:42:16.881Z] > refreshing access token with scopes: []
[debug] [2023-08-14T07:42:16.881Z] >>> [apiv2][query] POST https://www.googleapis.com/oauth2/v3/token [none]
[debug] [2023-08-14T07:42:16.881Z] >>> [apiv2][body] POST https://www.googleapis.com/oauth2/v3/token [omitted]
[debug] [2023-08-14T07:42:17.359Z] <<< [apiv2][status] POST https://www.googleapis.com/oauth2/v3/token 200
[debug] [2023-08-14T07:42:17.359Z] <<< [apiv2][body] POST https://www.googleapis.com/oauth2/v3/token [omitted]
[debug] [2023-08-14T07:42:17.371Z] >>> [apiv2][query] POST https://cloudresourcemanager.googleapis.com/v1/projects/lifemap-8a767:testIamPermissions [none]
[debug] [2023-08-14T07:42:17.372Z] >>> [apiv2][(partial)header] POST https://cloudresourcemanager.googleapis.com/v1/projects/lifemap-8a767:testIamPermissions x-goog-quota-user=projects/lifemap-8a767
[debug] [2023-08-14T07:42:17.372Z] >>> [apiv2][body] POST https://cloudresourcemanager.googleapis.com/v1/projects/lifemap-8a767:testIamPermissions {"permissions":["cloudfunctions.functions.create","cloudfunctions.functions.delete","cloudfunctions.functions.get","cloudfunctions.functions.list","cloudfunctions.functions.update","cloudfunctions.operations.get","firebase.projects.get"]}
[debug] [2023-08-14T07:42:17.389Z] <<< [apiv2][status] GET https://firebase-public.firebaseio.com/cli.json 200
[debug] [2023-08-14T07:42:17.390Z] <<< [apiv2][body] GET https://firebase-public.firebaseio.com/cli.json {"cloudBuildErrorAfter":1594252800000,"cloudBuildWarnAfter":1590019200000,"defaultNode10After":1594252800000,"minVersion":"3.0.5","node8DeploysDisabledAfter":1613390400000,"node8RuntimeDisabledAfter":1615809600000,"node8WarnAfter":1600128000000}
[debug] [2023-08-14T07:42:18.497Z] <<< [apiv2][status] POST https://cloudresourcemanager.googleapis.com/v1/projects/lifemap-8a767:testIamPermissions 200
[debug] [2023-08-14T07:42:18.497Z] <<< [apiv2][body] POST https://cloudresourcemanager.googleapis.com/v1/projects/lifemap-8a767:testIamPermissions {"permissions":["cloudfunctions.functions.create","cloudfunctions.functions.delete","cloudfunctions.functions.get","cloudfunctions.functions.list","cloudfunctions.functions.update","cloudfunctions.operations.get","firebase.projects.get"]}
[debug] [2023-08-14T07:42:18.498Z] >>> [apiv2][query] POST https://iam.googleapis.com/v1/projects/lifemap-8a767/serviceAccounts/lifemap-8a767@appspot.gserviceaccount.com:testIamPermissions [none]
[debug] [2023-08-14T07:42:18.498Z] >>> [apiv2][body] POST https://iam.googleapis.com/v1/projects/lifemap-8a767/serviceAccounts/lifemap-8a767@appspot.gserviceaccount.com:testIamPermissions {"permissions":["iam.serviceAccounts.actAs"]}
[debug] [2023-08-14T07:42:19.897Z] <<< [apiv2][status] POST https://iam.googleapis.com/v1/projects/lifemap-8a767/serviceAccounts/lifemap-8a767@appspot.gserviceaccount.com:testIamPermissions 200
[debug] [2023-08-14T07:42:19.898Z] <<< [apiv2][body] POST https://iam.googleapis.com/v1/projects/lifemap-8a767/serviceAccounts/lifemap-8a767@appspot.gserviceaccount.com:testIamPermissions {"permissions":["iam.serviceAccounts.actAs"]}
[info] 
[info] === Deploying to 'lifemap-8a767'...
[info] 
[info] i  deploying functions 
[info] Running command: npm --prefix "$RESOURCE_DIR" run build
[info] ✔  functions: Finished running predeploy script. 
[debug] [2023-08-14T07:42:21.759Z] >>> [apiv2][query] GET https://firebase.googleapis.com/v1beta1/projects/lifemap-8a767 [none]
[debug] [2023-08-14T07:42:22.631Z] <<< [apiv2][status] GET https://firebase.googleapis.com/v1beta1/projects/lifemap-8a767 200
[debug] [2023-08-14T07:42:22.631Z] <<< [apiv2][body] GET https://firebase.googleapis.com/v1beta1/projects/lifemap-8a767 {"projectId":"lifemap-8a767","projectNumber":"167393207418","displayName":"lifemap","name":"projects/lifemap-8a767","resources":{"hostingSite":"lifemap-8a767"},"state":"ACTIVE","etag":"1_cb78204b-e0b1-45ba-a7ce-5292e710cec5"}
[info] i  functions: preparing codebase default for deployment 
[info] i  functions: ensuring required API cloudfunctions.googleapis.com is enabled... 
[info] i  functions: ensuring required API cloudbuild.googleapis.com is enabled... 
[info] i  artifactregistry: ensuring required API artifactregistry.googleapis.com is enabled... 
[debug] [2023-08-14T07:42:22.633Z] >>> [apiv2][query] GET https://serviceusage.googleapis.com/v1/projects/lifemap-8a767/services/cloudfunctions.googleapis.com [none]
[debug] [2023-08-14T07:42:22.633Z] >>> [apiv2][(partial)header] GET https://serviceusage.googleapis.com/v1/projects/lifemap-8a767/services/cloudfunctions.googleapis.com x-goog-quota-user=projects/lifemap-8a767
[debug] [2023-08-14T07:42:22.634Z] >>> [apiv2][query] GET https://serviceusage.googleapis.com/v1/projects/lifemap-8a767/services/runtimeconfig.googleapis.com [none]
[debug] [2023-08-14T07:42:22.634Z] >>> [apiv2][(partial)header] GET https://serviceusage.googleapis.com/v1/projects/lifemap-8a767/services/runtimeconfig.googleapis.com x-goog-quota-user=projects/lifemap-8a767
[debug] [2023-08-14T07:42:22.634Z] >>> [apiv2][query] GET https://serviceusage.googleapis.com/v1/projects/lifemap-8a767/services/cloudbuild.googleapis.com [none]
[debug] [2023-08-14T07:42:22.634Z] >>> [apiv2][(partial)header] GET https://serviceusage.googleapis.com/v1/projects/lifemap-8a767/services/cloudbuild.googleapis.com x-goog-quota-user=projects/lifemap-8a767
[debug] [2023-08-14T07:42:22.635Z] >>> [apiv2][query] GET https://serviceusage.googleapis.com/v1/projects/lifemap-8a767/services/artifactregistry.googleapis.com [none]
[debug] [2023-08-14T07:42:22.635Z] >>> [apiv2][(partial)header] GET https://serviceusage.googleapis.com/v1/projects/lifemap-8a767/services/artifactregistry.googleapis.com x-goog-quota-user=projects/lifemap-8a767
[debug] [2023-08-14T07:42:24.236Z] <<< [apiv2][status] GET https://serviceusage.googleapis.com/v1/projects/lifemap-8a767/services/artifactregistry.googleapis.com 200
[debug] [2023-08-14T07:42:24.237Z] <<< [apiv2][body] GET https://serviceusage.googleapis.com/v1/projects/lifemap-8a767/services/artifactregistry.googleapis.com [omitted]
[info] ✔  artifactregistry: required API artifactregistry.googleapis.com is enabled 
[debug] [2023-08-14T07:42:24.237Z] <<< [apiv2][status] GET https://serviceusage.googleapis.com/v1/projects/lifemap-8a767/services/runtimeconfig.googleapis.com 200
[debug] [2023-08-14T07:42:24.237Z] <<< [apiv2][body] GET https://serviceusage.googleapis.com/v1/projects/lifemap-8a767/services/runtimeconfig.googleapis.com [omitted]
[debug] [2023-08-14T07:42:24.239Z] <<< [apiv2][status] GET https://serviceusage.googleapis.com/v1/projects/lifemap-8a767/services/cloudfunctions.googleapis.com 200
[debug] [2023-08-14T07:42:24.239Z] <<< [apiv2][body] GET https://serviceusage.googleapis.com/v1/projects/lifemap-8a767/services/cloudfunctions.googleapis.com [omitted]
[info] ✔  functions: required API cloudfunctions.googleapis.com is enabled 
[debug] [2023-08-14T07:42:24.243Z] <<< [apiv2][status] GET https://serviceusage.googleapis.com/v1/projects/lifemap-8a767/services/cloudbuild.googleapis.com 200
[debug] [2023-08-14T07:42:24.243Z] <<< [apiv2][body] GET https://serviceusage.googleapis.com/v1/projects/lifemap-8a767/services/cloudbuild.googleapis.com [omitted]
[info] ✔  functions: required API cloudbuild.googleapis.com is enabled 
[debug] [2023-08-14T07:42:24.243Z] >>> [apiv2][query] GET https://firebase.googleapis.com/v1beta1/projects/lifemap-8a767/adminSdkConfig [none]
[debug] [2023-08-14T07:42:24.846Z] <<< [apiv2][status] GET https://firebase.googleapis.com/v1beta1/projects/lifemap-8a767/adminSdkConfig 200
[debug] [2023-08-14T07:42:24.846Z] <<< [apiv2][body] GET https://firebase.googleapis.com/v1beta1/projects/lifemap-8a767/adminSdkConfig {"projectId":"lifemap-8a767","storageBucket":"lifemap-8a767.appspot.com"}
[debug] [2023-08-14T07:42:24.846Z] >>> [apiv2][query] GET https://runtimeconfig.googleapis.com/v1beta1/projects/lifemap-8a767/configs [none]
[debug] [2023-08-14T07:42:25.832Z] <<< [apiv2][status] GET https://runtimeconfig.googleapis.com/v1beta1/projects/lifemap-8a767/configs 200
[debug] [2023-08-14T07:42:25.832Z] <<< [apiv2][body] GET https://runtimeconfig.googleapis.com/v1beta1/projects/lifemap-8a767/configs {}
[debug] [2023-08-14T07:42:25.834Z] Validating nodejs source
[debug] [2023-08-14T07:42:26.296Z] > [functions] package.json contents: {
  "name": "functions",
  "scripts": {
    "build": "tsc --skipLibCheck",
    "build:watch": "tsc --watch --skipLibCheck",
    "serve": "npm run build && firebase emulators:start --only functions",
    "shell": "npm run build && firebase functions:shell",
    "start": "npm run shell",
    "deploy": "firebase deploy --only functions",
    "logs": "firebase functions:log"
  },
  "engines": {
    "node": "18"
  },
  "main": "lib/index.js",
  "dependencies": {
    "firebase-admin": "^11.8.0",
    "firebase-functions": "^4.3.1"
  },
  "devDependencies": {
    "@types/jsonwebtoken": "^9.0.2",
    "firebase-functions-test": "^3.1.0",
    "typescript": "^4.9.0"
  },
  "private": true
}
[debug] [2023-08-14T07:42:26.296Z] Building nodejs source
[info] i  functions: Loading and analyzing source code for codebase default to determine what to deploy 
[debug] [2023-08-14T07:42:26.297Z] Could not find functions.yaml. Must use http discovery
[debug] [2023-08-14T07:42:26.302Z] Found firebase-functions binary at '/Users/kongweiying/Documents/GitHub/Eusaybia/lifemap/functions/node_modules/.bin/firebase-functions'
[info] Serving at port 8131

[debug] [2023-08-14T07:42:26.649Z] Got response from /__/functions.yaml {"endpoints":{"generateAuthenticationToken":{"platform":"gcfv1","labels":{},"availableMemoryMb":null,"timeoutSeconds":null,"minInstances":null,"maxInstances":null,"ingressSettings":null,"serviceAccountEmail":null,"vpc":null,"callableTrigger":{},"entryPoint":"generateAuthenticationToken"},"helloWorld":{"availableMemoryMb":null,"timeoutSeconds":null,"minInstances":null,"maxInstances":null,"ingressSettings":null,"concurrency":null,"serviceAccountEmail":null,"vpc":null,"platform":"gcfv2","labels":{},"httpsTrigger":{},"entryPoint":"helloWorld"}},"specVersion":"v1alpha1","requiredAPIs":[]}
[info] shutdown requested via /__/quitquitquit

[info] i  functions: preparing functions directory for uploading... 
[info] i  functions: packaged /Users/kongweiying/Documents/GitHub/Eusaybia/lifemap/functions (129.2 KB) for uploading 
[info] i  functions: packaged /Users/kongweiying/Documents/GitHub/Eusaybia/lifemap/functions (129.41 KB) for uploading 
[debug] [2023-08-14T07:42:26.700Z] >>> [apiv2][query] GET https://cloudfunctions.googleapis.com/v1/projects/lifemap-8a767/locations/-/functions [none]
[debug] [2023-08-14T07:42:27.676Z] <<< [apiv2][status] GET https://cloudfunctions.googleapis.com/v1/projects/lifemap-8a767/locations/-/functions 200
[debug] [2023-08-14T07:42:27.676Z] <<< [apiv2][body] GET https://cloudfunctions.googleapis.com/v1/projects/lifemap-8a767/locations/-/functions {"functions":[{"name":"projects/lifemap-8a767/locations/us-central1/functions/generateAuthenticationToken","httpsTrigger":{"url":"https://us-central1-lifemap-8a767.cloudfunctions.net/generateAuthenticationToken","securityLevel":"SECURE_ALWAYS"},"status":"ACTIVE","entryPoint":"generateAuthenticationToken","timeout":"60s","availableMemoryMb":256,"serviceAccountEmail":"lifemap-8a767@appspot.gserviceaccount.com","updateTime":"2023-08-10T05:45:46.401Z","versionId":"2","labels":{"deployment-tool":"cli-firebase","deployment-callable":"true","firebase-functions-hash":"8e48478ff116eaf699375bce81bed28aeba9597a"},"sourceUploadUrl":"https://storage.googleapis.com/uploads-22451103926.us-central1.cloudfunctions.appspot.com/353b52f0-0ba0-4dba-bf90-c0d552df6cbe.zip","environmentVariables":{"FIREBASE_CONFIG":"{\"projectId\":\"lifemap-8a767\",\"storageBucket\":\"lifemap-8a767.appspot.com\"}","GCLOUD_PROJECT":"lifemap-8a767","EVENTARC_CLOUD_EVENT_SOURCE":"projects/lifemap-8a767/locations/us-central1/functions/generateAuthenticationToken"},"runtime":"nodejs18","ingressSettings":"ALLOW_ALL","buildId":"af88fdda-45c1-4f15-a09a-7597195123a4","buildEnvironmentVariables":{"GOOGLE_NODE_RUN_SCRIPTS":""},"buildName":"projects/167393207418/locations/us-central1/builds/af88fdda-45c1-4f15-a09a-7597195123a4","dockerRegistry":"ARTIFACT_REGISTRY"}]}
[debug] [2023-08-14T07:42:27.678Z] >>> [apiv2][query] GET https://cloudfunctions.googleapis.com/v2/projects/lifemap-8a767/locations/-/functions filter=environment%3D%22GEN_2%22
[debug] [2023-08-14T07:42:29.537Z] <<< [apiv2][status] GET https://cloudfunctions.googleapis.com/v2/projects/lifemap-8a767/locations/-/functions 200
[debug] [2023-08-14T07:42:29.537Z] <<< [apiv2][body] GET https://cloudfunctions.googleapis.com/v2/projects/lifemap-8a767/locations/-/functions {}
[info] i  functions: ensuring required API run.googleapis.com is enabled... 
[info] i  functions: ensuring required API eventarc.googleapis.com is enabled... 
[info] i  functions: ensuring required API pubsub.googleapis.com is enabled... 
[info] i  functions: ensuring required API storage.googleapis.com is enabled... 
[debug] [2023-08-14T07:42:29.539Z] >>> [apiv2][query] GET https://serviceusage.googleapis.com/v1/projects/lifemap-8a767/services/run.googleapis.com [none]
[debug] [2023-08-14T07:42:29.539Z] >>> [apiv2][(partial)header] GET https://serviceusage.googleapis.com/v1/projects/lifemap-8a767/services/run.googleapis.com x-goog-quota-user=projects/lifemap-8a767
[debug] [2023-08-14T07:42:29.539Z] >>> [apiv2][query] GET https://serviceusage.googleapis.com/v1/projects/lifemap-8a767/services/eventarc.googleapis.com [none]
[debug] [2023-08-14T07:42:29.539Z] >>> [apiv2][(partial)header] GET https://serviceusage.googleapis.com/v1/projects/lifemap-8a767/services/eventarc.googleapis.com x-goog-quota-user=projects/lifemap-8a767
[debug] [2023-08-14T07:42:29.540Z] >>> [apiv2][query] GET https://serviceusage.googleapis.com/v1/projects/lifemap-8a767/services/pubsub.googleapis.com [none]
[debug] [2023-08-14T07:42:29.540Z] >>> [apiv2][(partial)header] GET https://serviceusage.googleapis.com/v1/projects/lifemap-8a767/services/pubsub.googleapis.com x-goog-quota-user=projects/lifemap-8a767
[debug] [2023-08-14T07:42:29.540Z] >>> [apiv2][query] GET https://serviceusage.googleapis.com/v1/projects/lifemap-8a767/services/storage.googleapis.com [none]
[debug] [2023-08-14T07:42:29.540Z] >>> [apiv2][(partial)header] GET https://serviceusage.googleapis.com/v1/projects/lifemap-8a767/services/storage.googleapis.com x-goog-quota-user=projects/lifemap-8a767
[debug] [2023-08-14T07:42:31.047Z] <<< [apiv2][status] GET https://serviceusage.googleapis.com/v1/projects/lifemap-8a767/services/run.googleapis.com 200
[debug] [2023-08-14T07:42:31.047Z] <<< [apiv2][body] GET https://serviceusage.googleapis.com/v1/projects/lifemap-8a767/services/run.googleapis.com [omitted]
[info] ✔  functions: required API run.googleapis.com is enabled 
[debug] [2023-08-14T07:42:31.149Z] <<< [apiv2][status] GET https://serviceusage.googleapis.com/v1/projects/lifemap-8a767/services/eventarc.googleapis.com 200
[debug] [2023-08-14T07:42:31.149Z] <<< [apiv2][body] GET https://serviceusage.googleapis.com/v1/projects/lifemap-8a767/services/eventarc.googleapis.com [omitted]
[info] ✔  functions: required API eventarc.googleapis.com is enabled 
[debug] [2023-08-14T07:42:31.149Z] <<< [apiv2][status] GET https://serviceusage.googleapis.com/v1/projects/lifemap-8a767/services/pubsub.googleapis.com 200
[debug] [2023-08-14T07:42:31.149Z] <<< [apiv2][body] GET https://serviceusage.googleapis.com/v1/projects/lifemap-8a767/services/pubsub.googleapis.com [omitted]
[info] ✔  functions: required API pubsub.googleapis.com is enabled 
[debug] [2023-08-14T07:42:31.153Z] <<< [apiv2][status] GET https://serviceusage.googleapis.com/v1/projects/lifemap-8a767/services/storage.googleapis.com 200
[debug] [2023-08-14T07:42:31.153Z] <<< [apiv2][body] GET https://serviceusage.googleapis.com/v1/projects/lifemap-8a767/services/storage.googleapis.com [omitted]
[info] ✔  functions: required API storage.googleapis.com is enabled 
[info] i  functions: generating the service identity for pubsub.googleapis.com... 
[info] i  functions: generating the service identity for eventarc.googleapis.com... 
[debug] [2023-08-14T07:42:31.153Z] >>> [apiv2][query] POST https://serviceusage.googleapis.com/v1beta1/projects/167393207418/services/pubsub.googleapis.com:generateServiceIdentity [none]
[debug] [2023-08-14T07:42:31.154Z] >>> [apiv2][query] POST https://serviceusage.googleapis.com/v1beta1/projects/167393207418/services/eventarc.googleapis.com:generateServiceIdentity [none]
[debug] [2023-08-14T07:42:32.714Z] <<< [apiv2][status] POST https://serviceusage.googleapis.com/v1beta1/projects/167393207418/services/pubsub.googleapis.com:generateServiceIdentity 200
[debug] [2023-08-14T07:42:32.714Z] <<< [apiv2][body] POST https://serviceusage.googleapis.com/v1beta1/projects/167393207418/services/pubsub.googleapis.com:generateServiceIdentity {"name":"operations/finished.DONE_OPERATION","done":true,"response":{"@type":"type.googleapis.com/google.api.serviceusage.v1beta1.ServiceIdentity","email":"service-167393207418@gcp-sa-pubsub.iam.gserviceaccount.com","uniqueId":"114850003234994134790"}}
[debug] [2023-08-14T07:42:32.768Z] <<< [apiv2][status] POST https://serviceusage.googleapis.com/v1beta1/projects/167393207418/services/eventarc.googleapis.com:generateServiceIdentity 200
[debug] [2023-08-14T07:42:32.768Z] <<< [apiv2][body] POST https://serviceusage.googleapis.com/v1beta1/projects/167393207418/services/eventarc.googleapis.com:generateServiceIdentity {"name":"operations/finished.DONE_OPERATION","done":true,"response":{"@type":"type.googleapis.com/google.api.serviceusage.v1beta1.ServiceIdentity","email":"service-167393207418@gcp-sa-eventarc.iam.gserviceaccount.com","uniqueId":"114661764211106257595"}}
[debug] [2023-08-14T07:42:32.769Z] >>> [apiv2][query] GET https://firebase.googleapis.com/v1beta1/projects/lifemap-8a767 [none]
[debug] [2023-08-14T07:42:33.374Z] <<< [apiv2][status] GET https://firebase.googleapis.com/v1beta1/projects/lifemap-8a767 200
[debug] [2023-08-14T07:42:33.374Z] <<< [apiv2][body] GET https://firebase.googleapis.com/v1beta1/projects/lifemap-8a767 {"projectId":"lifemap-8a767","projectNumber":"167393207418","displayName":"lifemap","name":"projects/lifemap-8a767","resources":{"hostingSite":"lifemap-8a767"},"state":"ACTIVE","etag":"1_cb78204b-e0b1-45ba-a7ce-5292e710cec5"}
[debug] [2023-08-14T07:42:33.375Z] [functions] found 1 new HTTP functions, testing setIamPolicy permission...
[debug] [2023-08-14T07:42:33.375Z] >>> [apiv2][query] POST https://cloudresourcemanager.googleapis.com/v1/projects/lifemap-8a767:testIamPermissions [none]
[debug] [2023-08-14T07:42:33.375Z] >>> [apiv2][(partial)header] POST https://cloudresourcemanager.googleapis.com/v1/projects/lifemap-8a767:testIamPermissions x-goog-quota-user=projects/lifemap-8a767
[debug] [2023-08-14T07:42:33.375Z] >>> [apiv2][body] POST https://cloudresourcemanager.googleapis.com/v1/projects/lifemap-8a767:testIamPermissions {"permissions":["cloudfunctions.functions.setIamPolicy"]}
[debug] [2023-08-14T07:42:34.513Z] <<< [apiv2][status] POST https://cloudresourcemanager.googleapis.com/v1/projects/lifemap-8a767:testIamPermissions 200
[debug] [2023-08-14T07:42:34.513Z] <<< [apiv2][body] POST https://cloudresourcemanager.googleapis.com/v1/projects/lifemap-8a767:testIamPermissions {"permissions":["cloudfunctions.functions.setIamPolicy"]}
[debug] [2023-08-14T07:42:34.513Z] [functions] found setIamPolicy permission, proceeding with deploy
[debug] [2023-08-14T07:42:34.513Z] >>> [apiv2][query] POST https://cloudfunctions.googleapis.com/v1/projects/lifemap-8a767/locations/us-central1/functions:generateUploadUrl [none]
[debug] [2023-08-14T07:42:34.513Z] >>> [apiv2][body] POST https://cloudfunctions.googleapis.com/v1/projects/lifemap-8a767/locations/us-central1/functions:generateUploadUrl {}
[debug] [2023-08-14T07:42:34.514Z] >>> [apiv2][query] POST https://cloudfunctions.googleapis.com/v2/projects/lifemap-8a767/locations/us-central1/functions:generateUploadUrl [none]
[debug] [2023-08-14T07:42:35.512Z] <<< [apiv2][status] POST https://cloudfunctions.googleapis.com/v1/projects/lifemap-8a767/locations/us-central1/functions:generateUploadUrl 200
[debug] [2023-08-14T07:42:35.512Z] <<< [apiv2][body] POST https://cloudfunctions.googleapis.com/v1/projects/lifemap-8a767/locations/us-central1/functions:generateUploadUrl {"uploadUrl":"https://storage.googleapis.com/uploads-22451103926.us-central1.cloudfunctions.appspot.com/8b8aa740-92ac-407a-9552-b5e485f922c4.zip?GoogleAccessId=service-167393207418@gcf-admin-robot.iam.gserviceaccount.com&Expires=1692000755&Signature=dQ%2F3DKiJ%2Bm0atT7MJ9kxiDYM6PywXNLeu25qPgSNtRYgUXxu853gElWyEkCVHl%2FgRMSYSRwDKoLe3qZruF%2BfEA0tJxianSgYAzHZNhfUjm3%2FB5mf2e72pNFQ%2FnMV%2B%2Fjrcl1vl90cgYS0PwkZmNuduqnuXo9Nye%2BZhvP3NEAY9yKQGFpWKaH4WzZr0uF7aQTKgcGNu1QpnzhLkIiCUq%2BYYWI2v4JLT1%2FKfZrk004ymuiJJQVjdAbj9HbBHWs2sR%2BYm15Qvj8dl2IX0jT2EDpeuJOTtR%2B0U7lQhp4kJS4CpWhMXvbVxGB66ixgYAvi0%2FfF%2BQdCyRhOZcCEqYYnPGjKgw%3D%3D"}
[debug] [2023-08-14T07:42:35.513Z] >>> [apiv2][query] PUT https://storage.googleapis.com/uploads-22451103926.us-central1.cloudfunctions.appspot.com/8b8aa740-92ac-407a-9552-b5e485f922c4.zip GoogleAccessId=service-167393207418%40gcf-admin-robot.iam.gserviceaccount.com&Expires=1692000755&Signature=dQ%2F3DKiJ%2Bm0atT7MJ9kxiDYM6PywXNLeu25qPgSNtRYgUXxu853gElWyEkCVHl%2FgRMSYSRwDKoLe3qZruF%2BfEA0tJxianSgYAzHZNhfUjm3%2FB5mf2e72pNFQ%2FnMV%2B%2Fjrcl1vl90cgYS0PwkZmNuduqnuXo9Nye%2BZhvP3NEAY9yKQGFpWKaH4WzZr0uF7aQTKgcGNu1QpnzhLkIiCUq%2BYYWI2v4JLT1%2FKfZrk004ymuiJJQVjdAbj9HbBHWs2sR%2BYm15Qvj8dl2IX0jT2EDpeuJOTtR%2B0U7lQhp4kJS4CpWhMXvbVxGB66ixgYAvi0%2FfF%2BQdCyRhOZcCEqYYnPGjKgw%3D%3D
[debug] [2023-08-14T07:42:35.513Z] >>> [apiv2][body] PUT https://storage.googleapis.com/uploads-22451103926.us-central1.cloudfunctions.appspot.com/8b8aa740-92ac-407a-9552-b5e485f922c4.zip [stream]
[debug] [2023-08-14T07:42:36.217Z] <<< [apiv2][status] POST https://cloudfunctions.googleapis.com/v2/projects/lifemap-8a767/locations/us-central1/functions:generateUploadUrl 200
[debug] [2023-08-14T07:42:36.217Z] <<< [apiv2][body] POST https://cloudfunctions.googleapis.com/v2/projects/lifemap-8a767/locations/us-central1/functions:generateUploadUrl {"uploadUrl":"https://storage.googleapis.com/gcf-v2-uploads-167393207418-us-central1/ffc846e4-6efd-4054-8ded-60ea6a66403e.zip?GoogleAccessId=service-167393207418@gcf-admin-robot.iam.gserviceaccount.com&Expires=1692000756&Signature=lu8CcS5xFXLQrL%2BF0GHlj3omBCR93Q2ktzcAcLAe%2FvJ3BM4MEOcIMOtq4QQZNsXOmOL%2BoKSAo8Swer9dIoYZhw09zv4AEZe4XuxI5zgiVz6qzsD8agt7hp2V5HkUxnHVl6kosDCmklCOpXfcXVorypeI4lNPiZCPUHFdjofWTOEyQqS0cRyZ39cD1MC%2BFQ2Hoi24C%2FDeXZM66ZL%2BgRvRQtBM%2F1lTjNVitJeQ1FVvcpfKRyAGUiMYUk0vSWH7wlD6kFIuK%2BIemCfRwXyfEZb7hW6MxhU6Cg3ffBmdtVQnIjIegQbjVPjsJShSCAmaItsm643syfKFw91To8MYTR109Q%3D%3D","storageSource":{"bucket":"gcf-v2-uploads-167393207418-us-central1","object":"ffc846e4-6efd-4054-8ded-60ea6a66403e.zip"}}
[debug] [2023-08-14T07:42:36.218Z] >>> [apiv2][query] PUT https://storage.googleapis.com/gcf-v2-uploads-167393207418-us-central1/ffc846e4-6efd-4054-8ded-60ea6a66403e.zip GoogleAccessId=service-167393207418%40gcf-admin-robot.iam.gserviceaccount.com&Expires=1692000756&Signature=lu8CcS5xFXLQrL%2BF0GHlj3omBCR93Q2ktzcAcLAe%2FvJ3BM4MEOcIMOtq4QQZNsXOmOL%2BoKSAo8Swer9dIoYZhw09zv4AEZe4XuxI5zgiVz6qzsD8agt7hp2V5HkUxnHVl6kosDCmklCOpXfcXVorypeI4lNPiZCPUHFdjofWTOEyQqS0cRyZ39cD1MC%2BFQ2Hoi24C%2FDeXZM66ZL%2BgRvRQtBM%2F1lTjNVitJeQ1FVvcpfKRyAGUiMYUk0vSWH7wlD6kFIuK%2BIemCfRwXyfEZb7hW6MxhU6Cg3ffBmdtVQnIjIegQbjVPjsJShSCAmaItsm643syfKFw91To8MYTR109Q%3D%3D
[debug] [2023-08-14T07:42:36.218Z] >>> [apiv2][body] PUT https://storage.googleapis.com/gcf-v2-uploads-167393207418-us-central1/ffc846e4-6efd-4054-8ded-60ea6a66403e.zip [stream]
[debug] [2023-08-14T07:42:36.718Z] <<< [apiv2][status] PUT https://storage.googleapis.com/uploads-22451103926.us-central1.cloudfunctions.appspot.com/8b8aa740-92ac-407a-9552-b5e485f922c4.zip 200
[debug] [2023-08-14T07:42:36.718Z] <<< [apiv2][body] PUT https://storage.googleapis.com/uploads-22451103926.us-central1.cloudfunctions.appspot.com/8b8aa740-92ac-407a-9552-b5e485f922c4.zip [omitted]
[debug] [2023-08-14T07:42:37.402Z] <<< [apiv2][status] PUT https://storage.googleapis.com/gcf-v2-uploads-167393207418-us-central1/ffc846e4-6efd-4054-8ded-60ea6a66403e.zip 200
[debug] [2023-08-14T07:42:37.402Z] <<< [apiv2][body] PUT https://storage.googleapis.com/gcf-v2-uploads-167393207418-us-central1/ffc846e4-6efd-4054-8ded-60ea6a66403e.zip [omitted]
[info] ✔  functions: functions folder uploaded successfully 
[info] i  functions: creating Node.js 18 (2nd Gen) function helloWorld(us-central1)... 
[info] i  functions: updating Node.js 18 (1st Gen) function generateAuthenticationToken(us-central1)... 
[debug] [2023-08-14T07:42:37.407Z] >>> [apiv2][query] POST https://cloudfunctions.googleapis.com/v2/projects/lifemap-8a767/locations/us-central1/functions functionId=helloWorld
[debug] [2023-08-14T07:42:37.407Z] >>> [apiv2][body] POST https://cloudfunctions.googleapis.com/v2/projects/lifemap-8a767/locations/us-central1/functions {"name":"projects/lifemap-8a767/locations/us-central1/functions/helloWorld","buildConfig":{"runtime":"nodejs18","entryPoint":"helloWorld","source":{"storageSource":{"bucket":"gcf-v2-uploads-167393207418-us-central1","object":"ffc846e4-6efd-4054-8ded-60ea6a66403e.zip"}},"environmentVariables":{"GOOGLE_NODE_RUN_SCRIPTS":""}},"serviceConfig":{"environmentVariables":{"FIREBASE_CONFIG":"{\"projectId\":\"lifemap-8a767\",\"storageBucket\":\"lifemap-8a767.appspot.com\"}","GCLOUD_PROJECT":"lifemap-8a767","EVENTARC_CLOUD_EVENT_SOURCE":"projects/lifemap-8a767/locations/us-central1/services/helloWorld"},"ingressSettings":null,"timeoutSeconds":null,"serviceAccountEmail":null,"availableMemory":"256Mi","minInstanceCount":null,"maxInstanceCount":null,"maxInstanceRequestConcurrency":80,"availableCpu":"1","vpcConnector":null,"vpcConnectorEgressSettings":null},"labels":{"deployment-tool":"cli-firebase","firebase-functions-hash":"ac7ec42870c6c310d84914ab2d04b422dc37ddbb"}}
[debug] [2023-08-14T07:42:37.408Z] >>> [apiv2][query] PATCH https://cloudfunctions.googleapis.com/v1/projects/lifemap-8a767/locations/us-central1/functions/generateAuthenticationToken updateMask=name%2CsourceUploadUrl%2CentryPoint%2Cruntime%2CdockerRegistry%2Clabels%2ChttpsTrigger.securityLevel%2CminInstances%2CmaxInstances%2CingressSettings%2CenvironmentVariables%2CserviceAccountEmail%2CavailableMemoryMb%2Ctimeout%2CvpcConnector%2CvpcConnectorEgressSettings%2CsourceToken%2CbuildEnvironmentVariables
[debug] [2023-08-14T07:42:37.408Z] >>> [apiv2][body] PATCH https://cloudfunctions.googleapis.com/v1/projects/lifemap-8a767/locations/us-central1/functions/generateAuthenticationToken {"name":"projects/lifemap-8a767/locations/us-central1/functions/generateAuthenticationToken","sourceUploadUrl":"https://storage.googleapis.com/uploads-22451103926.us-central1.cloudfunctions.appspot.com/8b8aa740-92ac-407a-9552-b5e485f922c4.zip?GoogleAccessId=service-167393207418@gcf-admin-robot.iam.gserviceaccount.com&Expires=1692000755&Signature=dQ%2F3DKiJ%2Bm0atT7MJ9kxiDYM6PywXNLeu25qPgSNtRYgUXxu853gElWyEkCVHl%2FgRMSYSRwDKoLe3qZruF%2BfEA0tJxianSgYAzHZNhfUjm3%2FB5mf2e72pNFQ%2FnMV%2B%2Fjrcl1vl90cgYS0PwkZmNuduqnuXo9Nye%2BZhvP3NEAY9yKQGFpWKaH4WzZr0uF7aQTKgcGNu1QpnzhLkIiCUq%2BYYWI2v4JLT1%2FKfZrk004ymuiJJQVjdAbj9HbBHWs2sR%2BYm15Qvj8dl2IX0jT2EDpeuJOTtR%2B0U7lQhp4kJS4CpWhMXvbVxGB66ixgYAvi0%2FfF%2BQdCyRhOZcCEqYYnPGjKgw%3D%3D","entryPoint":"generateAuthenticationToken","runtime":"nodejs18","dockerRegistry":"ARTIFACT_REGISTRY","labels":{"deployment-tool":"cli-firebase","deployment-callable":"true","firebase-functions-hash":"f9416db71e385296c15a6e9a9e0bef894301ef3e"},"httpsTrigger":{"securityLevel":"SECURE_ALWAYS"},"minInstances":null,"maxInstances":null,"ingressSettings":null,"environmentVariables":{"FIREBASE_CONFIG":"{\"projectId\":\"lifemap-8a767\",\"storageBucket\":\"lifemap-8a767.appspot.com\"}","GCLOUD_PROJECT":"lifemap-8a767","EVENTARC_CLOUD_EVENT_SOURCE":"projects/lifemap-8a767/locations/us-central1/functions/generateAuthenticationToken"},"serviceAccountEmail":null,"availableMemoryMb":null,"timeout":null,"vpcConnector":null,"vpcConnectorEgressSettings":null,"buildEnvironmentVariables":{"GOOGLE_NODE_RUN_SCRIPTS":""}}
[debug] [2023-08-14T07:42:38.389Z] <<< [apiv2][status] PATCH https://cloudfunctions.googleapis.com/v1/projects/lifemap-8a767/locations/us-central1/functions/generateAuthenticationToken 200
[debug] [2023-08-14T07:42:38.389Z] <<< [apiv2][body] PATCH https://cloudfunctions.googleapis.com/v1/projects/lifemap-8a767/locations/us-central1/functions/generateAuthenticationToken {"name":"operations/bGlmZW1hcC04YTc2Ny91cy1jZW50cmFsMS9nZW5lcmF0ZUF1dGhlbnRpY2F0aW9uVG9rZW4vX0luQ2szY1ZEeDg","metadata":{"@type":"type.googleapis.com/google.cloud.functions.v1.OperationMetadataV1","target":"projects/lifemap-8a767/locations/us-central1/functions/generateAuthenticationToken","type":"UPDATE_FUNCTION","request":{"@type":"type.googleapis.com/google.cloud.functions.v1.CloudFunction","name":"projects/lifemap-8a767/locations/us-central1/functions/generateAuthenticationToken","httpsTrigger":{"url":"https://us-central1-lifemap-8a767.cloudfunctions.net/generateAuthenticationToken","securityLevel":"SECURE_ALWAYS"},"status":"ACTIVE","entryPoint":"generateAuthenticationToken","updateTime":"2023-08-10T05:45:46.401Z","versionId":"2","labels":{"deployment-tool":"cli-firebase","deployment-callable":"true","firebase-functions-hash":"f9416db71e385296c15a6e9a9e0bef894301ef3e"},"sourceUploadUrl":"https://storage.googleapis.com/uploads-22451103926.us-central1.cloudfunctions.appspot.com/8b8aa740-92ac-407a-9552-b5e485f922c4.zip?GoogleAccessId=service-167393207418@gcf-admin-robot.iam.gserviceaccount.com&Expires=1692000755&Signature=dQ%2F3DKiJ%2Bm0atT7MJ9kxiDYM6PywXNLeu25qPgSNtRYgUXxu853gElWyEkCVHl%2FgRMSYSRwDKoLe3qZruF%2BfEA0tJxianSgYAzHZNhfUjm3%2FB5mf2e72pNFQ%2FnMV%2B%2Fjrcl1vl90cgYS0PwkZmNuduqnuXo9Nye%2BZhvP3NEAY9yKQGFpWKaH4WzZr0uF7aQTKgcGNu1QpnzhLkIiCUq%2BYYWI2v4JLT1%2FKfZrk004ymuiJJQVjdAbj9HbBHWs2sR%2BYm15Qvj8dl2IX0jT2EDpeuJOTtR%2B0U7lQhp4kJS4CpWhMXvbVxGB66ixgYAvi0%2FfF%2BQdCyRhOZcCEqYYnPGjKgw%3D%3D","environmentVariables":{"FIREBASE_CONFIG":"{\"projectId\":\"lifemap-8a767\",\"storageBucket\":\"lifemap-8a767.appspot.com\"}","GCLOUD_PROJECT":"lifemap-8a767","EVENTARC_CLOUD_EVENT_SOURCE":"projects/lifemap-8a767/locations/us-central1/functions/generateAuthenticationToken"},"runtime":"nodejs18","buildId":"af88fdda-45c1-4f15-a09a-7597195123a4","buildEnvironmentVariables":{"GOOGLE_NODE_RUN_SCRIPTS":""},"buildName":"projects/167393207418/locations/us-central1/builds/af88fdda-45c1-4f15-a09a-7597195123a4","dockerRegistry":"ARTIFACT_REGISTRY"},"versionId":"3","updateTime":"2023-08-14T07:42:38Z"}}
[debug] [2023-08-14T07:42:38.390Z] >>> [apiv2][query] GET https://cloudfunctions.googleapis.com/v1/operations/bGlmZW1hcC04YTc2Ny91cy1jZW50cmFsMS9nZW5lcmF0ZUF1dGhlbnRpY2F0aW9uVG9rZW4vX0luQ2szY1ZEeDg [none]
[debug] [2023-08-14T07:42:39.024Z] <<< [apiv2][status] GET https://cloudfunctions.googleapis.com/v1/operations/bGlmZW1hcC04YTc2Ny91cy1jZW50cmFsMS9nZW5lcmF0ZUF1dGhlbnRpY2F0aW9uVG9rZW4vX0luQ2szY1ZEeDg 200
[debug] [2023-08-14T07:42:39.024Z] <<< [apiv2][body] GET https://cloudfunctions.googleapis.com/v1/operations/bGlmZW1hcC04YTc2Ny91cy1jZW50cmFsMS9nZW5lcmF0ZUF1dGhlbnRpY2F0aW9uVG9rZW4vX0luQ2szY1ZEeDg {"name":"operations/bGlmZW1hcC04YTc2Ny91cy1jZW50cmFsMS9nZW5lcmF0ZUF1dGhlbnRpY2F0aW9uVG9rZW4vX0luQ2szY1ZEeDg","metadata":{"@type":"type.googleapis.com/google.cloud.functions.v1.OperationMetadataV1","target":"projects/lifemap-8a767/locations/us-central1/functions/generateAuthenticationToken","type":"UPDATE_FUNCTION","request":{"@type":"type.googleapis.com/google.cloud.functions.v1.CloudFunction","name":"projects/lifemap-8a767/locations/us-central1/functions/generateAuthenticationToken","httpsTrigger":{"url":"https://us-central1-lifemap-8a767.cloudfunctions.net/generateAuthenticationToken","securityLevel":"SECURE_ALWAYS"},"status":"ACTIVE","entryPoint":"generateAuthenticationToken","updateTime":"2023-08-10T05:45:46.401Z","versionId":"2","labels":{"deployment-tool":"cli-firebase","deployment-callable":"true","firebase-functions-hash":"f9416db71e385296c15a6e9a9e0bef894301ef3e"},"sourceUploadUrl":"https://storage.googleapis.com/uploads-22451103926.us-central1.cloudfunctions.appspot.com/8b8aa740-92ac-407a-9552-b5e485f922c4.zip?GoogleAccessId=service-167393207418@gcf-admin-robot.iam.gserviceaccount.com&Expires=1692000755&Signature=dQ%2F3DKiJ%2Bm0atT7MJ9kxiDYM6PywXNLeu25qPgSNtRYgUXxu853gElWyEkCVHl%2FgRMSYSRwDKoLe3qZruF%2BfEA0tJxianSgYAzHZNhfUjm3%2FB5mf2e72pNFQ%2FnMV%2B%2Fjrcl1vl90cgYS0PwkZmNuduqnuXo9Nye%2BZhvP3NEAY9yKQGFpWKaH4WzZr0uF7aQTKgcGNu1QpnzhLkIiCUq%2BYYWI2v4JLT1%2FKfZrk004ymuiJJQVjdAbj9HbBHWs2sR%2BYm15Qvj8dl2IX0jT2EDpeuJOTtR%2B0U7lQhp4kJS4CpWhMXvbVxGB66ixgYAvi0%2FfF%2BQdCyRhOZcCEqYYnPGjKgw%3D%3D","environmentVariables":{"FIREBASE_CONFIG":"{\"projectId\":\"lifemap-8a767\",\"storageBucket\":\"lifemap-8a767.appspot.com\"}","GCLOUD_PROJECT":"lifemap-8a767","EVENTARC_CLOUD_EVENT_SOURCE":"projects/lifemap-8a767/locations/us-central1/functions/generateAuthenticationToken"},"runtime":"nodejs18","buildId":"af88fdda-45c1-4f15-a09a-7597195123a4","buildEnvironmentVariables":{"GOOGLE_NODE_RUN_SCRIPTS":""},"buildName":"projects/167393207418/locations/us-central1/builds/af88fdda-45c1-4f15-a09a-7597195123a4","dockerRegistry":"ARTIFACT_REGISTRY"},"versionId":"3","updateTime":"2023-08-14T07:42:38Z"}}
[debug] [2023-08-14T07:42:39.525Z] [update-default-us-central1-generateAuthenticationToken] Retrying task index 0
[debug] [2023-08-14T07:42:39.526Z] >>> [apiv2][query] GET https://cloudfunctions.googleapis.com/v1/operations/bGlmZW1hcC04YTc2Ny91cy1jZW50cmFsMS9nZW5lcmF0ZUF1dGhlbnRpY2F0aW9uVG9rZW4vX0luQ2szY1ZEeDg [none]
[debug] [2023-08-14T07:42:39.964Z] <<< [apiv2][status] POST https://cloudfunctions.googleapis.com/v2/projects/lifemap-8a767/locations/us-central1/functions 200
[debug] [2023-08-14T07:42:39.964Z] <<< [apiv2][body] POST https://cloudfunctions.googleapis.com/v2/projects/lifemap-8a767/locations/us-central1/functions {"name":"projects/lifemap-8a767/locations/us-central1/operations/operation-1691998958997-602dd34e94fe1-ce9d4757-7b697337","metadata":{"@type":"type.googleapis.com/google.cloud.functions.v2.OperationMetadata","createTime":"2023-08-14T07:42:39.911157749Z","target":"projects/lifemap-8a767/locations/us-central1/functions/helloWorld","verb":"create","cancelRequested":false,"apiVersion":"v2"},"done":false}
[debug] [2023-08-14T07:42:39.964Z] >>> [apiv2][query] GET https://cloudfunctions.googleapis.com/v2/projects/lifemap-8a767/locations/us-central1/operations/operation-1691998958997-602dd34e94fe1-ce9d4757-7b697337 [none]
[debug] [2023-08-14T07:42:41.777Z] <<< [apiv2][status] GET https://cloudfunctions.googleapis.com/v1/operations/bGlmZW1hcC04YTc2Ny91cy1jZW50cmFsMS9nZW5lcmF0ZUF1dGhlbnRpY2F0aW9uVG9rZW4vX0luQ2szY1ZEeDg 200
[debug] [2023-08-14T07:42:41.777Z] <<< [apiv2][body] GET https://cloudfunctions.googleapis.com/v1/operations/bGlmZW1hcC04YTc2Ny91cy1jZW50cmFsMS9nZW5lcmF0ZUF1dGhlbnRpY2F0aW9uVG9rZW4vX0luQ2szY1ZEeDg {"name":"operations/bGlmZW1hcC04YTc2Ny91cy1jZW50cmFsMS9nZW5lcmF0ZUF1dGhlbnRpY2F0aW9uVG9rZW4vX0luQ2szY1ZEeDg","metadata":{"@type":"type.googleapis.com/google.cloud.functions.v1.OperationMetadataV1","target":"projects/lifemap-8a767/locations/us-central1/functions/generateAuthenticationToken","type":"UPDATE_FUNCTION","request":{"@type":"type.googleapis.com/google.cloud.functions.v1.CloudFunction","name":"projects/lifemap-8a767/locations/us-central1/functions/generateAuthenticationToken","httpsTrigger":{"url":"https://us-central1-lifemap-8a767.cloudfunctions.net/generateAuthenticationToken","securityLevel":"SECURE_ALWAYS"},"status":"ACTIVE","entryPoint":"generateAuthenticationToken","updateTime":"2023-08-10T05:45:46.401Z","versionId":"2","labels":{"deployment-tool":"cli-firebase","deployment-callable":"true","firebase-functions-hash":"f9416db71e385296c15a6e9a9e0bef894301ef3e"},"sourceUploadUrl":"https://storage.googleapis.com/uploads-22451103926.us-central1.cloudfunctions.appspot.com/8b8aa740-92ac-407a-9552-b5e485f922c4.zip?GoogleAccessId=service-167393207418@gcf-admin-robot.iam.gserviceaccount.com&Expires=1692000755&Signature=dQ%2F3DKiJ%2Bm0atT7MJ9kxiDYM6PywXNLeu25qPgSNtRYgUXxu853gElWyEkCVHl%2FgRMSYSRwDKoLe3qZruF%2BfEA0tJxianSgYAzHZNhfUjm3%2FB5mf2e72pNFQ%2FnMV%2B%2Fjrcl1vl90cgYS0PwkZmNuduqnuXo9Nye%2BZhvP3NEAY9yKQGFpWKaH4WzZr0uF7aQTKgcGNu1QpnzhLkIiCUq%2BYYWI2v4JLT1%2FKfZrk004ymuiJJQVjdAbj9HbBHWs2sR%2BYm15Qvj8dl2IX0jT2EDpeuJOTtR%2B0U7lQhp4kJS4CpWhMXvbVxGB66ixgYAvi0%2FfF%2BQdCyRhOZcCEqYYnPGjKgw%3D%3D","environmentVariables":{"FIREBASE_CONFIG":"{\"projectId\":\"lifemap-8a767\",\"storageBucket\":\"lifemap-8a767.appspot.com\"}","GCLOUD_PROJECT":"lifemap-8a767","EVENTARC_CLOUD_EVENT_SOURCE":"projects/lifemap-8a767/locations/us-central1/functions/generateAuthenticationToken"},"runtime":"nodejs18","buildId":"af88fdda-45c1-4f15-a09a-7597195123a4","buildEnvironmentVariables":{"GOOGLE_NODE_RUN_SCRIPTS":""},"buildName":"projects/167393207418/locations/us-central1/builds/af88fdda-45c1-4f15-a09a-7597195123a4","dockerRegistry":"ARTIFACT_REGISTRY"},"versionId":"3","updateTime":"2023-08-14T07:42:38Z","buildId":"f20e6567-8214-4f53-bf00-aa9d1794f996","buildName":"projects/167393207418/locations/us-central1/builds/f20e6567-8214-4f53-bf00-aa9d1794f996"}}
[debug] [2023-08-14T07:42:41.896Z] <<< [apiv2][status] GET https://cloudfunctions.googleapis.com/v2/projects/lifemap-8a767/locations/us-central1/operations/operation-1691998958997-602dd34e94fe1-ce9d4757-7b697337 200
[debug] [2023-08-14T07:42:41.896Z] <<< [apiv2][body] GET https://cloudfunctions.googleapis.com/v2/projects/lifemap-8a767/locations/us-central1/operations/operation-1691998958997-602dd34e94fe1-ce9d4757-7b697337 {"name":"projects/lifemap-8a767/locations/us-central1/operations/operation-1691998958997-602dd34e94fe1-ce9d4757-7b697337","metadata":{"@type":"type.googleapis.com/google.cloud.functions.v2.OperationMetadata","createTime":"2023-08-14T07:42:39.911157749Z","target":"projects/lifemap-8a767/locations/us-central1/functions/helloWorld","verb":"create","cancelRequested":false,"apiVersion":"v2","requestResource":{"@type":"type.googleapis.com/google.cloud.functions.v2.Function","name":"projects/lifemap-8a767/locations/us-central1/functions/helloWorld","buildConfig":{"runtime":"nodejs18","entryPoint":"helloWorld","source":{"storageSource":{"bucket":"gcf-v2-sources-167393207418-us-central1","object":"helloWorld/function-source.zip","generation":"1691998959660733"}},"environmentVariables":{"GOOGLE_NODE_RUN_SCRIPTS":""}},"serviceConfig":{"service":"projects/lifemap-8a767/locations/us-central1/services/helloworld","timeoutSeconds":60,"environmentVariables":{"FIREBASE_CONFIG":"{\"projectId\":\"lifemap-8a767\",\"storageBucket\":\"lifemap-8a767.appspot.com\"}","GCLOUD_PROJECT":"lifemap-8a767","EVENTARC_CLOUD_EVENT_SOURCE":"projects/lifemap-8a767/locations/us-central1/services/helloWorld"},"maxInstanceCount":100,"ingressSettings":"ALLOW_ALL","serviceAccountEmail":"167393207418-compute@developer.gserviceaccount.com","availableMemory":"256Mi","maxInstanceRequestConcurrency":80,"availableCpu":"1"},"labels":{"deployment-tool":"cli-firebase","firebase-functions-hash":"ac7ec42870c6c310d84914ab2d04b422dc37ddbb"},"environment":"GEN_2"},"stages":[{"name":"BUILD","message":"Build in progress","state":"IN_PROGRESS","resource":"projects/167393207418/locations/us-central1/builds/76a9e9df-67a2-4b06-a434-e813cf21405e","resourceUri":"https://console.cloud.google.com/cloud-build/builds;region=us-central1/76a9e9df-67a2-4b06-a434-e813cf21405e?project=167393207418"},{"name":"SERVICE","state":"NOT_STARTED"}]},"done":false}
[debug] [2023-08-14T07:42:42.401Z] [create-default-us-central1-helloWorld] Retrying task index 0
[debug] [2023-08-14T07:42:42.401Z] >>> [apiv2][query] GET https://cloudfunctions.googleapis.com/v2/projects/lifemap-8a767/locations/us-central1/operations/operation-1691998958997-602dd34e94fe1-ce9d4757-7b697337 [none]
[debug] [2023-08-14T07:42:42.778Z] [update-default-us-central1-generateAuthenticationToken] Retrying task index 0
[debug] [2023-08-14T07:42:42.779Z] >>> [apiv2][query] GET https://cloudfunctions.googleapis.com/v1/operations/bGlmZW1hcC04YTc2Ny91cy1jZW50cmFsMS9nZW5lcmF0ZUF1dGhlbnRpY2F0aW9uVG9rZW4vX0luQ2szY1ZEeDg [none]
[debug] [2023-08-14T07:42:43.394Z] <<< [apiv2][status] GET https://cloudfunctions.googleapis.com/v1/operations/bGlmZW1hcC04YTc2Ny91cy1jZW50cmFsMS9nZW5lcmF0ZUF1dGhlbnRpY2F0aW9uVG9rZW4vX0luQ2szY1ZEeDg 200
[debug] [2023-08-14T07:42:43.395Z] <<< [apiv2][body] GET https://cloudfunctions.googleapis.com/v1/operations/bGlmZW1hcC04YTc2Ny91cy1jZW50cmFsMS9nZW5lcmF0ZUF1dGhlbnRpY2F0aW9uVG9rZW4vX0luQ2szY1ZEeDg {"name":"operations/bGlmZW1hcC04YTc2Ny91cy1jZW50cmFsMS9nZW5lcmF0ZUF1dGhlbnRpY2F0aW9uVG9rZW4vX0luQ2szY1ZEeDg","metadata":{"@type":"type.googleapis.com/google.cloud.functions.v1.OperationMetadataV1","target":"projects/lifemap-8a767/locations/us-central1/functions/generateAuthenticationToken","type":"UPDATE_FUNCTION","request":{"@type":"type.googleapis.com/google.cloud.functions.v1.CloudFunction","name":"projects/lifemap-8a767/locations/us-central1/functions/generateAuthenticationToken","httpsTrigger":{"url":"https://us-central1-lifemap-8a767.cloudfunctions.net/generateAuthenticationToken","securityLevel":"SECURE_ALWAYS"},"status":"ACTIVE","entryPoint":"generateAuthenticationToken","updateTime":"2023-08-10T05:45:46.401Z","versionId":"2","labels":{"deployment-tool":"cli-firebase","deployment-callable":"true","firebase-functions-hash":"f9416db71e385296c15a6e9a9e0bef894301ef3e"},"sourceUploadUrl":"https://storage.googleapis.com/uploads-22451103926.us-central1.cloudfunctions.appspot.com/8b8aa740-92ac-407a-9552-b5e485f922c4.zip?GoogleAccessId=service-167393207418@gcf-admin-robot.iam.gserviceaccount.com&Expires=1692000755&Signature=dQ%2F3DKiJ%2Bm0atT7MJ9kxiDYM6PywXNLeu25qPgSNtRYgUXxu853gElWyEkCVHl%2FgRMSYSRwDKoLe3qZruF%2BfEA0tJxianSgYAzHZNhfUjm3%2FB5mf2e72pNFQ%2FnMV%2B%2Fjrcl1vl90cgYS0PwkZmNuduqnuXo9Nye%2BZhvP3NEAY9yKQGFpWKaH4WzZr0uF7aQTKgcGNu1QpnzhLkIiCUq%2BYYWI2v4JLT1%2FKfZrk004ymuiJJQVjdAbj9HbBHWs2sR%2BYm15Qvj8dl2IX0jT2EDpeuJOTtR%2B0U7lQhp4kJS4CpWhMXvbVxGB66ixgYAvi0%2FfF%2BQdCyRhOZcCEqYYnPGjKgw%3D%3D","environmentVariables":{"FIREBASE_CONFIG":"{\"projectId\":\"lifemap-8a767\",\"storageBucket\":\"lifemap-8a767.appspot.com\"}","GCLOUD_PROJECT":"lifemap-8a767","EVENTARC_CLOUD_EVENT_SOURCE":"projects/lifemap-8a767/locations/us-central1/functions/generateAuthenticationToken"},"runtime":"nodejs18","buildId":"af88fdda-45c1-4f15-a09a-7597195123a4","buildEnvironmentVariables":{"GOOGLE_NODE_RUN_SCRIPTS":""},"buildName":"projects/167393207418/locations/us-central1/builds/af88fdda-45c1-4f15-a09a-7597195123a4","dockerRegistry":"ARTIFACT_REGISTRY"},"versionId":"3","updateTime":"2023-08-14T07:42:38Z","buildId":"f20e6567-8214-4f53-bf00-aa9d1794f996","buildName":"projects/167393207418/locations/us-central1/builds/f20e6567-8214-4f53-bf00-aa9d1794f996"}}
[debug] [2023-08-14T07:42:44.001Z] <<< [apiv2][status] GET https://cloudfunctions.googleapis.com/v2/projects/lifemap-8a767/locations/us-central1/operations/operation-1691998958997-602dd34e94fe1-ce9d4757-7b697337 200
[debug] [2023-08-14T07:42:44.001Z] <<< [apiv2][body] GET https://cloudfunctions.googleapis.com/v2/projects/lifemap-8a767/locations/us-central1/operations/operation-1691998958997-602dd34e94fe1-ce9d4757-7b697337 {"name":"projects/lifemap-8a767/locations/us-central1/operations/operation-1691998958997-602dd34e94fe1-ce9d4757-7b697337","metadata":{"@type":"type.googleapis.com/google.cloud.functions.v2.OperationMetadata","createTime":"2023-08-14T07:42:39.911157749Z","target":"projects/lifemap-8a767/locations/us-central1/functions/helloWorld","verb":"create","cancelRequested":false,"apiVersion":"v2","requestResource":{"@type":"type.googleapis.com/google.cloud.functions.v2.Function","name":"projects/lifemap-8a767/locations/us-central1/functions/helloWorld","buildConfig":{"runtime":"nodejs18","entryPoint":"helloWorld","source":{"storageSource":{"bucket":"gcf-v2-sources-167393207418-us-central1","object":"helloWorld/function-source.zip","generation":"1691998959660733"}},"environmentVariables":{"GOOGLE_NODE_RUN_SCRIPTS":""}},"serviceConfig":{"service":"projects/lifemap-8a767/locations/us-central1/services/helloworld","timeoutSeconds":60,"environmentVariables":{"FIREBASE_CONFIG":"{\"projectId\":\"lifemap-8a767\",\"storageBucket\":\"lifemap-8a767.appspot.com\"}","GCLOUD_PROJECT":"lifemap-8a767","EVENTARC_CLOUD_EVENT_SOURCE":"projects/lifemap-8a767/locations/us-central1/services/helloWorld"},"maxInstanceCount":100,"ingressSettings":"ALLOW_ALL","serviceAccountEmail":"167393207418-compute@developer.gserviceaccount.com","availableMemory":"256Mi","maxInstanceRequestConcurrency":80,"availableCpu":"1"},"labels":{"deployment-tool":"cli-firebase","firebase-functions-hash":"ac7ec42870c6c310d84914ab2d04b422dc37ddbb"},"environment":"GEN_2"},"stages":[{"name":"BUILD","message":"Build in progress","state":"IN_PROGRESS","resource":"projects/167393207418/locations/us-central1/builds/76a9e9df-67a2-4b06-a434-e813cf21405e","resourceUri":"https://console.cloud.google.com/cloud-build/builds;region=us-central1/76a9e9df-67a2-4b06-a434-e813cf21405e?project=167393207418"},{"name":"SERVICE","state":"NOT_STARTED"}]},"done":false}
[debug] [2023-08-14T07:42:45.002Z] [create-default-us-central1-helloWorld] Retrying task index 0
[debug] [2023-08-14T07:42:45.003Z] >>> [apiv2][query] GET https://cloudfunctions.googleapis.com/v2/projects/lifemap-8a767/locations/us-central1/operations/operation-1691998958997-602dd34e94fe1-ce9d4757-7b697337 [none]
[debug] [2023-08-14T07:42:45.396Z] [update-default-us-central1-generateAuthenticationToken] Retrying task index 0
[debug] [2023-08-14T07:42:45.397Z] >>> [apiv2][query] GET https://cloudfunctions.googleapis.com/v1/operations/bGlmZW1hcC04YTc2Ny91cy1jZW50cmFsMS9nZW5lcmF0ZUF1dGhlbnRpY2F0aW9uVG9rZW4vX0luQ2szY1ZEeDg [none]
[debug] [2023-08-14T07:42:46.094Z] <<< [apiv2][status] GET https://cloudfunctions.googleapis.com/v1/operations/bGlmZW1hcC04YTc2Ny91cy1jZW50cmFsMS9nZW5lcmF0ZUF1dGhlbnRpY2F0aW9uVG9rZW4vX0luQ2szY1ZEeDg 200
[debug] [2023-08-14T07:42:46.094Z] <<< [apiv2][body] GET https://cloudfunctions.googleapis.com/v1/operations/bGlmZW1hcC04YTc2Ny91cy1jZW50cmFsMS9nZW5lcmF0ZUF1dGhlbnRpY2F0aW9uVG9rZW4vX0luQ2szY1ZEeDg {"name":"operations/bGlmZW1hcC04YTc2Ny91cy1jZW50cmFsMS9nZW5lcmF0ZUF1dGhlbnRpY2F0aW9uVG9rZW4vX0luQ2szY1ZEeDg","metadata":{"@type":"type.googleapis.com/google.cloud.functions.v1.OperationMetadataV1","target":"projects/lifemap-8a767/locations/us-central1/functions/generateAuthenticationToken","type":"UPDATE_FUNCTION","request":{"@type":"type.googleapis.com/google.cloud.functions.v1.CloudFunction","name":"projects/lifemap-8a767/locations/us-central1/functions/generateAuthenticationToken","httpsTrigger":{"url":"https://us-central1-lifemap-8a767.cloudfunctions.net/generateAuthenticationToken","securityLevel":"SECURE_ALWAYS"},"status":"ACTIVE","entryPoint":"generateAuthenticationToken","updateTime":"2023-08-10T05:45:46.401Z","versionId":"2","labels":{"deployment-tool":"cli-firebase","deployment-callable":"true","firebase-functions-hash":"f9416db71e385296c15a6e9a9e0bef894301ef3e"},"sourceUploadUrl":"https://storage.googleapis.com/uploads-22451103926.us-central1.cloudfunctions.appspot.com/8b8aa740-92ac-407a-9552-b5e485f922c4.zip?GoogleAccessId=service-167393207418@gcf-admin-robot.iam.gserviceaccount.com&Expires=1692000755&Signature=dQ%2F3DKiJ%2Bm0atT7MJ9kxiDYM6PywXNLeu25qPgSNtRYgUXxu853gElWyEkCVHl%2FgRMSYSRwDKoLe3qZruF%2BfEA0tJxianSgYAzHZNhfUjm3%2FB5mf2e72pNFQ%2FnMV%2B%2Fjrcl1vl90cgYS0PwkZmNuduqnuXo9Nye%2BZhvP3NEAY9yKQGFpWKaH4WzZr0uF7aQTKgcGNu1QpnzhLkIiCUq%2BYYWI2v4JLT1%2FKfZrk004ymuiJJQVjdAbj9HbBHWs2sR%2BYm15Qvj8dl2IX0jT2EDpeuJOTtR%2B0U7lQhp4kJS4CpWhMXvbVxGB66ixgYAvi0%2FfF%2BQdCyRhOZcCEqYYnPGjKgw%3D%3D","environmentVariables":{"FIREBASE_CONFIG":"{\"projectId\":\"lifemap-8a767\",\"storageBucket\":\"lifemap-8a767.appspot.com\"}","GCLOUD_PROJECT":"lifemap-8a767","EVENTARC_CLOUD_EVENT_SOURCE":"projects/lifemap-8a767/locations/us-central1/functions/generateAuthenticationToken"},"runtime":"nodejs18","buildId":"af88fdda-45c1-4f15-a09a-7597195123a4","buildEnvironmentVariables":{"GOOGLE_NODE_RUN_SCRIPTS":""},"buildName":"projects/167393207418/locations/us-central1/builds/af88fdda-45c1-4f15-a09a-7597195123a4","dockerRegistry":"ARTIFACT_REGISTRY"},"versionId":"3","updateTime":"2023-08-14T07:42:38Z","buildId":"f20e6567-8214-4f53-bf00-aa9d1794f996","buildName":"projects/167393207418/locations/us-central1/builds/f20e6567-8214-4f53-bf00-aa9d1794f996"}}
[debug] [2023-08-14T07:42:46.644Z] <<< [apiv2][status] GET https://cloudfunctions.googleapis.com/v2/projects/lifemap-8a767/locations/us-central1/operations/operation-1691998958997-602dd34e94fe1-ce9d4757-7b697337 200
[debug] [2023-08-14T07:42:46.644Z] <<< [apiv2][body] GET https://cloudfunctions.googleapis.com/v2/projects/lifemap-8a767/locations/us-central1/operations/operation-1691998958997-602dd34e94fe1-ce9d4757-7b697337 {"name":"projects/lifemap-8a767/locations/us-central1/operations/operation-1691998958997-602dd34e94fe1-ce9d4757-7b697337","metadata":{"@type":"type.googleapis.com/google.cloud.functions.v2.OperationMetadata","createTime":"2023-08-14T07:42:39.911157749Z","target":"projects/lifemap-8a767/locations/us-central1/functions/helloWorld","verb":"create","cancelRequested":false,"apiVersion":"v2","requestResource":{"@type":"type.googleapis.com/google.cloud.functions.v2.Function","name":"projects/lifemap-8a767/locations/us-central1/functions/helloWorld","buildConfig":{"runtime":"nodejs18","entryPoint":"helloWorld","source":{"storageSource":{"bucket":"gcf-v2-sources-167393207418-us-central1","object":"helloWorld/function-source.zip","generation":"1691998959660733"}},"environmentVariables":{"GOOGLE_NODE_RUN_SCRIPTS":""}},"serviceConfig":{"service":"projects/lifemap-8a767/locations/us-central1/services/helloworld","timeoutSeconds":60,"environmentVariables":{"FIREBASE_CONFIG":"{\"projectId\":\"lifemap-8a767\",\"storageBucket\":\"lifemap-8a767.appspot.com\"}","GCLOUD_PROJECT":"lifemap-8a767","EVENTARC_CLOUD_EVENT_SOURCE":"projects/lifemap-8a767/locations/us-central1/services/helloWorld"},"maxInstanceCount":100,"ingressSettings":"ALLOW_ALL","serviceAccountEmail":"167393207418-compute@developer.gserviceaccount.com","availableMemory":"256Mi","maxInstanceRequestConcurrency":80,"availableCpu":"1"},"labels":{"deployment-tool":"cli-firebase","firebase-functions-hash":"ac7ec42870c6c310d84914ab2d04b422dc37ddbb"},"environment":"GEN_2"},"stages":[{"name":"BUILD","message":"Build in progress","state":"IN_PROGRESS","resource":"projects/167393207418/locations/us-central1/builds/76a9e9df-67a2-4b06-a434-e813cf21405e","resourceUri":"https://console.cloud.google.com/cloud-build/builds;region=us-central1/76a9e9df-67a2-4b06-a434-e813cf21405e?project=167393207418"},{"name":"SERVICE","state":"NOT_STARTED"}]},"done":false}
[debug] [2023-08-14T07:42:48.646Z] [create-default-us-central1-helloWorld] Retrying task index 0
[debug] [2023-08-14T07:42:48.647Z] >>> [apiv2][query] GET https://cloudfunctions.googleapis.com/v2/projects/lifemap-8a767/locations/us-central1/operations/operation-1691998958997-602dd34e94fe1-ce9d4757-7b697337 [none]
[debug] [2023-08-14T07:42:49.329Z] <<< [apiv2][status] GET https://cloudfunctions.googleapis.com/v2/projects/lifemap-8a767/locations/us-central1/operations/operation-1691998958997-602dd34e94fe1-ce9d4757-7b697337 200
[debug] [2023-08-14T07:42:49.329Z] <<< [apiv2][body] GET https://cloudfunctions.googleapis.com/v2/projects/lifemap-8a767/locations/us-central1/operations/operation-1691998958997-602dd34e94fe1-ce9d4757-7b697337 {"name":"projects/lifemap-8a767/locations/us-central1/operations/operation-1691998958997-602dd34e94fe1-ce9d4757-7b697337","metadata":{"@type":"type.googleapis.com/google.cloud.functions.v2.OperationMetadata","createTime":"2023-08-14T07:42:39.911157749Z","target":"projects/lifemap-8a767/locations/us-central1/functions/helloWorld","verb":"create","cancelRequested":false,"apiVersion":"v2","requestResource":{"@type":"type.googleapis.com/google.cloud.functions.v2.Function","name":"projects/lifemap-8a767/locations/us-central1/functions/helloWorld","buildConfig":{"runtime":"nodejs18","entryPoint":"helloWorld","source":{"storageSource":{"bucket":"gcf-v2-sources-167393207418-us-central1","object":"helloWorld/function-source.zip","generation":"1691998959660733"}},"environmentVariables":{"GOOGLE_NODE_RUN_SCRIPTS":""}},"serviceConfig":{"service":"projects/lifemap-8a767/locations/us-central1/services/helloworld","timeoutSeconds":60,"environmentVariables":{"FIREBASE_CONFIG":"{\"projectId\":\"lifemap-8a767\",\"storageBucket\":\"lifemap-8a767.appspot.com\"}","GCLOUD_PROJECT":"lifemap-8a767","EVENTARC_CLOUD_EVENT_SOURCE":"projects/lifemap-8a767/locations/us-central1/services/helloWorld"},"maxInstanceCount":100,"ingressSettings":"ALLOW_ALL","serviceAccountEmail":"167393207418-compute@developer.gserviceaccount.com","availableMemory":"256Mi","maxInstanceRequestConcurrency":80,"availableCpu":"1"},"labels":{"deployment-tool":"cli-firebase","firebase-functions-hash":"ac7ec42870c6c310d84914ab2d04b422dc37ddbb"},"environment":"GEN_2"},"stages":[{"name":"BUILD","message":"Build in progress","state":"IN_PROGRESS","resource":"projects/167393207418/locations/us-central1/builds/76a9e9df-67a2-4b06-a434-e813cf21405e","resourceUri":"https://console.cloud.google.com/cloud-build/builds;region=us-central1/76a9e9df-67a2-4b06-a434-e813cf21405e?project=167393207418"},{"name":"SERVICE","state":"NOT_STARTED"}]},"done":false}
[debug] [2023-08-14T07:42:50.095Z] [update-default-us-central1-generateAuthenticationToken] Retrying task index 0
[debug] [2023-08-14T07:42:50.095Z] >>> [apiv2][query] GET https://cloudfunctions.googleapis.com/v1/operations/bGlmZW1hcC04YTc2Ny91cy1jZW50cmFsMS9nZW5lcmF0ZUF1dGhlbnRpY2F0aW9uVG9rZW4vX0luQ2szY1ZEeDg [none]
[debug] [2023-08-14T07:42:50.709Z] <<< [apiv2][status] GET https://cloudfunctions.googleapis.com/v1/operations/bGlmZW1hcC04YTc2Ny91cy1jZW50cmFsMS9nZW5lcmF0ZUF1dGhlbnRpY2F0aW9uVG9rZW4vX0luQ2szY1ZEeDg 200
[debug] [2023-08-14T07:42:50.709Z] <<< [apiv2][body] GET https://cloudfunctions.googleapis.com/v1/operations/bGlmZW1hcC04YTc2Ny91cy1jZW50cmFsMS9nZW5lcmF0ZUF1dGhlbnRpY2F0aW9uVG9rZW4vX0luQ2szY1ZEeDg {"name":"operations/bGlmZW1hcC04YTc2Ny91cy1jZW50cmFsMS9nZW5lcmF0ZUF1dGhlbnRpY2F0aW9uVG9rZW4vX0luQ2szY1ZEeDg","metadata":{"@type":"type.googleapis.com/google.cloud.functions.v1.OperationMetadataV1","target":"projects/lifemap-8a767/locations/us-central1/functions/generateAuthenticationToken","type":"UPDATE_FUNCTION","request":{"@type":"type.googleapis.com/google.cloud.functions.v1.CloudFunction","name":"projects/lifemap-8a767/locations/us-central1/functions/generateAuthenticationToken","httpsTrigger":{"url":"https://us-central1-lifemap-8a767.cloudfunctions.net/generateAuthenticationToken","securityLevel":"SECURE_ALWAYS"},"status":"ACTIVE","entryPoint":"generateAuthenticationToken","updateTime":"2023-08-10T05:45:46.401Z","versionId":"2","labels":{"deployment-tool":"cli-firebase","deployment-callable":"true","firebase-functions-hash":"f9416db71e385296c15a6e9a9e0bef894301ef3e"},"sourceUploadUrl":"https://storage.googleapis.com/uploads-22451103926.us-central1.cloudfunctions.appspot.com/8b8aa740-92ac-407a-9552-b5e485f922c4.zip?GoogleAccessId=service-167393207418@gcf-admin-robot.iam.gserviceaccount.com&Expires=1692000755&Signature=dQ%2F3DKiJ%2Bm0atT7MJ9kxiDYM6PywXNLeu25qPgSNtRYgUXxu853gElWyEkCVHl%2FgRMSYSRwDKoLe3qZruF%2BfEA0tJxianSgYAzHZNhfUjm3%2FB5mf2e72pNFQ%2FnMV%2B%2Fjrcl1vl90cgYS0PwkZmNuduqnuXo9Nye%2BZhvP3NEAY9yKQGFpWKaH4WzZr0uF7aQTKgcGNu1QpnzhLkIiCUq%2BYYWI2v4JLT1%2FKfZrk004ymuiJJQVjdAbj9HbBHWs2sR%2BYm15Qvj8dl2IX0jT2EDpeuJOTtR%2B0U7lQhp4kJS4CpWhMXvbVxGB66ixgYAvi0%2FfF%2BQdCyRhOZcCEqYYnPGjKgw%3D%3D","environmentVariables":{"FIREBASE_CONFIG":"{\"projectId\":\"lifemap-8a767\",\"storageBucket\":\"lifemap-8a767.appspot.com\"}","GCLOUD_PROJECT":"lifemap-8a767","EVENTARC_CLOUD_EVENT_SOURCE":"projects/lifemap-8a767/locations/us-central1/functions/generateAuthenticationToken"},"runtime":"nodejs18","buildId":"af88fdda-45c1-4f15-a09a-7597195123a4","buildEnvironmentVariables":{"GOOGLE_NODE_RUN_SCRIPTS":""},"buildName":"projects/167393207418/locations/us-central1/builds/af88fdda-45c1-4f15-a09a-7597195123a4","dockerRegistry":"ARTIFACT_REGISTRY"},"versionId":"3","updateTime":"2023-08-14T07:42:38Z","buildId":"f20e6567-8214-4f53-bf00-aa9d1794f996","buildName":"projects/167393207418/locations/us-central1/builds/f20e6567-8214-4f53-bf00-aa9d1794f996"}}
[debug] [2023-08-14T07:42:53.332Z] [create-default-us-central1-helloWorld] Retrying task index 0
[debug] [2023-08-14T07:42:53.333Z] >>> [apiv2][query] GET https://cloudfunctions.googleapis.com/v2/projects/lifemap-8a767/locations/us-central1/operations/operation-1691998958997-602dd34e94fe1-ce9d4757-7b697337 [none]
[debug] [2023-08-14T07:42:55.043Z] <<< [apiv2][status] GET https://cloudfunctions.googleapis.com/v2/projects/lifemap-8a767/locations/us-central1/operations/operation-1691998958997-602dd34e94fe1-ce9d4757-7b697337 200
[debug] [2023-08-14T07:42:55.043Z] <<< [apiv2][body] GET https://cloudfunctions.googleapis.com/v2/projects/lifemap-8a767/locations/us-central1/operations/operation-1691998958997-602dd34e94fe1-ce9d4757-7b697337 {"name":"projects/lifemap-8a767/locations/us-central1/operations/operation-1691998958997-602dd34e94fe1-ce9d4757-7b697337","metadata":{"@type":"type.googleapis.com/google.cloud.functions.v2.OperationMetadata","createTime":"2023-08-14T07:42:39.911157749Z","target":"projects/lifemap-8a767/locations/us-central1/functions/helloWorld","verb":"create","cancelRequested":false,"apiVersion":"v2","requestResource":{"@type":"type.googleapis.com/google.cloud.functions.v2.Function","name":"projects/lifemap-8a767/locations/us-central1/functions/helloWorld","buildConfig":{"runtime":"nodejs18","entryPoint":"helloWorld","source":{"storageSource":{"bucket":"gcf-v2-sources-167393207418-us-central1","object":"helloWorld/function-source.zip","generation":"1691998959660733"}},"environmentVariables":{"GOOGLE_NODE_RUN_SCRIPTS":""}},"serviceConfig":{"service":"projects/lifemap-8a767/locations/us-central1/services/helloworld","timeoutSeconds":60,"environmentVariables":{"FIREBASE_CONFIG":"{\"projectId\":\"lifemap-8a767\",\"storageBucket\":\"lifemap-8a767.appspot.com\"}","GCLOUD_PROJECT":"lifemap-8a767","EVENTARC_CLOUD_EVENT_SOURCE":"projects/lifemap-8a767/locations/us-central1/services/helloWorld"},"maxInstanceCount":100,"ingressSettings":"ALLOW_ALL","serviceAccountEmail":"167393207418-compute@developer.gserviceaccount.com","availableMemory":"256Mi","maxInstanceRequestConcurrency":80,"availableCpu":"1"},"labels":{"deployment-tool":"cli-firebase","firebase-functions-hash":"ac7ec42870c6c310d84914ab2d04b422dc37ddbb"},"environment":"GEN_2"},"stages":[{"name":"BUILD","message":"Build in progress","state":"IN_PROGRESS","resource":"projects/167393207418/locations/us-central1/builds/76a9e9df-67a2-4b06-a434-e813cf21405e","resourceUri":"https://console.cloud.google.com/cloud-build/builds;region=us-central1/76a9e9df-67a2-4b06-a434-e813cf21405e?project=167393207418"},{"name":"SERVICE","state":"NOT_STARTED"}]},"done":false}
[debug] [2023-08-14T07:42:58.709Z] [update-default-us-central1-generateAuthenticationToken] Retrying task index 0
[debug] [2023-08-14T07:42:58.710Z] >>> [apiv2][query] GET https://cloudfunctions.googleapis.com/v1/operations/bGlmZW1hcC04YTc2Ny91cy1jZW50cmFsMS9nZW5lcmF0ZUF1dGhlbnRpY2F0aW9uVG9rZW4vX0luQ2szY1ZEeDg [none]
[debug] [2023-08-14T07:42:59.415Z] <<< [apiv2][status] GET https://cloudfunctions.googleapis.com/v1/operations/bGlmZW1hcC04YTc2Ny91cy1jZW50cmFsMS9nZW5lcmF0ZUF1dGhlbnRpY2F0aW9uVG9rZW4vX0luQ2szY1ZEeDg 200
[debug] [2023-08-14T07:42:59.416Z] <<< [apiv2][body] GET https://cloudfunctions.googleapis.com/v1/operations/bGlmZW1hcC04YTc2Ny91cy1jZW50cmFsMS9nZW5lcmF0ZUF1dGhlbnRpY2F0aW9uVG9rZW4vX0luQ2szY1ZEeDg {"name":"operations/bGlmZW1hcC04YTc2Ny91cy1jZW50cmFsMS9nZW5lcmF0ZUF1dGhlbnRpY2F0aW9uVG9rZW4vX0luQ2szY1ZEeDg","metadata":{"@type":"type.googleapis.com/google.cloud.functions.v1.OperationMetadataV1","target":"projects/lifemap-8a767/locations/us-central1/functions/generateAuthenticationToken","type":"UPDATE_FUNCTION","request":{"@type":"type.googleapis.com/google.cloud.functions.v1.CloudFunction","name":"projects/lifemap-8a767/locations/us-central1/functions/generateAuthenticationToken","httpsTrigger":{"url":"https://us-central1-lifemap-8a767.cloudfunctions.net/generateAuthenticationToken","securityLevel":"SECURE_ALWAYS"},"status":"ACTIVE","entryPoint":"generateAuthenticationToken","updateTime":"2023-08-10T05:45:46.401Z","versionId":"2","labels":{"deployment-tool":"cli-firebase","deployment-callable":"true","firebase-functions-hash":"f9416db71e385296c15a6e9a9e0bef894301ef3e"},"sourceUploadUrl":"https://storage.googleapis.com/uploads-22451103926.us-central1.cloudfunctions.appspot.com/8b8aa740-92ac-407a-9552-b5e485f922c4.zip?GoogleAccessId=service-167393207418@gcf-admin-robot.iam.gserviceaccount.com&Expires=1692000755&Signature=dQ%2F3DKiJ%2Bm0atT7MJ9kxiDYM6PywXNLeu25qPgSNtRYgUXxu853gElWyEkCVHl%2FgRMSYSRwDKoLe3qZruF%2BfEA0tJxianSgYAzHZNhfUjm3%2FB5mf2e72pNFQ%2FnMV%2B%2Fjrcl1vl90cgYS0PwkZmNuduqnuXo9Nye%2BZhvP3NEAY9yKQGFpWKaH4WzZr0uF7aQTKgcGNu1QpnzhLkIiCUq%2BYYWI2v4JLT1%2FKfZrk004ymuiJJQVjdAbj9HbBHWs2sR%2BYm15Qvj8dl2IX0jT2EDpeuJOTtR%2B0U7lQhp4kJS4CpWhMXvbVxGB66ixgYAvi0%2FfF%2BQdCyRhOZcCEqYYnPGjKgw%3D%3D","environmentVariables":{"FIREBASE_CONFIG":"{\"projectId\":\"lifemap-8a767\",\"storageBucket\":\"lifemap-8a767.appspot.com\"}","GCLOUD_PROJECT":"lifemap-8a767","EVENTARC_CLOUD_EVENT_SOURCE":"projects/lifemap-8a767/locations/us-central1/functions/generateAuthenticationToken"},"runtime":"nodejs18","buildId":"af88fdda-45c1-4f15-a09a-7597195123a4","buildEnvironmentVariables":{"GOOGLE_NODE_RUN_SCRIPTS":""},"buildName":"projects/167393207418/locations/us-central1/builds/af88fdda-45c1-4f15-a09a-7597195123a4","dockerRegistry":"ARTIFACT_REGISTRY"},"versionId":"3","updateTime":"2023-08-14T07:42:38Z","buildId":"f20e6567-8214-4f53-bf00-aa9d1794f996","buildName":"projects/167393207418/locations/us-central1/builds/f20e6567-8214-4f53-bf00-aa9d1794f996"}}
[debug] [2023-08-14T07:43:03.044Z] [create-default-us-central1-helloWorld] Retrying task index 0
[debug] [2023-08-14T07:43:03.045Z] >>> [apiv2][query] GET https://cloudfunctions.googleapis.com/v2/projects/lifemap-8a767/locations/us-central1/operations/operation-1691998958997-602dd34e94fe1-ce9d4757-7b697337 [none]
[debug] [2023-08-14T07:43:03.716Z] <<< [apiv2][status] GET https://cloudfunctions.googleapis.com/v2/projects/lifemap-8a767/locations/us-central1/operations/operation-1691998958997-602dd34e94fe1-ce9d4757-7b697337 200
[debug] [2023-08-14T07:43:03.716Z] <<< [apiv2][body] GET https://cloudfunctions.googleapis.com/v2/projects/lifemap-8a767/locations/us-central1/operations/operation-1691998958997-602dd34e94fe1-ce9d4757-7b697337 {"name":"projects/lifemap-8a767/locations/us-central1/operations/operation-1691998958997-602dd34e94fe1-ce9d4757-7b697337","metadata":{"@type":"type.googleapis.com/google.cloud.functions.v2.OperationMetadata","createTime":"2023-08-14T07:42:39.911157749Z","target":"projects/lifemap-8a767/locations/us-central1/functions/helloWorld","verb":"create","cancelRequested":false,"apiVersion":"v2","requestResource":{"@type":"type.googleapis.com/google.cloud.functions.v2.Function","name":"projects/lifemap-8a767/locations/us-central1/functions/helloWorld","buildConfig":{"runtime":"nodejs18","entryPoint":"helloWorld","source":{"storageSource":{"bucket":"gcf-v2-sources-167393207418-us-central1","object":"helloWorld/function-source.zip","generation":"1691998959660733"}},"environmentVariables":{"GOOGLE_NODE_RUN_SCRIPTS":""}},"serviceConfig":{"service":"projects/lifemap-8a767/locations/us-central1/services/helloworld","timeoutSeconds":60,"environmentVariables":{"FIREBASE_CONFIG":"{\"projectId\":\"lifemap-8a767\",\"storageBucket\":\"lifemap-8a767.appspot.com\"}","GCLOUD_PROJECT":"lifemap-8a767","EVENTARC_CLOUD_EVENT_SOURCE":"projects/lifemap-8a767/locations/us-central1/services/helloWorld"},"maxInstanceCount":100,"ingressSettings":"ALLOW_ALL","serviceAccountEmail":"167393207418-compute@developer.gserviceaccount.com","availableMemory":"256Mi","maxInstanceRequestConcurrency":80,"availableCpu":"1"},"labels":{"deployment-tool":"cli-firebase","firebase-functions-hash":"ac7ec42870c6c310d84914ab2d04b422dc37ddbb"},"environment":"GEN_2"},"stages":[{"name":"BUILD","message":"Build in progress","state":"IN_PROGRESS","resource":"projects/167393207418/locations/us-central1/builds/76a9e9df-67a2-4b06-a434-e813cf21405e","resourceUri":"https://console.cloud.google.com/cloud-build/builds;region=us-central1/76a9e9df-67a2-4b06-a434-e813cf21405e?project=167393207418"},{"name":"SERVICE","state":"NOT_STARTED"}]},"done":false}
[debug] [2023-08-14T07:43:09.417Z] [update-default-us-central1-generateAuthenticationToken] Retrying task index 0
[debug] [2023-08-14T07:43:09.418Z] >>> [apiv2][query] GET https://cloudfunctions.googleapis.com/v1/operations/bGlmZW1hcC04YTc2Ny91cy1jZW50cmFsMS9nZW5lcmF0ZUF1dGhlbnRpY2F0aW9uVG9rZW4vX0luQ2szY1ZEeDg [none]
[debug] [2023-08-14T07:43:10.037Z] <<< [apiv2][status] GET https://cloudfunctions.googleapis.com/v1/operations/bGlmZW1hcC04YTc2Ny91cy1jZW50cmFsMS9nZW5lcmF0ZUF1dGhlbnRpY2F0aW9uVG9rZW4vX0luQ2szY1ZEeDg 200
[debug] [2023-08-14T07:43:10.037Z] <<< [apiv2][body] GET https://cloudfunctions.googleapis.com/v1/operations/bGlmZW1hcC04YTc2Ny91cy1jZW50cmFsMS9nZW5lcmF0ZUF1dGhlbnRpY2F0aW9uVG9rZW4vX0luQ2szY1ZEeDg {"name":"operations/bGlmZW1hcC04YTc2Ny91cy1jZW50cmFsMS9nZW5lcmF0ZUF1dGhlbnRpY2F0aW9uVG9rZW4vX0luQ2szY1ZEeDg","metadata":{"@type":"type.googleapis.com/google.cloud.functions.v1.OperationMetadataV1","target":"projects/lifemap-8a767/locations/us-central1/functions/generateAuthenticationToken","type":"UPDATE_FUNCTION","request":{"@type":"type.googleapis.com/google.cloud.functions.v1.CloudFunction","name":"projects/lifemap-8a767/locations/us-central1/functions/generateAuthenticationToken","httpsTrigger":{"url":"https://us-central1-lifemap-8a767.cloudfunctions.net/generateAuthenticationToken","securityLevel":"SECURE_ALWAYS"},"status":"ACTIVE","entryPoint":"generateAuthenticationToken","updateTime":"2023-08-10T05:45:46.401Z","versionId":"2","labels":{"deployment-tool":"cli-firebase","deployment-callable":"true","firebase-functions-hash":"f9416db71e385296c15a6e9a9e0bef894301ef3e"},"sourceUploadUrl":"https://storage.googleapis.com/uploads-22451103926.us-central1.cloudfunctions.appspot.com/8b8aa740-92ac-407a-9552-b5e485f922c4.zip?GoogleAccessId=service-167393207418@gcf-admin-robot.iam.gserviceaccount.com&Expires=1692000755&Signature=dQ%2F3DKiJ%2Bm0atT7MJ9kxiDYM6PywXNLeu25qPgSNtRYgUXxu853gElWyEkCVHl%2FgRMSYSRwDKoLe3qZruF%2BfEA0tJxianSgYAzHZNhfUjm3%2FB5mf2e72pNFQ%2FnMV%2B%2Fjrcl1vl90cgYS0PwkZmNuduqnuXo9Nye%2BZhvP3NEAY9yKQGFpWKaH4WzZr0uF7aQTKgcGNu1QpnzhLkIiCUq%2BYYWI2v4JLT1%2FKfZrk004ymuiJJQVjdAbj9HbBHWs2sR%2BYm15Qvj8dl2IX0jT2EDpeuJOTtR%2B0U7lQhp4kJS4CpWhMXvbVxGB66ixgYAvi0%2FfF%2BQdCyRhOZcCEqYYnPGjKgw%3D%3D","environmentVariables":{"FIREBASE_CONFIG":"{\"projectId\":\"lifemap-8a767\",\"storageBucket\":\"lifemap-8a767.appspot.com\"}","GCLOUD_PROJECT":"lifemap-8a767","EVENTARC_CLOUD_EVENT_SOURCE":"projects/lifemap-8a767/locations/us-central1/functions/generateAuthenticationToken"},"runtime":"nodejs18","buildId":"af88fdda-45c1-4f15-a09a-7597195123a4","buildEnvironmentVariables":{"GOOGLE_NODE_RUN_SCRIPTS":""},"buildName":"projects/167393207418/locations/us-central1/builds/af88fdda-45c1-4f15-a09a-7597195123a4","dockerRegistry":"ARTIFACT_REGISTRY"},"versionId":"3","updateTime":"2023-08-14T07:42:38Z","buildId":"f20e6567-8214-4f53-bf00-aa9d1794f996","sourceToken":"b55ce642-2a52-4ae9-a4ca-b511581c7904","buildName":"projects/167393207418/locations/us-central1/builds/f20e6567-8214-4f53-bf00-aa9d1794f996"}}
[debug] [2023-08-14T07:43:10.037Z] Got source token b55ce642-2a52-4ae9-a4ca-b511581c7904 for region us-central1
[debug] [2023-08-14T07:43:13.717Z] [create-default-us-central1-helloWorld] Retrying task index 0
[debug] [2023-08-14T07:43:13.718Z] >>> [apiv2][query] GET https://cloudfunctions.googleapis.com/v2/projects/lifemap-8a767/locations/us-central1/operations/operation-1691998958997-602dd34e94fe1-ce9d4757-7b697337 [none]
[debug] [2023-08-14T07:43:15.370Z] <<< [apiv2][status] GET https://cloudfunctions.googleapis.com/v2/projects/lifemap-8a767/locations/us-central1/operations/operation-1691998958997-602dd34e94fe1-ce9d4757-7b697337 200
[debug] [2023-08-14T07:43:15.371Z] <<< [apiv2][body] GET https://cloudfunctions.googleapis.com/v2/projects/lifemap-8a767/locations/us-central1/operations/operation-1691998958997-602dd34e94fe1-ce9d4757-7b697337 {"name":"projects/lifemap-8a767/locations/us-central1/operations/operation-1691998958997-602dd34e94fe1-ce9d4757-7b697337","metadata":{"@type":"type.googleapis.com/google.cloud.functions.v2.OperationMetadata","createTime":"2023-08-14T07:42:39.911157749Z","target":"projects/lifemap-8a767/locations/us-central1/functions/helloWorld","verb":"create","cancelRequested":false,"apiVersion":"v2","requestResource":{"@type":"type.googleapis.com/google.cloud.functions.v2.Function","name":"projects/lifemap-8a767/locations/us-central1/functions/helloWorld","buildConfig":{"runtime":"nodejs18","entryPoint":"helloWorld","source":{"storageSource":{"bucket":"gcf-v2-sources-167393207418-us-central1","object":"helloWorld/function-source.zip","generation":"1691998959660733"}},"environmentVariables":{"GOOGLE_NODE_RUN_SCRIPTS":""}},"serviceConfig":{"service":"projects/lifemap-8a767/locations/us-central1/services/helloworld","timeoutSeconds":60,"environmentVariables":{"FIREBASE_CONFIG":"{\"projectId\":\"lifemap-8a767\",\"storageBucket\":\"lifemap-8a767.appspot.com\"}","GCLOUD_PROJECT":"lifemap-8a767","EVENTARC_CLOUD_EVENT_SOURCE":"projects/lifemap-8a767/locations/us-central1/services/helloWorld"},"maxInstanceCount":100,"ingressSettings":"ALLOW_ALL","serviceAccountEmail":"167393207418-compute@developer.gserviceaccount.com","availableMemory":"256Mi","maxInstanceRequestConcurrency":80,"availableCpu":"1"},"labels":{"deployment-tool":"cli-firebase","firebase-functions-hash":"ac7ec42870c6c310d84914ab2d04b422dc37ddbb"},"environment":"GEN_2"},"stages":[{"name":"BUILD","message":"Build in progress","state":"IN_PROGRESS","resource":"projects/167393207418/locations/us-central1/builds/76a9e9df-67a2-4b06-a434-e813cf21405e","resourceUri":"https://console.cloud.google.com/cloud-build/builds;region=us-central1/76a9e9df-67a2-4b06-a434-e813cf21405e?project=167393207418"},{"name":"SERVICE","state":"NOT_STARTED"}]},"done":false}
[debug] [2023-08-14T07:43:20.040Z] [update-default-us-central1-generateAuthenticationToken] Retrying task index 0
[debug] [2023-08-14T07:43:20.041Z] >>> [apiv2][query] GET https://cloudfunctions.googleapis.com/v1/operations/bGlmZW1hcC04YTc2Ny91cy1jZW50cmFsMS9nZW5lcmF0ZUF1dGhlbnRpY2F0aW9uVG9rZW4vX0luQ2szY1ZEeDg [none]
[debug] [2023-08-14T07:43:20.703Z] <<< [apiv2][status] GET https://cloudfunctions.googleapis.com/v1/operations/bGlmZW1hcC04YTc2Ny91cy1jZW50cmFsMS9nZW5lcmF0ZUF1dGhlbnRpY2F0aW9uVG9rZW4vX0luQ2szY1ZEeDg 200
[debug] [2023-08-14T07:43:20.704Z] <<< [apiv2][body] GET https://cloudfunctions.googleapis.com/v1/operations/bGlmZW1hcC04YTc2Ny91cy1jZW50cmFsMS9nZW5lcmF0ZUF1dGhlbnRpY2F0aW9uVG9rZW4vX0luQ2szY1ZEeDg {"name":"operations/bGlmZW1hcC04YTc2Ny91cy1jZW50cmFsMS9nZW5lcmF0ZUF1dGhlbnRpY2F0aW9uVG9rZW4vX0luQ2szY1ZEeDg","metadata":{"@type":"type.googleapis.com/google.cloud.functions.v1.OperationMetadataV1","target":"projects/lifemap-8a767/locations/us-central1/functions/generateAuthenticationToken","type":"UPDATE_FUNCTION","request":{"@type":"type.googleapis.com/google.cloud.functions.v1.CloudFunction","name":"projects/lifemap-8a767/locations/us-central1/functions/generateAuthenticationToken","httpsTrigger":{"url":"https://us-central1-lifemap-8a767.cloudfunctions.net/generateAuthenticationToken","securityLevel":"SECURE_ALWAYS"},"status":"ACTIVE","entryPoint":"generateAuthenticationToken","updateTime":"2023-08-10T05:45:46.401Z","versionId":"2","labels":{"deployment-tool":"cli-firebase","deployment-callable":"true","firebase-functions-hash":"f9416db71e385296c15a6e9a9e0bef894301ef3e"},"sourceUploadUrl":"https://storage.googleapis.com/uploads-22451103926.us-central1.cloudfunctions.appspot.com/8b8aa740-92ac-407a-9552-b5e485f922c4.zip?GoogleAccessId=service-167393207418@gcf-admin-robot.iam.gserviceaccount.com&Expires=1692000755&Signature=dQ%2F3DKiJ%2Bm0atT7MJ9kxiDYM6PywXNLeu25qPgSNtRYgUXxu853gElWyEkCVHl%2FgRMSYSRwDKoLe3qZruF%2BfEA0tJxianSgYAzHZNhfUjm3%2FB5mf2e72pNFQ%2FnMV%2B%2Fjrcl1vl90cgYS0PwkZmNuduqnuXo9Nye%2BZhvP3NEAY9yKQGFpWKaH4WzZr0uF7aQTKgcGNu1QpnzhLkIiCUq%2BYYWI2v4JLT1%2FKfZrk004ymuiJJQVjdAbj9HbBHWs2sR%2BYm15Qvj8dl2IX0jT2EDpeuJOTtR%2B0U7lQhp4kJS4CpWhMXvbVxGB66ixgYAvi0%2FfF%2BQdCyRhOZcCEqYYnPGjKgw%3D%3D","environmentVariables":{"FIREBASE_CONFIG":"{\"projectId\":\"lifemap-8a767\",\"storageBucket\":\"lifemap-8a767.appspot.com\"}","GCLOUD_PROJECT":"lifemap-8a767","EVENTARC_CLOUD_EVENT_SOURCE":"projects/lifemap-8a767/locations/us-central1/functions/generateAuthenticationToken"},"runtime":"nodejs18","buildId":"af88fdda-45c1-4f15-a09a-7597195123a4","buildEnvironmentVariables":{"GOOGLE_NODE_RUN_SCRIPTS":""},"buildName":"projects/167393207418/locations/us-central1/builds/af88fdda-45c1-4f15-a09a-7597195123a4","dockerRegistry":"ARTIFACT_REGISTRY"},"versionId":"3","updateTime":"2023-08-14T07:42:38Z","buildId":"f20e6567-8214-4f53-bf00-aa9d1794f996","sourceToken":"b55ce642-2a52-4ae9-a4ca-b511581c7904","buildName":"projects/167393207418/locations/us-central1/builds/f20e6567-8214-4f53-bf00-aa9d1794f996"}}
[debug] [2023-08-14T07:43:20.704Z] Got source token b55ce642-2a52-4ae9-a4ca-b511581c7904 for region us-central1
[debug] [2023-08-14T07:43:25.372Z] [create-default-us-central1-helloWorld] Retrying task index 0
[debug] [2023-08-14T07:43:25.374Z] >>> [apiv2][query] GET https://cloudfunctions.googleapis.com/v2/projects/lifemap-8a767/locations/us-central1/operations/operation-1691998958997-602dd34e94fe1-ce9d4757-7b697337 [none]
[debug] [2023-08-14T07:43:27.018Z] <<< [apiv2][status] GET https://cloudfunctions.googleapis.com/v2/projects/lifemap-8a767/locations/us-central1/operations/operation-1691998958997-602dd34e94fe1-ce9d4757-7b697337 200
[debug] [2023-08-14T07:43:27.019Z] <<< [apiv2][body] GET https://cloudfunctions.googleapis.com/v2/projects/lifemap-8a767/locations/us-central1/operations/operation-1691998958997-602dd34e94fe1-ce9d4757-7b697337 {"name":"projects/lifemap-8a767/locations/us-central1/operations/operation-1691998958997-602dd34e94fe1-ce9d4757-7b697337","metadata":{"@type":"type.googleapis.com/google.cloud.functions.v2.OperationMetadata","createTime":"2023-08-14T07:42:39.911157749Z","target":"projects/lifemap-8a767/locations/us-central1/functions/helloWorld","verb":"create","cancelRequested":false,"apiVersion":"v2","requestResource":{"@type":"type.googleapis.com/google.cloud.functions.v2.Function","name":"projects/lifemap-8a767/locations/us-central1/functions/helloWorld","buildConfig":{"runtime":"nodejs18","entryPoint":"helloWorld","source":{"storageSource":{"bucket":"gcf-v2-sources-167393207418-us-central1","object":"helloWorld/function-source.zip","generation":"1691998959660733"}},"environmentVariables":{"GOOGLE_NODE_RUN_SCRIPTS":""}},"serviceConfig":{"service":"projects/lifemap-8a767/locations/us-central1/services/helloworld","timeoutSeconds":60,"environmentVariables":{"FIREBASE_CONFIG":"{\"projectId\":\"lifemap-8a767\",\"storageBucket\":\"lifemap-8a767.appspot.com\"}","GCLOUD_PROJECT":"lifemap-8a767","EVENTARC_CLOUD_EVENT_SOURCE":"projects/lifemap-8a767/locations/us-central1/services/helloWorld"},"maxInstanceCount":100,"ingressSettings":"ALLOW_ALL","serviceAccountEmail":"167393207418-compute@developer.gserviceaccount.com","availableMemory":"256Mi","maxInstanceRequestConcurrency":80,"availableCpu":"1"},"labels":{"deployment-tool":"cli-firebase","firebase-functions-hash":"ac7ec42870c6c310d84914ab2d04b422dc37ddbb"},"environment":"GEN_2"},"stages":[{"name":"BUILD","message":"Build in progress","state":"IN_PROGRESS","resource":"projects/167393207418/locations/us-central1/builds/76a9e9df-67a2-4b06-a434-e813cf21405e","resourceUri":"https://console.cloud.google.com/cloud-build/builds;region=us-central1/76a9e9df-67a2-4b06-a434-e813cf21405e?project=167393207418"},{"name":"SERVICE","state":"NOT_STARTED"}]},"done":false}
[debug] [2023-08-14T07:43:30.705Z] [update-default-us-central1-generateAuthenticationToken] Retrying task index 0
[debug] [2023-08-14T07:43:30.706Z] >>> [apiv2][query] GET https://cloudfunctions.googleapis.com/v1/operations/bGlmZW1hcC04YTc2Ny91cy1jZW50cmFsMS9nZW5lcmF0ZUF1dGhlbnRpY2F0aW9uVG9rZW4vX0luQ2szY1ZEeDg [none]
[debug] [2023-08-14T07:43:31.357Z] <<< [apiv2][status] GET https://cloudfunctions.googleapis.com/v1/operations/bGlmZW1hcC04YTc2Ny91cy1jZW50cmFsMS9nZW5lcmF0ZUF1dGhlbnRpY2F0aW9uVG9rZW4vX0luQ2szY1ZEeDg 200
[debug] [2023-08-14T07:43:31.357Z] <<< [apiv2][body] GET https://cloudfunctions.googleapis.com/v1/operations/bGlmZW1hcC04YTc2Ny91cy1jZW50cmFsMS9nZW5lcmF0ZUF1dGhlbnRpY2F0aW9uVG9rZW4vX0luQ2szY1ZEeDg {"name":"operations/bGlmZW1hcC04YTc2Ny91cy1jZW50cmFsMS9nZW5lcmF0ZUF1dGhlbnRpY2F0aW9uVG9rZW4vX0luQ2szY1ZEeDg","metadata":{"@type":"type.googleapis.com/google.cloud.functions.v1.OperationMetadataV1","target":"projects/lifemap-8a767/locations/us-central1/functions/generateAuthenticationToken","type":"UPDATE_FUNCTION","request":{"@type":"type.googleapis.com/google.cloud.functions.v1.CloudFunction","name":"projects/lifemap-8a767/locations/us-central1/functions/generateAuthenticationToken","httpsTrigger":{"url":"https://us-central1-lifemap-8a767.cloudfunctions.net/generateAuthenticationToken","securityLevel":"SECURE_ALWAYS"},"status":"ACTIVE","entryPoint":"generateAuthenticationToken","updateTime":"2023-08-10T05:45:46.401Z","versionId":"2","labels":{"deployment-tool":"cli-firebase","deployment-callable":"true","firebase-functions-hash":"f9416db71e385296c15a6e9a9e0bef894301ef3e"},"sourceUploadUrl":"https://storage.googleapis.com/uploads-22451103926.us-central1.cloudfunctions.appspot.com/8b8aa740-92ac-407a-9552-b5e485f922c4.zip?GoogleAccessId=service-167393207418@gcf-admin-robot.iam.gserviceaccount.com&Expires=1692000755&Signature=dQ%2F3DKiJ%2Bm0atT7MJ9kxiDYM6PywXNLeu25qPgSNtRYgUXxu853gElWyEkCVHl%2FgRMSYSRwDKoLe3qZruF%2BfEA0tJxianSgYAzHZNhfUjm3%2FB5mf2e72pNFQ%2FnMV%2B%2Fjrcl1vl90cgYS0PwkZmNuduqnuXo9Nye%2BZhvP3NEAY9yKQGFpWKaH4WzZr0uF7aQTKgcGNu1QpnzhLkIiCUq%2BYYWI2v4JLT1%2FKfZrk004ymuiJJQVjdAbj9HbBHWs2sR%2BYm15Qvj8dl2IX0jT2EDpeuJOTtR%2B0U7lQhp4kJS4CpWhMXvbVxGB66ixgYAvi0%2FfF%2BQdCyRhOZcCEqYYnPGjKgw%3D%3D","environmentVariables":{"FIREBASE_CONFIG":"{\"projectId\":\"lifemap-8a767\",\"storageBucket\":\"lifemap-8a767.appspot.com\"}","GCLOUD_PROJECT":"lifemap-8a767","EVENTARC_CLOUD_EVENT_SOURCE":"projects/lifemap-8a767/locations/us-central1/functions/generateAuthenticationToken"},"runtime":"nodejs18","buildId":"af88fdda-45c1-4f15-a09a-7597195123a4","buildEnvironmentVariables":{"GOOGLE_NODE_RUN_SCRIPTS":""},"buildName":"projects/167393207418/locations/us-central1/builds/af88fdda-45c1-4f15-a09a-7597195123a4","dockerRegistry":"ARTIFACT_REGISTRY"},"versionId":"3","updateTime":"2023-08-14T07:43:30Z","buildId":"f20e6567-8214-4f53-bf00-aa9d1794f996","sourceToken":"b55ce642-2a52-4ae9-a4ca-b511581c7904","buildName":"projects/167393207418/locations/us-central1/builds/f20e6567-8214-4f53-bf00-aa9d1794f996"},"done":true,"response":{"@type":"type.googleapis.com/google.cloud.functions.v1.CloudFunction","name":"projects/lifemap-8a767/locations/us-central1/functions/generateAuthenticationToken","httpsTrigger":{"url":"https://us-central1-lifemap-8a767.cloudfunctions.net/generateAuthenticationToken","securityLevel":"SECURE_ALWAYS"},"status":"ACTIVE","entryPoint":"generateAuthenticationToken","timeout":"60s","availableMemoryMb":256,"serviceAccountEmail":"lifemap-8a767@appspot.gserviceaccount.com","updateTime":"2023-08-14T07:43:30.645Z","versionId":"3","labels":{"deployment-tool":"cli-firebase","deployment-callable":"true","firebase-functions-hash":"f9416db71e385296c15a6e9a9e0bef894301ef3e"},"sourceUploadUrl":"https://storage.googleapis.com/uploads-22451103926.us-central1.cloudfunctions.appspot.com/8b8aa740-92ac-407a-9552-b5e485f922c4.zip","environmentVariables":{"FIREBASE_CONFIG":"{\"projectId\":\"lifemap-8a767\",\"storageBucket\":\"lifemap-8a767.appspot.com\"}","GCLOUD_PROJECT":"lifemap-8a767","EVENTARC_CLOUD_EVENT_SOURCE":"projects/lifemap-8a767/locations/us-central1/functions/generateAuthenticationToken"},"runtime":"nodejs18","ingressSettings":"ALLOW_ALL","buildId":"f20e6567-8214-4f53-bf00-aa9d1794f996","buildEnvironmentVariables":{"GOOGLE_NODE_RUN_SCRIPTS":""},"buildName":"projects/167393207418/locations/us-central1/builds/f20e6567-8214-4f53-bf00-aa9d1794f996","dockerRegistry":"ARTIFACT_REGISTRY"}}
[debug] [2023-08-14T07:43:31.357Z] Got source token b55ce642-2a52-4ae9-a4ca-b511581c7904 for region us-central1
[info] ✔  functions[generateAuthenticationToken(us-central1)] Successful update operation. 
[debug] [2023-08-14T07:43:37.021Z] [create-default-us-central1-helloWorld] Retrying task index 0
[debug] [2023-08-14T07:43:37.021Z] >>> [apiv2][query] GET https://cloudfunctions.googleapis.com/v2/projects/lifemap-8a767/locations/us-central1/operations/operation-1691998958997-602dd34e94fe1-ce9d4757-7b697337 [none]
[debug] [2023-08-14T07:43:37.916Z] <<< [apiv2][status] GET https://cloudfunctions.googleapis.com/v2/projects/lifemap-8a767/locations/us-central1/operations/operation-1691998958997-602dd34e94fe1-ce9d4757-7b697337 200
[debug] [2023-08-14T07:43:37.916Z] <<< [apiv2][body] GET https://cloudfunctions.googleapis.com/v2/projects/lifemap-8a767/locations/us-central1/operations/operation-1691998958997-602dd34e94fe1-ce9d4757-7b697337 {"name":"projects/lifemap-8a767/locations/us-central1/operations/operation-1691998958997-602dd34e94fe1-ce9d4757-7b697337","metadata":{"@type":"type.googleapis.com/google.cloud.functions.v2.OperationMetadata","createTime":"2023-08-14T07:42:39.911157749Z","target":"projects/lifemap-8a767/locations/us-central1/functions/helloWorld","verb":"create","cancelRequested":false,"apiVersion":"v2","requestResource":{"@type":"type.googleapis.com/google.cloud.functions.v2.Function","name":"projects/lifemap-8a767/locations/us-central1/functions/helloWorld","buildConfig":{"runtime":"nodejs18","entryPoint":"helloWorld","source":{"storageSource":{"bucket":"gcf-v2-sources-167393207418-us-central1","object":"helloWorld/function-source.zip","generation":"1691998959660733"}},"environmentVariables":{"GOOGLE_NODE_RUN_SCRIPTS":""}},"serviceConfig":{"service":"projects/lifemap-8a767/locations/us-central1/services/helloworld","timeoutSeconds":60,"environmentVariables":{"FIREBASE_CONFIG":"{\"projectId\":\"lifemap-8a767\",\"storageBucket\":\"lifemap-8a767.appspot.com\"}","GCLOUD_PROJECT":"lifemap-8a767","EVENTARC_CLOUD_EVENT_SOURCE":"projects/lifemap-8a767/locations/us-central1/services/helloWorld"},"maxInstanceCount":100,"ingressSettings":"ALLOW_ALL","serviceAccountEmail":"167393207418-compute@developer.gserviceaccount.com","availableMemory":"256Mi","maxInstanceRequestConcurrency":80,"availableCpu":"1"},"labels":{"deployment-tool":"cli-firebase","firebase-functions-hash":"ac7ec42870c6c310d84914ab2d04b422dc37ddbb"},"environment":"GEN_2"},"stages":[{"name":"BUILD","message":"Build finished","state":"COMPLETE","resource":"projects/167393207418/locations/us-central1/builds/76a9e9df-67a2-4b06-a434-e813cf21405e","resourceUri":"https://console.cloud.google.com/cloud-build/builds;region=us-central1/76a9e9df-67a2-4b06-a434-e813cf21405e?project=167393207418"},{"name":"SERVICE","message":"Creating Cloud Run service","state":"IN_PROGRESS","resource":"projects/lifemap-8a767/locations/us-central1/services/helloworld","resourceUri":"https://console.cloud.google.com/run/detail/us-central1/helloworld?project=lifemap-8a767"}],"sourceToken":"Cldwcm9qZWN0cy8xNjczOTMyMDc0MTgvbG9jYXRpb25zL3VzLWNlbnRyYWwxL2J1aWxkcy83NmE5ZTlkZi02N2EyLTRiMDYtYTQzNC1lODEzY2YyMTQwNWUSTHVzLWNlbnRyYWwxLWRvY2tlci5wa2cuZGV2L2xpZmVtYXAtOGE3NjcvZ2NmLWFydGlmYWN0cy9oZWxsb193b3JsZDp2ZXJzaW9uXzEY+simy+8EIkFwcm9qZWN0cy9saWZlbWFwLThhNzY3L2xvY2F0aW9ucy91cy1jZW50cmFsMS9mdW5jdGlvbnMvaGVsbG9Xb3JsZCoMCKa256YGEIjvpOYBMghub2RlanMxOA=="},"done":false}
[debug] [2023-08-14T07:43:47.917Z] [create-default-us-central1-helloWorld] Retrying task index 0
[debug] [2023-08-14T07:43:47.919Z] >>> [apiv2][query] GET https://cloudfunctions.googleapis.com/v2/projects/lifemap-8a767/locations/us-central1/operations/operation-1691998958997-602dd34e94fe1-ce9d4757-7b697337 [none]
[debug] [2023-08-14T07:43:48.535Z] <<< [apiv2][status] GET https://cloudfunctions.googleapis.com/v2/projects/lifemap-8a767/locations/us-central1/operations/operation-1691998958997-602dd34e94fe1-ce9d4757-7b697337 200
[debug] [2023-08-14T07:43:48.535Z] <<< [apiv2][body] GET https://cloudfunctions.googleapis.com/v2/projects/lifemap-8a767/locations/us-central1/operations/operation-1691998958997-602dd34e94fe1-ce9d4757-7b697337 {"name":"projects/lifemap-8a767/locations/us-central1/operations/operation-1691998958997-602dd34e94fe1-ce9d4757-7b697337","metadata":{"@type":"type.googleapis.com/google.cloud.functions.v2.OperationMetadata","createTime":"2023-08-14T07:42:39.911157749Z","target":"projects/lifemap-8a767/locations/us-central1/functions/helloWorld","verb":"create","cancelRequested":false,"apiVersion":"v2","requestResource":{"@type":"type.googleapis.com/google.cloud.functions.v2.Function","name":"projects/lifemap-8a767/locations/us-central1/functions/helloWorld","buildConfig":{"runtime":"nodejs18","entryPoint":"helloWorld","source":{"storageSource":{"bucket":"gcf-v2-sources-167393207418-us-central1","object":"helloWorld/function-source.zip","generation":"1691998959660733"}},"environmentVariables":{"GOOGLE_NODE_RUN_SCRIPTS":""}},"serviceConfig":{"service":"projects/lifemap-8a767/locations/us-central1/services/helloworld","timeoutSeconds":60,"environmentVariables":{"FIREBASE_CONFIG":"{\"projectId\":\"lifemap-8a767\",\"storageBucket\":\"lifemap-8a767.appspot.com\"}","GCLOUD_PROJECT":"lifemap-8a767","EVENTARC_CLOUD_EVENT_SOURCE":"projects/lifemap-8a767/locations/us-central1/services/helloWorld"},"maxInstanceCount":100,"ingressSettings":"ALLOW_ALL","serviceAccountEmail":"167393207418-compute@developer.gserviceaccount.com","availableMemory":"256Mi","maxInstanceRequestConcurrency":80,"availableCpu":"1"},"labels":{"deployment-tool":"cli-firebase","firebase-functions-hash":"ac7ec42870c6c310d84914ab2d04b422dc37ddbb"},"environment":"GEN_2"},"stages":[{"name":"BUILD","message":"Build finished","state":"COMPLETE","resource":"projects/167393207418/locations/us-central1/builds/76a9e9df-67a2-4b06-a434-e813cf21405e","resourceUri":"https://console.cloud.google.com/cloud-build/builds;region=us-central1/76a9e9df-67a2-4b06-a434-e813cf21405e?project=167393207418"},{"name":"SERVICE","message":"Creating Cloud Run service","state":"IN_PROGRESS","resource":"projects/lifemap-8a767/locations/us-central1/services/helloworld","resourceUri":"https://console.cloud.google.com/run/detail/us-central1/helloworld?project=lifemap-8a767"}],"sourceToken":"Cldwcm9qZWN0cy8xNjczOTMyMDc0MTgvbG9jYXRpb25zL3VzLWNlbnRyYWwxL2J1aWxkcy83NmE5ZTlkZi02N2EyLTRiMDYtYTQzNC1lODEzY2YyMTQwNWUSTHVzLWNlbnRyYWwxLWRvY2tlci5wa2cuZGV2L2xpZmVtYXAtOGE3NjcvZ2NmLWFydGlmYWN0cy9oZWxsb193b3JsZDp2ZXJzaW9uXzEY+simy+8EIkFwcm9qZWN0cy9saWZlbWFwLThhNzY3L2xvY2F0aW9ucy91cy1jZW50cmFsMS9mdW5jdGlvbnMvaGVsbG9Xb3JsZCoMCKa256YGEIjvpOYBMghub2RlanMxOA=="},"done":false}
[debug] [2023-08-14T07:43:58.537Z] [create-default-us-central1-helloWorld] Retrying task index 0
[debug] [2023-08-14T07:43:58.540Z] >>> [apiv2][query] GET https://cloudfunctions.googleapis.com/v2/projects/lifemap-8a767/locations/us-central1/operations/operation-1691998958997-602dd34e94fe1-ce9d4757-7b697337 [none]
[debug] [2023-08-14T07:44:00.139Z] <<< [apiv2][status] GET https://cloudfunctions.googleapis.com/v2/projects/lifemap-8a767/locations/us-central1/operations/operation-1691998958997-602dd34e94fe1-ce9d4757-7b697337 200
[debug] [2023-08-14T07:44:00.139Z] <<< [apiv2][body] GET https://cloudfunctions.googleapis.com/v2/projects/lifemap-8a767/locations/us-central1/operations/operation-1691998958997-602dd34e94fe1-ce9d4757-7b697337 {"name":"projects/lifemap-8a767/locations/us-central1/operations/operation-1691998958997-602dd34e94fe1-ce9d4757-7b697337","metadata":{"@type":"type.googleapis.com/google.cloud.functions.v2.OperationMetadata","createTime":"2023-08-14T07:42:39.911157749Z","target":"projects/lifemap-8a767/locations/us-central1/functions/helloWorld","verb":"create","cancelRequested":false,"apiVersion":"v2","requestResource":{"@type":"type.googleapis.com/google.cloud.functions.v2.Function","name":"projects/lifemap-8a767/locations/us-central1/functions/helloWorld","buildConfig":{"runtime":"nodejs18","entryPoint":"helloWorld","source":{"storageSource":{"bucket":"gcf-v2-sources-167393207418-us-central1","object":"helloWorld/function-source.zip","generation":"1691998959660733"}},"environmentVariables":{"GOOGLE_NODE_RUN_SCRIPTS":""}},"serviceConfig":{"service":"projects/lifemap-8a767/locations/us-central1/services/helloworld","timeoutSeconds":60,"environmentVariables":{"FIREBASE_CONFIG":"{\"projectId\":\"lifemap-8a767\",\"storageBucket\":\"lifemap-8a767.appspot.com\"}","GCLOUD_PROJECT":"lifemap-8a767","EVENTARC_CLOUD_EVENT_SOURCE":"projects/lifemap-8a767/locations/us-central1/services/helloWorld"},"maxInstanceCount":100,"ingressSettings":"ALLOW_ALL","serviceAccountEmail":"167393207418-compute@developer.gserviceaccount.com","availableMemory":"256Mi","maxInstanceRequestConcurrency":80,"availableCpu":"1"},"labels":{"deployment-tool":"cli-firebase","firebase-functions-hash":"ac7ec42870c6c310d84914ab2d04b422dc37ddbb"},"environment":"GEN_2"},"stages":[{"name":"BUILD","message":"Build finished","state":"COMPLETE","resource":"projects/167393207418/locations/us-central1/builds/76a9e9df-67a2-4b06-a434-e813cf21405e","resourceUri":"https://console.cloud.google.com/cloud-build/builds;region=us-central1/76a9e9df-67a2-4b06-a434-e813cf21405e?project=167393207418"},{"name":"SERVICE","message":"Creating Cloud Run service","state":"IN_PROGRESS","resource":"projects/lifemap-8a767/locations/us-central1/services/helloworld","resourceUri":"https://console.cloud.google.com/run/detail/us-central1/helloworld?project=lifemap-8a767"}],"sourceToken":"Cldwcm9qZWN0cy8xNjczOTMyMDc0MTgvbG9jYXRpb25zL3VzLWNlbnRyYWwxL2J1aWxkcy83NmE5ZTlkZi02N2EyLTRiMDYtYTQzNC1lODEzY2YyMTQwNWUSTHVzLWNlbnRyYWwxLWRvY2tlci5wa2cuZGV2L2xpZmVtYXAtOGE3NjcvZ2NmLWFydGlmYWN0cy9oZWxsb193b3JsZDp2ZXJzaW9uXzEY+simy+8EIkFwcm9qZWN0cy9saWZlbWFwLThhNzY3L2xvY2F0aW9ucy91cy1jZW50cmFsMS9mdW5jdGlvbnMvaGVsbG9Xb3JsZCoMCKa256YGEIjvpOYBMghub2RlanMxOA=="},"done":false}
[debug] [2023-08-14T07:44:10.140Z] [create-default-us-central1-helloWorld] Retrying task index 0
[debug] [2023-08-14T07:44:10.141Z] >>> [apiv2][query] GET https://cloudfunctions.googleapis.com/v2/projects/lifemap-8a767/locations/us-central1/operations/operation-1691998958997-602dd34e94fe1-ce9d4757-7b697337 [none]
[debug] [2023-08-14T07:44:11.777Z] <<< [apiv2][status] GET https://cloudfunctions.googleapis.com/v2/projects/lifemap-8a767/locations/us-central1/operations/operation-1691998958997-602dd34e94fe1-ce9d4757-7b697337 200
[debug] [2023-08-14T07:44:11.777Z] <<< [apiv2][body] GET https://cloudfunctions.googleapis.com/v2/projects/lifemap-8a767/locations/us-central1/operations/operation-1691998958997-602dd34e94fe1-ce9d4757-7b697337 {"name":"projects/lifemap-8a767/locations/us-central1/operations/operation-1691998958997-602dd34e94fe1-ce9d4757-7b697337","metadata":{"@type":"type.googleapis.com/google.cloud.functions.v2.OperationMetadata","createTime":"2023-08-14T07:42:39.911157749Z","target":"projects/lifemap-8a767/locations/us-central1/functions/helloWorld","verb":"create","cancelRequested":false,"apiVersion":"v2","requestResource":{"@type":"type.googleapis.com/google.cloud.functions.v2.Function","name":"projects/lifemap-8a767/locations/us-central1/functions/helloWorld","buildConfig":{"runtime":"nodejs18","entryPoint":"helloWorld","source":{"storageSource":{"bucket":"gcf-v2-sources-167393207418-us-central1","object":"helloWorld/function-source.zip","generation":"1691998959660733"}},"environmentVariables":{"GOOGLE_NODE_RUN_SCRIPTS":""}},"serviceConfig":{"service":"projects/lifemap-8a767/locations/us-central1/services/helloworld","timeoutSeconds":60,"environmentVariables":{"FIREBASE_CONFIG":"{\"projectId\":\"lifemap-8a767\",\"storageBucket\":\"lifemap-8a767.appspot.com\"}","GCLOUD_PROJECT":"lifemap-8a767","EVENTARC_CLOUD_EVENT_SOURCE":"projects/lifemap-8a767/locations/us-central1/services/helloWorld"},"maxInstanceCount":100,"ingressSettings":"ALLOW_ALL","serviceAccountEmail":"167393207418-compute@developer.gserviceaccount.com","availableMemory":"256Mi","maxInstanceRequestConcurrency":80,"availableCpu":"1"},"labels":{"deployment-tool":"cli-firebase","firebase-functions-hash":"ac7ec42870c6c310d84914ab2d04b422dc37ddbb"},"environment":"GEN_2"},"stages":[{"name":"BUILD","message":"Build finished","state":"COMPLETE","resource":"projects/167393207418/locations/us-central1/builds/76a9e9df-67a2-4b06-a434-e813cf21405e","resourceUri":"https://console.cloud.google.com/cloud-build/builds;region=us-central1/76a9e9df-67a2-4b06-a434-e813cf21405e?project=167393207418"},{"name":"SERVICE","message":"Creating Cloud Run service","state":"IN_PROGRESS","resource":"projects/lifemap-8a767/locations/us-central1/services/helloworld","resourceUri":"https://console.cloud.google.com/run/detail/us-central1/helloworld?project=lifemap-8a767"}],"sourceToken":"Cldwcm9qZWN0cy8xNjczOTMyMDc0MTgvbG9jYXRpb25zL3VzLWNlbnRyYWwxL2J1aWxkcy83NmE5ZTlkZi02N2EyLTRiMDYtYTQzNC1lODEzY2YyMTQwNWUSTHVzLWNlbnRyYWwxLWRvY2tlci5wa2cuZGV2L2xpZmVtYXAtOGE3NjcvZ2NmLWFydGlmYWN0cy9oZWxsb193b3JsZDp2ZXJzaW9uXzEY+simy+8EIkFwcm9qZWN0cy9saWZlbWFwLThhNzY3L2xvY2F0aW9ucy91cy1jZW50cmFsMS9mdW5jdGlvbnMvaGVsbG9Xb3JsZCoMCKa256YGEIjvpOYBMghub2RlanMxOA=="},"done":false}
